TN:
SF:src\config.js
FNF:0
FNH:0
DA:7,0
DA:10,0
DA:74,0
DA:75,0
DA:81,0
DA:82,0
DA:88,0
DA:89,0
DA:101,0
LF:9
LH:0
BRDA:12,0,0,0
BRDA:12,0,1,0
BRDA:38,1,0,0
BRDA:38,1,1,0
BRDA:47,2,0,0
BRDA:47,2,1,0
BRDA:74,3,0,0
BRDA:74,3,1,0
BRDA:81,4,0,0
BRDA:81,4,1,0
BRDA:88,5,0,0
BRDA:88,5,1,0
BRF:12
BRH:0
end_of_record
TN:
SF:src\cli\feedback.js
FN:56,main
FNF:1
FNH:0
FNDA:0,main
DA:8,0
DA:9,0
DA:12,0
DA:13,0
DA:14,0
DA:17,0
DA:18,0
DA:21,0
DA:24,0
DA:25,0
DA:28,0
DA:57,0
DA:58,0
DA:59,0
DA:62,0
DA:64,0
DA:65,0
DA:67,0
DA:68,0
DA:69,0
DA:70,0
DA:73,0
DA:74,0
DA:76,0
DA:77,0
DA:78,0
DA:79,0
DA:81,0
DA:82,0
DA:83,0
DA:86,0
DA:87,0
DA:88,0
DA:89,0
DA:90,0
DA:94,0
DA:96,0
DA:99,0
DA:101,0
DA:105,0
DA:107,0
DA:108,0
DA:109,0
DA:110,0
DA:113,0
DA:115,0
DA:116,0
DA:117,0
DA:118,0
DA:119,0
DA:120,0
DA:122,0
DA:123,0
DA:124,0
DA:127,0
DA:128,0
DA:129,0
DA:131,0
DA:134,0
DA:136,0
DA:140,0
DA:142,0
DA:143,0
DA:144,0
DA:145,0
DA:148,0
DA:150,0
DA:151,0
DA:152,0
DA:153,0
DA:154,0
DA:155,0
DA:157,0
DA:160,0
DA:162,0
DA:166,0
DA:168,0
DA:169,0
DA:170,0
DA:171,0
DA:174,0
DA:176,0
DA:177,0
DA:178,0
DA:179,0
DA:180,0
DA:181,0
DA:183,0
DA:186,0
DA:188,0
DA:192,0
DA:193,0
DA:195,0
DA:196,0
DA:197,0
DA:198,0
DA:201,0
DA:203,0
DA:204,0
DA:205,0
DA:206,0
DA:207,0
DA:208,0
DA:210,0
DA:213,0
DA:216,0
DA:218,0
DA:222,0
DA:224,0
DA:225,0
DA:226,0
DA:227,0
DA:230,0
DA:232,0
DA:233,0
DA:234,0
DA:235,0
DA:236,0
DA:239,0
DA:240,0
DA:241,0
DA:242,0
DA:243,0
DA:244,0
DA:246,0
DA:251,0
DA:254,0
DA:256,0
DA:260,0
DA:261,0
DA:263,0
DA:264,0
DA:265,0
DA:266,0
DA:269,0
DA:271,0
DA:272,0
DA:273,0
DA:274,0
DA:275,0
DA:277,0
DA:280,0
DA:282,0
DA:286,0
DA:287,0
DA:289,0
DA:290,0
DA:291,0
DA:292,0
DA:295,0
DA:297,0
DA:298,0
DA:299,0
DA:300,0
DA:301,0
DA:303,0
DA:306,0
DA:308,0
DA:312,0
DA:314,0
DA:315,0
DA:316,0
DA:317,0
DA:320,0
DA:322,0
DA:323,0
DA:324,0
DA:325,0
DA:327,0
DA:330,0
DA:332,0
DA:336,0
DA:337,0
DA:339,0
DA:340,0
DA:341,0
DA:342,0
DA:345,0
DA:347,0
DA:348,0
DA:349,0
DA:350,0
DA:352,0
DA:355,0
DA:357,0
DA:361,0
DA:362,0
DA:363,0
DA:368,0
LF:189
LH:0
BRDA:57,0,0,0
BRDA:57,0,1,0
BRDA:57,1,0,0
BRDA:57,1,1,0
BRDA:62,2,0,0
BRDA:62,2,1,0
BRDA:62,2,2,0
BRDA:62,2,3,0
BRDA:62,2,4,0
BRDA:62,2,5,0
BRDA:62,2,6,0
BRDA:62,2,7,0
BRDA:62,2,8,0
BRDA:62,2,9,0
BRDA:62,2,10,0
BRDA:65,3,0,0
BRDA:65,3,1,0
BRDA:67,4,0,0
BRDA:67,4,1,0
BRDA:78,5,0,0
BRDA:78,5,1,0
BRDA:82,6,0,0
BRDA:82,6,1,0
BRDA:87,7,0,0
BRDA:87,7,1,0
BRDA:87,8,0,0
BRDA:87,8,1,0
BRDA:107,9,0,0
BRDA:107,9,1,0
BRDA:117,10,0,0
BRDA:117,10,1,0
BRDA:118,11,0,0
BRDA:118,11,1,0
BRDA:120,12,0,0
BRDA:120,12,1,0
BRDA:123,13,0,0
BRDA:123,13,1,0
BRDA:127,14,0,0
BRDA:127,14,1,0
BRDA:142,15,0,0
BRDA:142,15,1,0
BRDA:152,16,0,0
BRDA:152,16,1,0
BRDA:168,17,0,0
BRDA:168,17,1,0
BRDA:178,18,0,0
BRDA:178,18,1,0
BRDA:195,19,0,0
BRDA:195,19,1,0
BRDA:205,20,0,0
BRDA:205,20,1,0
BRDA:206,21,0,0
BRDA:206,21,1,0
BRDA:224,22,0,0
BRDA:224,22,1,0
BRDA:234,23,0,0
BRDA:234,23,1,0
BRDA:240,24,0,0
BRDA:240,24,1,0
BRDA:240,25,0,0
BRDA:240,25,1,0
BRDA:243,26,0,0
BRDA:243,26,1,0
BRDA:246,27,0,0
BRDA:246,27,1,0
BRDA:246,28,0,0
BRDA:246,28,1,0
BRDA:263,29,0,0
BRDA:263,29,1,0
BRDA:263,30,0,0
BRDA:263,30,1,0
BRDA:273,31,0,0
BRDA:273,31,1,0
BRDA:289,32,0,0
BRDA:289,32,1,0
BRDA:289,33,0,0
BRDA:289,33,1,0
BRDA:299,34,0,0
BRDA:299,34,1,0
BRDA:314,35,0,0
BRDA:314,35,1,0
BRDA:324,36,0,0
BRDA:324,36,1,0
BRDA:339,37,0,0
BRDA:339,37,1,0
BRDA:339,38,0,0
BRDA:339,38,1,0
BRDA:349,39,0,0
BRDA:349,39,1,0
BRF:89
BRH:0
end_of_record
TN:
SF:src\cli\integration.js
FN:30,(anonymous_0)
FN:41,(anonymous_1)
FN:48,(anonymous_2)
FN:55,(anonymous_3)
FN:87,(anonymous_4)
FN:103,(anonymous_5)
FN:114,(anonymous_6)
FN:122,(anonymous_7)
FN:150,executeCommand
FN:201,initializeWorkflow
FN:220,startSession
FN:242,endSession
FN:279,createTask
FN:294,(anonymous_13)
FN:295,(anonymous_14)
FN:322,updateTask
FN:344,collectFeedback
FN:391,resolveFeedback
FN:412,syncComponents
FN:429,generateReport
FN:457,getWorkflowStatus
FN:475,(anonymous_21)
FN:476,(anonymous_22)
FN:477,(anonymous_23)
FN:478,(anonymous_24)
FN:488,(anonymous_25)
FN:523,startInteractiveMode
FN:535,(anonymous_27)
FN:642,(anonymous_28)
FN:647,(anonymous_29)
FN:653,main
FNF:31
FNH:0
FNDA:0,(anonymous_0)
FNDA:0,(anonymous_1)
FNDA:0,(anonymous_2)
FNDA:0,(anonymous_3)
FNDA:0,(anonymous_4)
FNDA:0,(anonymous_5)
FNDA:0,(anonymous_6)
FNDA:0,(anonymous_7)
FNDA:0,executeCommand
FNDA:0,initializeWorkflow
FNDA:0,startSession
FNDA:0,endSession
FNDA:0,createTask
FNDA:0,(anonymous_13)
FNDA:0,(anonymous_14)
FNDA:0,updateTask
FNDA:0,collectFeedback
FNDA:0,resolveFeedback
FNDA:0,syncComponents
FNDA:0,generateReport
FNDA:0,getWorkflowStatus
FNDA:0,(anonymous_21)
FNDA:0,(anonymous_22)
FNDA:0,(anonymous_23)
FNDA:0,(anonymous_24)
FNDA:0,(anonymous_25)
FNDA:0,startInteractiveMode
FNDA:0,(anonymous_27)
FNDA:0,(anonymous_28)
FNDA:0,(anonymous_29)
FNDA:0,main
DA:8,0
DA:9,0
DA:10,0
DA:11,0
DA:12,0
DA:13,0
DA:16,0
DA:17,0
DA:18,0
DA:21,0
DA:22,0
DA:25,0
DA:28,0
DA:31,0
DA:42,0
DA:49,0
DA:56,0
DA:88,0
DA:104,0
DA:115,0
DA:123,0
DA:151,0
DA:152,0
DA:154,0
DA:157,0
DA:160,0
DA:163,0
DA:166,0
DA:169,0
DA:172,0
DA:175,0
DA:178,0
DA:181,0
DA:184,0
DA:187,0
DA:188,0
DA:191,0
DA:192,0
DA:202,0
DA:204,0
DA:206,0
DA:207,0
DA:208,0
DA:211,0
DA:212,0
DA:213,0
DA:221,0
DA:223,0
DA:225,0
DA:226,0
DA:227,0
DA:230,0
DA:231,0
DA:233,0
DA:234,0
DA:243,0
DA:246,0
DA:247,0
DA:248,0
DA:249,0
DA:250,0
DA:252,0
DA:253,0
DA:257,0
DA:259,0
DA:260,0
DA:261,0
DA:264,0
DA:265,0
DA:268,0
DA:269,0
DA:270,0
DA:280,0
DA:283,0
DA:293,0
DA:294,0
DA:295,0
DA:301,0
DA:303,0
DA:304,0
DA:305,0
DA:308,0
DA:309,0
DA:310,0
DA:311,0
DA:312,0
DA:313,0
DA:323,0
DA:325,0
DA:327,0
DA:328,0
DA:329,0
DA:332,0
DA:333,0
DA:334,0
DA:335,0
DA:336,0
DA:345,0
DA:346,0
DA:348,0
DA:350,0
DA:351,0
DA:352,0
DA:355,0
DA:356,0
DA:358,0
DA:359,0
DA:361,0
DA:362,0
DA:363,0
DA:367,0
DA:368,0
DA:369,0
DA:370,0
DA:375,0
DA:376,0
DA:377,0
DA:378,0
DA:379,0
DA:381,0
DA:392,0
DA:394,0
DA:396,0
DA:397,0
DA:398,0
DA:401,0
DA:402,0
DA:403,0
DA:405,0
DA:406,0
DA:413,0
DA:415,0
DA:417,0
DA:418,0
DA:420,0
DA:430,0
DA:432,0
DA:437,0
DA:439,0
DA:440,0
DA:441,0
DA:445,0
DA:446,0
DA:447,0
DA:450,0
DA:458,0
DA:461,0
DA:462,0
DA:463,0
DA:466,0
DA:467,0
DA:468,0
DA:470,0
DA:471,0
DA:472,0
DA:474,0
DA:475,0
DA:476,0
DA:477,0
DA:478,0
DA:481,0
DA:482,0
DA:483,0
DA:484,0
DA:485,0
DA:487,0
DA:488,0
DA:489,0
DA:490,0
DA:491,0
DA:492,0
DA:496,0
DA:500,0
DA:501,0
DA:502,0
DA:504,0
DA:505,0
DA:506,0
DA:507,0
DA:509,0
DA:510,0
DA:513,0
DA:516,0
DA:524,0
DA:525,0
DA:527,0
DA:533,0
DA:535,0
DA:536,0
DA:538,0
DA:539,0
DA:540,0
DA:543,0
DA:544,0
DA:546,0
DA:547,0
DA:549,0
DA:550,0
DA:551,0
DA:552,0
DA:553,0
DA:554,0
DA:555,0
DA:556,0
DA:557,0
DA:558,0
DA:559,0
DA:560,0
DA:561,0
DA:564,0
DA:565,0
DA:568,0
DA:569,0
DA:570,0
DA:572,0
DA:573,0
DA:576,0
DA:577,0
DA:580,0
DA:581,0
DA:584,0
DA:585,0
DA:586,0
DA:588,0
DA:593,0
DA:596,0
DA:597,0
DA:598,0
DA:600,0
DA:601,0
DA:604,0
DA:605,0
DA:606,0
DA:608,0
DA:609,0
DA:612,0
DA:613,0
DA:614,0
DA:616,0
DA:617,0
DA:620,0
DA:621,0
DA:624,0
DA:625,0
DA:626,0
DA:628,0
DA:631,0
DA:634,0
DA:635,0
DA:638,0
DA:641,0
DA:643,0
DA:644,0
DA:647,0
DA:648,0
DA:654,0
DA:657,0
LF:257
LH:0
BRDA:152,0,0,0
BRDA:152,0,1,0
BRDA:152,0,2,0
BRDA:152,0,3,0
BRDA:152,0,4,0
BRDA:152,0,5,0
BRDA:152,0,6,0
BRDA:152,0,7,0
BRDA:152,0,8,0
BRDA:152,0,9,0
BRDA:152,0,10,0
BRDA:152,0,11,0
BRDA:206,1,0,0
BRDA:206,1,1,0
BRDA:225,2,0,0
BRDA:225,2,1,0
BRDA:233,3,0,0
BRDA:233,3,1,0
BRDA:246,4,0,0
BRDA:246,4,1,0
BRDA:249,5,0,0
BRDA:249,5,1,0
BRDA:259,6,0,0
BRDA:259,6,1,0
BRDA:293,7,0,0
BRDA:293,7,1,0
BRDA:303,8,0,0
BRDA:303,8,1,0
BRDA:327,9,0,0
BRDA:327,9,1,0
BRDA:350,10,0,0
BRDA:350,10,1,0
BRDA:359,11,0,0
BRDA:359,11,1,0
BRDA:361,12,0,0
BRDA:361,12,1,0
BRDA:367,13,0,0
BRDA:367,13,1,0
BRDA:367,14,0,0
BRDA:367,14,1,0
BRDA:375,15,0,0
BRDA:375,15,1,0
BRDA:375,16,0,0
BRDA:375,16,1,0
BRDA:378,17,0,0
BRDA:378,17,1,0
BRDA:381,18,0,0
BRDA:381,18,1,0
BRDA:396,19,0,0
BRDA:396,19,1,0
BRDA:406,20,0,0
BRDA:406,20,1,0
BRDA:417,21,0,0
BRDA:417,21,1,0
BRDA:433,22,0,0
BRDA:433,22,1,0
BRDA:434,23,0,0
BRDA:434,23,1,0
BRDA:439,24,0,0
BRDA:439,24,1,0
BRDA:439,25,0,0
BRDA:439,25,1,0
BRDA:445,26,0,0
BRDA:445,26,1,0
BRDA:487,27,0,0
BRDA:487,27,1,0
BRDA:489,28,0,0
BRDA:489,28,1,0
BRDA:504,29,0,0
BRDA:504,29,1,0
BRDA:509,30,0,0
BRDA:509,30,1,0
BRDA:538,31,0,0
BRDA:538,31,1,0
BRDA:538,32,0,0
BRDA:538,32,1,0
BRDA:547,33,0,0
BRDA:547,33,1,0
BRDA:547,33,2,0
BRDA:547,33,3,0
BRDA:547,33,4,0
BRDA:547,33,5,0
BRDA:547,33,6,0
BRDA:547,33,7,0
BRDA:547,33,8,0
BRDA:547,33,9,0
BRDA:547,33,10,0
BRDA:547,33,11,0
BRDA:568,34,0,0
BRDA:568,34,1,0
BRDA:584,35,0,0
BRDA:584,35,1,0
BRDA:596,36,0,0
BRDA:596,36,1,0
BRDA:600,37,0,0
BRDA:600,37,1,0
BRDA:604,38,0,0
BRDA:604,38,1,0
BRDA:612,39,0,0
BRDA:612,39,1,0
BRDA:624,40,0,0
BRDA:624,40,1,0
BRF:102
BRH:0
end_of_record
TN:
SF:src\cli\session.js
FN:55,main
FN:136,(anonymous_1)
FN:138,(anonymous_2)
FN:178,(anonymous_3)
FN:226,(anonymous_4)
FN:233,(anonymous_5)
FNF:6
FNH:0
FNDA:0,main
FNDA:0,(anonymous_1)
FNDA:0,(anonymous_2)
FNDA:0,(anonymous_3)
FNDA:0,(anonymous_4)
FNDA:0,(anonymous_5)
DA:8,0
DA:9,0
DA:10,0
DA:13,0
DA:14,0
DA:15,0
DA:18,0
DA:19,0
DA:22,0
DA:25,0
DA:26,0
DA:29,0
DA:56,0
DA:57,0
DA:58,0
DA:61,0
DA:63,0
DA:65,0
DA:66,0
DA:67,0
DA:70,0
DA:71,0
DA:72,0
DA:73,0
DA:74,0
DA:76,0
DA:77,0
DA:80,0
DA:81,0
DA:83,0
DA:87,0
DA:89,0
DA:91,0
DA:93,0
DA:94,0
DA:95,0
DA:96,0
DA:97,0
DA:99,0
DA:100,0
DA:104,0
DA:105,0
DA:106,0
DA:107,0
DA:110,0
DA:111,0
DA:112,0
DA:113,0
DA:116,0
DA:117,0
DA:119,0
DA:123,0
DA:125,0
DA:126,0
DA:128,0
DA:129,0
DA:130,0
DA:133,0
DA:136,0
DA:138,0
DA:139,0
DA:140,0
DA:141,0
DA:142,0
DA:143,0
DA:145,0
DA:146,0
DA:148,0
DA:151,0
DA:152,0
DA:154,0
DA:158,0
DA:160,0
DA:161,0
DA:163,0
DA:164,0
DA:165,0
DA:168,0
DA:169,0
DA:170,0
DA:172,0
DA:173,0
DA:176,0
DA:177,0
DA:178,0
DA:179,0
DA:183,0
DA:184,0
DA:186,0
DA:190,0
DA:192,0
DA:193,0
DA:194,0
DA:195,0
DA:198,0
DA:200,0
DA:201,0
DA:203,0
DA:204,0
DA:205,0
DA:208,0
DA:209,0
DA:210,0
DA:212,0
DA:213,0
DA:216,0
DA:217,0
DA:220,0
DA:221,0
DA:224,0
DA:225,0
DA:226,0
DA:227,0
DA:231,0
DA:232,0
DA:233,0
DA:234,0
DA:238,0
DA:239,0
DA:241,0
DA:245,0
DA:246,0
DA:248,0
DA:249,0
DA:250,0
DA:251,0
DA:254,0
DA:256,0
DA:257,0
DA:259,0
DA:260,0
DA:261,0
DA:264,0
DA:265,0
DA:267,0
DA:268,0
DA:270,0
DA:274,0
DA:276,0
DA:277,0
DA:278,0
DA:279,0
DA:282,0
DA:284,0
DA:285,0
DA:286,0
DA:287,0
DA:290,0
DA:291,0
DA:293,0
DA:294,0
DA:295,0
DA:297,0
DA:298,0
DA:300,0
DA:304,0
DA:305,0
DA:306,0
DA:311,0
LF:159
LH:0
BRDA:56,0,0,0
BRDA:56,0,1,0
BRDA:56,1,0,0
BRDA:56,1,1,0
BRDA:61,2,0,0
BRDA:61,2,1,0
BRDA:61,2,2,0
BRDA:61,2,3,0
BRDA:61,2,4,0
BRDA:61,2,5,0
BRDA:61,2,6,0
BRDA:61,2,7,0
BRDA:66,3,0,0
BRDA:66,3,1,0
BRDA:76,4,0,0
BRDA:76,4,1,0
BRDA:94,5,0,0
BRDA:94,5,1,0
BRDA:96,6,0,0
BRDA:96,6,1,0
BRDA:110,7,0,0
BRDA:110,7,1,0
BRDA:128,8,0,0
BRDA:128,8,1,0
BRDA:128,9,0,0
BRDA:128,9,1,0
BRDA:139,10,0,0
BRDA:139,10,1,0
BRDA:142,11,0,0
BRDA:142,11,1,0
BRDA:145,12,0,0
BRDA:145,12,1,0
BRDA:163,13,0,0
BRDA:163,13,1,0
BRDA:172,14,0,0
BRDA:172,14,1,0
BRDA:176,15,0,0
BRDA:176,15,1,0
BRDA:176,16,0,0
BRDA:176,16,1,0
BRDA:192,17,0,0
BRDA:192,17,1,0
BRDA:203,18,0,0
BRDA:203,18,1,0
BRDA:212,19,0,0
BRDA:212,19,1,0
BRDA:216,20,0,0
BRDA:216,20,1,0
BRDA:220,21,0,0
BRDA:220,21,1,0
BRDA:224,22,0,0
BRDA:224,22,1,0
BRDA:224,23,0,0
BRDA:224,23,1,0
BRDA:231,24,0,0
BRDA:231,24,1,0
BRDA:231,25,0,0
BRDA:231,25,1,0
BRDA:234,26,0,0
BRDA:234,26,1,0
BRDA:246,27,0,0
BRDA:246,27,1,0
BRDA:248,28,0,0
BRDA:248,28,1,0
BRDA:259,29,0,0
BRDA:259,29,1,0
BRDA:276,30,0,0
BRDA:276,30,1,0
BRDA:285,31,0,0
BRDA:285,31,1,0
BRF:70
BRH:0
end_of_record
TN:
SF:src\cli\task.js
FN:57,main
FN:114,(anonymous_1)
FN:115,(anonymous_2)
FN:116,(anonymous_3)
FN:117,(anonymous_4)
FN:123,(anonymous_5)
FN:132,(anonymous_6)
FN:140,(anonymous_7)
FN:148,(anonymous_8)
FN:192,(anonymous_9)
FN:199,(anonymous_10)
FNF:11
FNH:0
FNDA:0,main
FNDA:0,(anonymous_1)
FNDA:0,(anonymous_2)
FNDA:0,(anonymous_3)
FNDA:0,(anonymous_4)
FNDA:0,(anonymous_5)
FNDA:0,(anonymous_6)
FNDA:0,(anonymous_7)
FNDA:0,(anonymous_8)
FNDA:0,(anonymous_9)
FNDA:0,(anonymous_10)
DA:8,0
DA:9,0
DA:10,0
DA:13,0
DA:14,0
DA:15,0
DA:18,0
DA:19,0
DA:22,0
DA:25,0
DA:26,0
DA:29,0
DA:58,0
DA:59,0
DA:60,0
DA:63,0
DA:65,0
DA:66,0
DA:68,0
DA:69,0
DA:70,0
DA:71,0
DA:74,0
DA:76,0
DA:77,0
DA:85,0
DA:86,0
DA:87,0
DA:88,0
DA:89,0
DA:90,0
DA:91,0
DA:93,0
DA:94,0
DA:96,0
DA:100,0
DA:102,0
DA:103,0
DA:105,0
DA:106,0
DA:107,0
DA:110,0
DA:113,0
DA:114,0
DA:115,0
DA:116,0
DA:117,0
DA:121,0
DA:122,0
DA:123,0
DA:124,0
DA:125,0
DA:130,0
DA:131,0
DA:132,0
DA:133,0
DA:138,0
DA:139,0
DA:140,0
DA:141,0
DA:146,0
DA:147,0
DA:148,0
DA:149,0
DA:153,0
DA:154,0
DA:156,0
DA:160,0
DA:162,0
DA:163,0
DA:164,0
DA:165,0
DA:168,0
DA:170,0
DA:171,0
DA:173,0
DA:174,0
DA:175,0
DA:178,0
DA:179,0
DA:180,0
DA:181,0
DA:182,0
DA:183,0
DA:184,0
DA:186,0
DA:187,0
DA:190,0
DA:191,0
DA:192,0
DA:193,0
DA:197,0
DA:198,0
DA:199,0
DA:200,0
DA:204,0
DA:205,0
DA:207,0
DA:211,0
DA:212,0
DA:214,0
DA:215,0
DA:216,0
DA:217,0
DA:218,0
DA:222,0
DA:223,0
DA:224,0
DA:225,0
DA:226,0
DA:229,0
DA:231,0
DA:232,0
DA:234,0
DA:235,0
DA:236,0
DA:240,0
DA:241,0
DA:243,0
DA:244,0
DA:245,0
DA:246,0
DA:248,0
DA:249,0
DA:251,0
DA:255,0
DA:256,0
DA:258,0
DA:259,0
DA:260,0
DA:261,0
DA:262,0
DA:266,0
DA:267,0
DA:268,0
DA:271,0
DA:273,0
DA:275,0
DA:276,0
DA:277,0
DA:278,0
DA:279,0
DA:282,0
DA:284,0
DA:285,0
DA:286,0
DA:287,0
DA:289,0
DA:290,0
DA:292,0
DA:296,0
DA:298,0
DA:299,0
DA:300,0
DA:301,0
DA:304,0
DA:306,0
DA:307,0
DA:309,0
DA:310,0
DA:312,0
DA:315,0
DA:316,0
DA:318,0
DA:322,0
DA:323,0
DA:325,0
DA:326,0
DA:327,0
DA:328,0
DA:331,0
DA:333,0
DA:334,0
DA:336,0
DA:337,0
DA:338,0
DA:340,0
DA:341,0
DA:343,0
DA:347,0
DA:348,0
DA:350,0
DA:351,0
DA:352,0
DA:353,0
DA:356,0
DA:358,0
DA:359,0
DA:361,0
DA:362,0
DA:363,0
DA:366,0
DA:367,0
DA:369,0
DA:370,0
DA:372,0
DA:376,0
DA:378,0
DA:379,0
DA:380,0
DA:381,0
DA:384,0
DA:386,0
DA:387,0
DA:388,0
DA:389,0
DA:392,0
DA:393,0
DA:395,0
DA:396,0
DA:397,0
DA:399,0
DA:400,0
DA:402,0
DA:406,0
DA:407,0
DA:408,0
DA:413,0
LF:218
LH:0
BRDA:58,0,0,0
BRDA:58,0,1,0
BRDA:58,1,0,0
BRDA:58,1,1,0
BRDA:63,2,0,0
BRDA:63,2,1,0
BRDA:63,2,2,0
BRDA:63,2,3,0
BRDA:63,2,4,0
BRDA:63,2,5,0
BRDA:63,2,6,0
BRDA:63,2,7,0
BRDA:63,2,8,0
BRDA:63,2,9,0
BRDA:68,3,0,0
BRDA:68,3,1,0
BRDA:105,4,0,0
BRDA:105,4,1,0
BRDA:105,5,0,0
BRDA:105,5,1,0
BRDA:105,5,2,0
BRDA:121,6,0,0
BRDA:121,6,1,0
BRDA:125,7,0,0
BRDA:125,7,1,0
BRDA:130,8,0,0
BRDA:130,8,1,0
BRDA:138,9,0,0
BRDA:138,9,1,0
BRDA:146,10,0,0
BRDA:146,10,1,0
BRDA:162,11,0,0
BRDA:162,11,1,0
BRDA:173,12,0,0
BRDA:173,12,1,0
BRDA:184,13,0,0
BRDA:184,13,1,0
BRDA:186,14,0,0
BRDA:186,14,1,0
BRDA:190,15,0,0
BRDA:190,15,1,0
BRDA:190,16,0,0
BRDA:190,16,1,0
BRDA:197,17,0,0
BRDA:197,17,1,0
BRDA:197,18,0,0
BRDA:197,18,1,0
BRDA:200,19,0,0
BRDA:200,19,1,0
BRDA:214,20,0,0
BRDA:214,20,1,0
BRDA:214,21,0,0
BRDA:214,21,1,0
BRDA:223,22,0,0
BRDA:223,22,1,0
BRDA:234,23,0,0
BRDA:234,23,1,0
BRDA:258,24,0,0
BRDA:258,24,1,0
BRDA:258,25,0,0
BRDA:258,25,1,0
BRDA:266,26,0,0
BRDA:266,26,1,0
BRDA:266,27,0,0
BRDA:266,27,1,0
BRDA:276,28,0,0
BRDA:276,28,1,0
BRDA:278,29,0,0
BRDA:278,29,1,0
BRDA:298,30,0,0
BRDA:298,30,1,0
BRDA:309,31,0,0
BRDA:309,31,1,0
BRDA:325,32,0,0
BRDA:325,32,1,0
BRDA:325,33,0,0
BRDA:325,33,1,0
BRDA:348,34,0,0
BRDA:348,34,1,0
BRDA:350,35,0,0
BRDA:350,35,1,0
BRDA:361,36,0,0
BRDA:361,36,1,0
BRDA:378,37,0,0
BRDA:378,37,1,0
BRDA:387,38,0,0
BRDA:387,38,1,0
BRF:87
BRH:0
end_of_record
TN:
SF:src\lib\adapters\base-adapter.js
FN:21,(anonymous_0)
FN:39,(anonymous_1)
FN:60,(anonymous_2)
FN:113,(anonymous_3)
FN:134,(anonymous_4)
FN:218,(anonymous_5)
FNF:6
FNH:0
FNDA:0,(anonymous_0)
FNDA:0,(anonymous_1)
FNDA:0,(anonymous_2)
FNDA:0,(anonymous_3)
FNDA:0,(anonymous_4)
FNDA:0,(anonymous_5)
DA:7,0
DA:22,0
DA:23,0
DA:26,0
DA:27,0
DA:28,0
DA:29,0
DA:40,0
DA:41,0
DA:44,0
DA:62,0
DA:63,0
DA:64,0
DA:72,0
DA:76,0
DA:77,0
DA:84,0
DA:85,0
DA:86,0
DA:89,0
DA:93,0
DA:114,0
DA:115,0
DA:118,0
DA:119,0
DA:120,0
DA:135,0
DA:136,0
DA:140,0
DA:141,0
DA:142,0
DA:144,0
DA:148,0
DA:149,0
DA:150,0
DA:152,0
DA:155,0
DA:157,0
DA:160,0
DA:163,0
DA:170,0
DA:171,0
DA:174,0
DA:177,0
DA:184,0
DA:185,0
DA:187,0
DA:188,0
DA:191,0
DA:192,0
DA:201,0
DA:204,0
DA:205,0
DA:219,0
DA:220,0
DA:223,0
DA:225,0
DA:226,0
DA:229,0
DA:230,0
DA:243,0
LF:61
LH:0
BRDA:21,0,0,0
BRDA:22,1,0,0
BRDA:22,1,1,0
BRDA:27,2,0,0
BRDA:27,2,1,0
BRDA:39,3,0,0
BRDA:39,4,0,0
BRDA:40,5,0,0
BRDA:40,5,1,0
BRDA:60,6,0,0
BRDA:60,7,0,0
BRDA:63,8,0,0
BRDA:63,8,1,0
BRDA:76,9,0,0
BRDA:76,9,1,0
BRDA:76,10,0,0
BRDA:76,10,1,0
BRDA:78,11,0,0
BRDA:78,11,1,0
BRDA:84,12,0,0
BRDA:84,12,1,0
BRDA:96,13,0,0
BRDA:96,13,1,0
BRDA:98,14,0,0
BRDA:98,14,1,0
BRDA:100,15,0,0
BRDA:100,15,1,0
BRDA:101,16,0,0
BRDA:101,16,1,0
BRDA:102,17,0,0
BRDA:102,17,1,0
BRDA:113,18,0,0
BRDA:114,19,0,0
BRDA:114,19,1,0
BRDA:119,20,0,0
BRDA:119,20,1,0
BRDA:134,21,0,0
BRDA:134,22,0,0
BRDA:134,23,0,0
BRDA:135,24,0,0
BRDA:135,24,1,0
BRDA:140,25,0,0
BRDA:140,25,1,0
BRDA:140,26,0,0
BRDA:140,26,1,0
BRDA:141,27,0,0
BRDA:141,27,1,0
BRDA:148,28,0,0
BRDA:148,28,1,0
BRDA:149,29,0,0
BRDA:149,29,1,0
BRDA:165,30,0,0
BRDA:165,30,1,0
BRDA:166,31,0,0
BRDA:166,31,1,0
BRDA:170,32,0,0
BRDA:170,32,1,0
BRDA:170,33,0,0
BRDA:170,33,1,0
BRDA:184,34,0,0
BRDA:184,34,1,0
BRDA:187,35,0,0
BRDA:187,35,1,0
BRDA:191,36,0,0
BRDA:191,36,1,0
BRDA:191,37,0,0
BRDA:191,37,1,0
BRDA:204,38,0,0
BRDA:204,38,1,0
BRDA:218,39,0,0
BRDA:218,40,0,0
BRDA:219,41,0,0
BRDA:219,41,1,0
BRDA:225,42,0,0
BRDA:225,42,1,0
BRF:75
BRH:0
end_of_record
TN:
SF:src\lib\adapters\feedback-manager-adapter.js
FN:21,(anonymous_0)
FN:31,(anonymous_1)
FN:48,(anonymous_2)
FN:75,(anonymous_3)
FN:110,(anonymous_4)
FN:145,(anonymous_5)
FN:175,(anonymous_6)
FN:208,(anonymous_7)
FN:247,(anonymous_8)
FN:280,(anonymous_9)
FN:312,(anonymous_10)
FNF:11
FNH:0
FNDA:0,(anonymous_0)
FNDA:0,(anonymous_1)
FNDA:0,(anonymous_2)
FNDA:0,(anonymous_3)
FNDA:0,(anonymous_4)
FNDA:0,(anonymous_5)
FNDA:0,(anonymous_6)
FNDA:0,(anonymous_7)
FNDA:0,(anonymous_8)
FNDA:0,(anonymous_9)
FNDA:0,(anonymous_10)
DA:7,0
DA:8,0
DA:22,0
DA:32,0
DA:34,0
DA:36,0
DA:37,0
DA:39,0
DA:49,0
DA:51,0
DA:53,0
DA:56,0
DA:57,0
DA:63,0
DA:65,0
DA:76,0
DA:78,0
DA:80,0
DA:82,0
DA:83,0
DA:86,0
DA:89,0
DA:90,0
DA:97,0
DA:99,0
DA:111,0
DA:113,0
DA:115,0
DA:117,0
DA:118,0
DA:121,0
DA:124,0
DA:131,0
DA:133,0
DA:146,0
DA:148,0
DA:150,0
DA:152,0
DA:155,0
DA:163,0
DA:165,0
DA:176,0
DA:178,0
DA:183,0
DA:185,0
DA:188,0
DA:195,0
DA:197,0
DA:209,0
DA:211,0
DA:217,0
DA:219,0
DA:220,0
DA:223,0
DA:226,0
DA:234,0
DA:236,0
DA:248,0
DA:250,0
DA:255,0
DA:257,0
DA:260,0
DA:267,0
DA:269,0
DA:281,0
DA:283,0
DA:288,0
DA:290,0
DA:293,0
DA:300,0
DA:302,0
DA:313,0
DA:315,0
DA:317,0
DA:319,0
DA:322,0
DA:323,0
DA:330,0
DA:332,0
DA:337,0
LF:80
LH:0
BRDA:21,0,0,0
BRDA:31,1,0,0
BRDA:34,2,0,0
BRDA:34,2,1,0
BRDA:48,3,0,0
BRDA:51,4,0,0
BRDA:51,4,1,0
BRDA:56,5,0,0
BRDA:56,5,1,0
BRDA:58,6,0,0
BRDA:58,6,1,0
BRDA:75,7,0,0
BRDA:78,8,0,0
BRDA:78,8,1,0
BRDA:82,9,0,0
BRDA:82,9,1,0
BRDA:89,10,0,0
BRDA:89,10,1,0
BRDA:110,11,0,0
BRDA:113,12,0,0
BRDA:113,12,1,0
BRDA:117,13,0,0
BRDA:117,13,1,0
BRDA:121,14,0,0
BRDA:121,14,1,0
BRDA:127,15,0,0
BRDA:127,15,1,0
BRDA:145,16,0,0
BRDA:148,17,0,0
BRDA:148,17,1,0
BRDA:152,18,0,0
BRDA:152,18,1,0
BRDA:158,19,0,0
BRDA:158,19,1,0
BRDA:159,20,0,0
BRDA:159,20,1,0
BRDA:175,21,0,0
BRDA:178,22,0,0
BRDA:178,22,1,0
BRDA:189,23,0,0
BRDA:189,23,1,0
BRDA:190,24,0,0
BRDA:190,24,1,0
BRDA:208,25,0,0
BRDA:211,26,0,0
BRDA:211,26,1,0
BRDA:219,27,0,0
BRDA:219,27,1,0
BRDA:247,28,0,0
BRDA:250,29,0,0
BRDA:250,29,1,0
BRDA:280,30,0,0
BRDA:283,31,0,0
BRDA:283,31,1,0
BRDA:312,32,0,0
BRDA:315,33,0,0
BRDA:315,33,1,0
BRDA:322,34,0,0
BRDA:322,34,1,0
BRF:59
BRH:0
end_of_record
TN:
SF:src\lib\adapters\integration-manager-adapter.js
FN:23,(anonymous_0)
FN:33,(anonymous_1)
FN:61,(anonymous_2)
FN:87,(anonymous_3)
FN:114,(anonymous_4)
FN:147,(anonymous_5)
FN:176,(anonymous_6)
FN:206,(anonymous_7)
FN:234,(anonymous_8)
FN:259,(anonymous_9)
FN:285,(anonymous_10)
FN:303,(anonymous_11)
FN:326,(anonymous_12)
FNF:13
FNH:0
FNDA:0,(anonymous_0)
FNDA:0,(anonymous_1)
FNDA:0,(anonymous_2)
FNDA:0,(anonymous_3)
FNDA:0,(anonymous_4)
FNDA:0,(anonymous_5)
FNDA:0,(anonymous_6)
FNDA:0,(anonymous_7)
FNDA:0,(anonymous_8)
FNDA:0,(anonymous_9)
FNDA:0,(anonymous_10)
FNDA:0,(anonymous_11)
FNDA:0,(anonymous_12)
DA:7,0
DA:8,0
DA:9,0
DA:24,0
DA:34,0
DA:35,0
DA:37,0
DA:39,0
DA:42,0
DA:49,0
DA:51,0
DA:62,0
DA:63,0
DA:65,0
DA:68,0
DA:75,0
DA:77,0
DA:88,0
DA:89,0
DA:91,0
DA:93,0
DA:96,0
DA:102,0
DA:104,0
DA:115,0
DA:116,0
DA:118,0
DA:120,0
DA:121,0
DA:124,0
DA:127,0
DA:134,0
DA:136,0
DA:148,0
DA:149,0
DA:151,0
DA:153,0
DA:156,0
DA:163,0
DA:165,0
DA:177,0
DA:178,0
DA:180,0
DA:182,0
DA:185,0
DA:193,0
DA:195,0
DA:207,0
DA:208,0
DA:210,0
DA:212,0
DA:215,0
DA:223,0
DA:225,0
DA:235,0
DA:236,0
DA:238,0
DA:241,0
DA:247,0
DA:249,0
DA:260,0
DA:261,0
DA:263,0
DA:266,0
DA:274,0
DA:276,0
DA:286,0
DA:287,0
DA:289,0
DA:291,0
DA:293,0
DA:304,0
DA:305,0
DA:307,0
DA:310,0
DA:315,0
DA:317,0
DA:327,0
DA:328,0
DA:330,0
DA:333,0
DA:337,0
DA:339,0
DA:344,0
LF:84
LH:0
BRDA:23,0,0,0
BRDA:33,1,0,0
BRDA:35,2,0,0
BRDA:35,2,1,0
BRDA:61,3,0,0
BRDA:61,4,0,0
BRDA:63,5,0,0
BRDA:63,5,1,0
BRDA:87,6,0,0
BRDA:89,7,0,0
BRDA:89,7,1,0
BRDA:114,8,0,0
BRDA:116,9,0,0
BRDA:116,9,1,0
BRDA:120,10,0,0
BRDA:120,10,1,0
BRDA:147,11,0,0
BRDA:149,12,0,0
BRDA:149,12,1,0
BRDA:176,13,0,0
BRDA:178,14,0,0
BRDA:178,14,1,0
BRDA:206,15,0,0
BRDA:208,16,0,0
BRDA:208,16,1,0
BRDA:234,17,0,0
BRDA:236,18,0,0
BRDA:236,18,1,0
BRDA:259,19,0,0
BRDA:259,20,0,0
BRDA:261,21,0,0
BRDA:261,21,1,0
BRDA:285,22,0,0
BRDA:287,23,0,0
BRDA:287,23,1,0
BRDA:303,24,0,0
BRDA:303,25,0,0
BRDA:305,26,0,0
BRDA:305,26,1,0
BRDA:326,27,0,0
BRDA:328,28,0,0
BRDA:328,28,1,0
BRF:42
BRH:0
end_of_record
TN:
SF:src\lib\adapters\session-manager-adapter.js
FN:21,(anonymous_0)
FN:30,(anonymous_1)
FN:45,(anonymous_2)
FN:58,(anonymous_3)
FN:74,(anonymous_4)
FN:101,(anonymous_5)
FN:132,(anonymous_6)
FN:161,(anonymous_7)
FN:194,(anonymous_8)
FN:230,(anonymous_9)
FN:261,(anonymous_10)
FNF:11
FNH:0
FNDA:0,(anonymous_0)
FNDA:0,(anonymous_1)
FNDA:0,(anonymous_2)
FNDA:0,(anonymous_3)
FNDA:0,(anonymous_4)
FNDA:0,(anonymous_5)
FNDA:0,(anonymous_6)
FNDA:0,(anonymous_7)
FNDA:0,(anonymous_8)
FNDA:0,(anonymous_9)
FNDA:0,(anonymous_10)
DA:7,0
DA:8,0
DA:22,0
DA:31,0
DA:32,0
DA:34,0
DA:35,0
DA:37,0
DA:46,0
DA:47,0
DA:49,0
DA:59,0
DA:60,0
DA:62,0
DA:64,0
DA:75,0
DA:77,0
DA:79,0
DA:82,0
DA:88,0
DA:90,0
DA:102,0
DA:104,0
DA:109,0
DA:111,0
DA:114,0
DA:120,0
DA:122,0
DA:133,0
DA:135,0
DA:137,0
DA:139,0
DA:142,0
DA:148,0
DA:150,0
DA:162,0
DA:164,0
DA:166,0
DA:168,0
DA:169,0
DA:172,0
DA:175,0
DA:181,0
DA:183,0
DA:195,0
DA:197,0
DA:202,0
DA:204,0
DA:205,0
DA:208,0
DA:211,0
DA:217,0
DA:219,0
DA:231,0
DA:233,0
DA:238,0
DA:240,0
DA:243,0
DA:249,0
DA:251,0
DA:262,0
DA:264,0
DA:266,0
DA:268,0
DA:271,0
DA:272,0
DA:279,0
DA:281,0
DA:286,0
LF:69
LH:0
BRDA:21,0,0,0
BRDA:74,1,0,0
BRDA:77,2,0,0
BRDA:77,2,1,0
BRDA:101,3,0,0
BRDA:104,4,0,0
BRDA:104,4,1,0
BRDA:132,5,0,0
BRDA:135,6,0,0
BRDA:135,6,1,0
BRDA:145,7,0,0
BRDA:145,7,1,0
BRDA:161,8,0,0
BRDA:164,9,0,0
BRDA:164,9,1,0
BRDA:168,10,0,0
BRDA:168,10,1,0
BRDA:194,11,0,0
BRDA:197,12,0,0
BRDA:197,12,1,0
BRDA:204,13,0,0
BRDA:204,13,1,0
BRDA:230,14,0,0
BRDA:233,15,0,0
BRDA:233,15,1,0
BRDA:261,16,0,0
BRDA:264,17,0,0
BRDA:264,17,1,0
BRDA:271,18,0,0
BRDA:271,18,1,0
BRF:30
BRH:0
end_of_record
TN:
SF:src\lib\adapters\state-manager-adapter.js
FN:23,(anonymous_0)
FN:32,(anonymous_1)
FN:51,(anonymous_2)
FN:84,(anonymous_3)
FN:123,(anonymous_4)
FN:140,(anonymous_5)
FN:155,(anonymous_6)
FNF:7
FNH:0
FNDA:0,(anonymous_0)
FNDA:0,(anonymous_1)
FNDA:0,(anonymous_2)
FNDA:0,(anonymous_3)
FNDA:0,(anonymous_4)
FNDA:0,(anonymous_5)
FNDA:0,(anonymous_6)
DA:7,0
DA:8,0
DA:9,0
DA:24,0
DA:33,0
DA:34,0
DA:36,0
DA:38,0
DA:40,0
DA:52,0
DA:53,0
DA:55,0
DA:58,0
DA:60,0
DA:63,0
DA:71,0
DA:73,0
DA:85,0
DA:86,0
DA:88,0
DA:91,0
DA:92,0
DA:96,0
DA:98,0
DA:101,0
DA:111,0
DA:113,0
DA:124,0
DA:125,0
DA:127,0
DA:129,0
DA:131,0
DA:141,0
DA:142,0
DA:144,0
DA:146,0
DA:156,0
DA:157,0
DA:159,0
DA:161,0
DA:166,0
LF:41
LH:0
BRDA:23,0,0,0
BRDA:32,1,0,0
BRDA:34,2,0,0
BRDA:34,2,1,0
BRDA:51,3,0,0
BRDA:51,4,0,0
BRDA:53,5,0,0
BRDA:53,5,1,0
BRDA:67,6,0,0
BRDA:67,6,1,0
BRDA:84,7,0,0
BRDA:84,8,0,0
BRDA:86,9,0,0
BRDA:86,9,1,0
BRDA:91,10,0,0
BRDA:91,10,1,0
BRDA:107,11,0,0
BRDA:107,11,1,0
BRDA:123,12,0,0
BRDA:125,13,0,0
BRDA:125,13,1,0
BRDA:140,14,0,0
BRDA:142,15,0,0
BRDA:142,15,1,0
BRDA:155,16,0,0
BRDA:157,17,0,0
BRDA:157,17,1,0
BRF:27
BRH:0
end_of_record
TN:
SF:src\lib\adapters\task-manager-adapter.js
FN:21,(anonymous_0)
FN:30,(anonymous_1)
FN:44,(anonymous_2)
FN:57,(anonymous_3)
FN:77,(anonymous_4)
FN:110,(anonymous_5)
FN:145,(anonymous_6)
FN:188,(anonymous_7)
FN:223,(anonymous_8)
FNF:9
FNH:0
FNDA:0,(anonymous_0)
FNDA:0,(anonymous_1)
FNDA:0,(anonymous_2)
FNDA:0,(anonymous_3)
FNDA:0,(anonymous_4)
FNDA:0,(anonymous_5)
FNDA:0,(anonymous_6)
FNDA:0,(anonymous_7)
FNDA:0,(anonymous_8)
DA:7,0
DA:8,0
DA:22,0
DA:31,0
DA:32,0
DA:34,0
DA:36,0
DA:45,0
DA:46,0
DA:48,0
DA:58,0
DA:59,0
DA:61,0
DA:62,0
DA:65,0
DA:67,0
DA:78,0
DA:80,0
DA:82,0
DA:84,0
DA:85,0
DA:88,0
DA:91,0
DA:98,0
DA:100,0
DA:111,0
DA:113,0
DA:115,0
DA:117,0
DA:118,0
DA:121,0
DA:124,0
DA:130,0
DA:132,0
DA:146,0
DA:148,0
DA:154,0
DA:156,0
DA:157,0
DA:160,0
DA:161,0
DA:164,0
DA:167,0
DA:175,0
DA:177,0
DA:189,0
DA:191,0
DA:196,0
DA:198,0
DA:199,0
DA:202,0
DA:205,0
DA:211,0
DA:213,0
DA:224,0
DA:226,0
DA:230,0
DA:232,0
DA:235,0
DA:241,0
DA:243,0
DA:248,0
LF:62
LH:0
BRDA:21,0,0,0
BRDA:61,1,0,0
BRDA:61,1,1,0
BRDA:77,2,0,0
BRDA:80,3,0,0
BRDA:80,3,1,0
BRDA:84,4,0,0
BRDA:84,4,1,0
BRDA:110,5,0,0
BRDA:113,6,0,0
BRDA:113,6,1,0
BRDA:117,7,0,0
BRDA:117,7,1,0
BRDA:145,8,0,0
BRDA:148,9,0,0
BRDA:148,9,1,0
BRDA:156,10,0,0
BRDA:156,10,1,0
BRDA:160,11,0,0
BRDA:160,11,1,0
BRDA:160,12,0,0
BRDA:160,12,1,0
BRDA:160,12,2,0
BRDA:188,13,0,0
BRDA:191,14,0,0
BRDA:191,14,1,0
BRDA:198,15,0,0
BRDA:198,15,1,0
BRDA:223,16,0,0
BRDA:226,17,0,0
BRDA:226,17,1,0
BRDA:237,18,0,0
BRDA:237,18,1,0
BRF:33
BRH:0
end_of_record
TN:
SF:src\lib\core\error-framework.js
FN:22,(anonymous_0)
FN:36,(anonymous_1)
FN:52,(anonymous_2)
FN:67,(anonymous_3)
FN:86,(anonymous_4)
FN:105,(anonymous_5)
FN:124,(anonymous_6)
FN:143,(anonymous_7)
FN:162,(anonymous_8)
FN:181,(anonymous_9)
FN:200,(anonymous_10)
FN:219,(anonymous_11)
FN:238,(anonymous_12)
FN:257,(anonymous_13)
FN:270,(anonymous_14)
FN:328,(anonymous_15)
FN:329,(anonymous_16)
FN:378,(anonymous_17)
FNF:18
FNH:8
FNDA:32,(anonymous_0)
FNDA:12,(anonymous_1)
FNDA:1,(anonymous_2)
FNDA:7,(anonymous_3)
FNDA:3,(anonymous_4)
FNDA:3,(anonymous_5)
FNDA:0,(anonymous_6)
FNDA:0,(anonymous_7)
FNDA:3,(anonymous_8)
FNDA:7,(anonymous_9)
FNDA:0,(anonymous_10)
FNDA:0,(anonymous_11)
FNDA:0,(anonymous_12)
FNDA:0,(anonymous_13)
FNDA:0,(anonymous_14)
FNDA:0,(anonymous_15)
FNDA:0,(anonymous_16)
FNDA:0,(anonymous_17)
DA:23,32
DA:24,32
DA:25,32
DA:26,32
DA:27,32
DA:28,32
DA:29,32
DA:37,12
DA:53,1
DA:68,7
DA:87,3
DA:106,3
DA:125,0
DA:144,0
DA:163,3
DA:182,7
DA:201,0
DA:220,0
DA:239,0
DA:258,0
DA:259,0
DA:260,0
DA:272,0
DA:273,0
DA:280,0
DA:289,0
DA:291,0
DA:292,0
DA:302,0
DA:312,0
DA:313,0
DA:314,0
DA:316,0
DA:320,0
DA:329,0
DA:330,0
DA:332,0
DA:333,0
DA:342,0
DA:345,0
DA:346,0
DA:355,0
DA:358,0
DA:359,0
DA:368,0
DA:369,0
DA:379,0
DA:383,2
LF:48
LH:15
BRDA:22,0,0,2
BRDA:25,1,0,32
BRDA:25,1,1,6
BRDA:26,2,0,32
BRDA:26,2,1,15
BRDA:28,3,0,25
BRDA:28,3,1,7
BRDA:42,4,0,4
BRDA:42,4,1,8
BRDA:42,5,0,1
BRDA:42,5,1,3
BRDA:67,6,0,0
BRDA:70,7,0,7
BRDA:70,7,1,7
BRDA:71,8,0,0
BRDA:71,8,1,7
BRDA:86,9,0,0
BRDA:89,10,0,3
BRDA:89,10,1,3
BRDA:90,11,0,0
BRDA:90,11,1,3
BRDA:105,12,0,0
BRDA:108,13,0,3
BRDA:108,13,1,3
BRDA:109,14,0,0
BRDA:109,14,1,3
BRDA:124,15,0,0
BRDA:127,16,0,0
BRDA:127,16,1,0
BRDA:128,17,0,0
BRDA:128,17,1,0
BRDA:143,18,0,0
BRDA:146,19,0,0
BRDA:146,19,1,0
BRDA:147,20,0,0
BRDA:147,20,1,0
BRDA:162,21,0,1
BRDA:165,22,0,3
BRDA:165,22,1,3
BRDA:166,23,0,0
BRDA:166,23,1,3
BRDA:181,24,0,1
BRDA:184,25,0,7
BRDA:184,25,1,3
BRDA:185,26,0,1
BRDA:185,26,1,6
BRDA:200,27,0,0
BRDA:203,28,0,0
BRDA:203,28,1,0
BRDA:204,29,0,0
BRDA:204,29,1,0
BRDA:219,30,0,0
BRDA:222,31,0,0
BRDA:222,31,1,0
BRDA:223,32,0,0
BRDA:223,32,1,0
BRDA:238,33,0,0
BRDA:241,34,0,0
BRDA:241,34,1,0
BRDA:242,35,0,0
BRDA:242,35,1,0
BRDA:258,36,0,0
BRDA:258,36,1,0
BRDA:272,37,0,0
BRDA:272,37,1,0
BRDA:289,38,0,0
BRDA:289,38,1,0
BRDA:291,39,0,0
BRDA:291,39,1,0
BRDA:312,40,0,0
BRDA:312,40,1,0
BRDA:312,41,0,0
BRDA:312,41,1,0
BRDA:332,42,0,0
BRDA:332,42,1,0
BRDA:345,43,0,0
BRDA:345,43,1,0
BRDA:358,44,0,0
BRDA:358,44,1,0
BRF:79
BRH:29
end_of_record
TN:
SF:src\lib\core\error-handler.js
FN:32,(anonymous_0)
FN:68,(anonymous_1)
FN:164,(anonymous_2)
FN:190,(anonymous_3)
FN:217,(anonymous_4)
FN:299,(anonymous_5)
FN:307,(anonymous_6)
FN:315,(anonymous_7)
FN:339,(anonymous_8)
FN:349,(anonymous_9)
FN:359,(anonymous_10)
FN:406,(anonymous_11)
FN:450,(anonymous_12)
FN:476,(anonymous_13)
FN:502,(anonymous_14)
FN:511,(anonymous_15)
FN:523,(anonymous_16)
FN:536,(anonymous_17)
FN:544,(anonymous_18)
FN:546,(anonymous_19)
FN:562,(anonymous_20)
FN:582,(anonymous_21)
FN:586,(anonymous_22)
FN:587,(anonymous_23)
FN:596,(anonymous_24)
FN:597,(anonymous_25)
FN:608,(anonymous_26)
FN:612,(anonymous_27)
FN:622,(anonymous_28)
FN:634,(anonymous_29)
FN:676,(anonymous_30)
FN:680,(anonymous_31)
FNF:32
FNH:0
FNDA:0,(anonymous_0)
FNDA:0,(anonymous_1)
FNDA:0,(anonymous_2)
FNDA:0,(anonymous_3)
FNDA:0,(anonymous_4)
FNDA:0,(anonymous_5)
FNDA:0,(anonymous_6)
FNDA:0,(anonymous_7)
FNDA:0,(anonymous_8)
FNDA:0,(anonymous_9)
FNDA:0,(anonymous_10)
FNDA:0,(anonymous_11)
FNDA:0,(anonymous_12)
FNDA:0,(anonymous_13)
FNDA:0,(anonymous_14)
FNDA:0,(anonymous_15)
FNDA:0,(anonymous_16)
FNDA:0,(anonymous_17)
FNDA:0,(anonymous_18)
FNDA:0,(anonymous_19)
FNDA:0,(anonymous_20)
FNDA:0,(anonymous_21)
FNDA:0,(anonymous_22)
FNDA:0,(anonymous_23)
FNDA:0,(anonymous_24)
FNDA:0,(anonymous_25)
FNDA:0,(anonymous_26)
FNDA:0,(anonymous_27)
FNDA:0,(anonymous_28)
FNDA:0,(anonymous_29)
FNDA:0,(anonymous_30)
FNDA:0,(anonymous_31)
DA:19,0
DA:33,0
DA:34,0
DA:36,0
DA:37,0
DA:40,0
DA:41,0
DA:42,0
DA:43,0
DA:44,0
DA:45,0
DA:48,0
DA:51,0
DA:54,0
DA:69,0
DA:70,0
DA:71,0
DA:74,0
DA:75,0
DA:85,0
DA:87,0
DA:88,0
DA:91,0
DA:92,0
DA:100,0
DA:103,0
DA:106,0
DA:109,0
DA:112,0
DA:115,0
DA:116,0
DA:118,0
DA:119,0
DA:130,0
DA:131,0
DA:132,0
DA:142,0
DA:153,0
DA:157,0
DA:165,0
DA:177,0
DA:178,0
DA:179,0
DA:180,0
DA:182,0
DA:191,0
DA:193,0
DA:205,0
DA:206,0
DA:209,0
DA:218,0
DA:220,0
DA:222,0
DA:223,0
DA:233,0
DA:234,0
DA:236,0
DA:241,0
DA:244,0
DA:245,0
DA:256,0
DA:257,0
DA:259,0
DA:264,0
DA:266,0
DA:269,0
DA:270,0
DA:281,0
DA:282,0
DA:284,0
DA:289,0
DA:291,0
DA:300,0
DA:308,0
DA:317,0
DA:318,0
DA:319,0
DA:322,0
DA:323,0
DA:326,0
DA:327,0
DA:328,0
DA:332,0
DA:340,0
DA:341,0
DA:342,0
DA:350,0
DA:351,0
DA:352,0
DA:360,0
DA:361,0
DA:362,0
DA:370,0
DA:371,0
DA:379,0
DA:380,0
DA:382,0
DA:387,0
DA:388,0
DA:391,0
DA:392,0
DA:393,0
DA:395,0
DA:407,0
DA:408,0
DA:409,0
DA:418,0
DA:419,0
DA:428,0
DA:429,0
DA:431,0
DA:436,0
DA:437,0
DA:451,0
DA:454,0
DA:455,0
DA:462,0
DA:463,0
DA:465,0
DA:469,0
DA:477,0
DA:480,0
DA:481,0
DA:486,0
DA:487,0
DA:489,0
DA:493,0
DA:503,0
DA:504,0
DA:512,0
DA:524,0
DA:529,0
DA:537,0
DA:546,0
DA:547,0
DA:555,0
DA:562,0
DA:563,0
DA:571,0
DA:584,0
DA:586,0
DA:594,0
DA:596,0
DA:610,0
DA:612,0
DA:620,0
DA:622,0
DA:635,0
DA:636,0
DA:637,0
DA:638,0
DA:641,0
DA:642,0
DA:643,0
DA:644,0
DA:645,0
DA:646,0
DA:647,0
DA:648,0
DA:649,0
DA:654,0
DA:655,0
DA:656,0
DA:657,0
DA:659,0
DA:677,0
DA:678,0
DA:679,0
DA:680,0
DA:686,0
DA:697,0
LF:171
LH:0
BRDA:32,0,0,0
BRDA:33,1,0,0
BRDA:33,1,1,0
BRDA:36,2,0,0
BRDA:36,2,1,0
BRDA:68,3,0,0
BRDA:69,4,0,0
BRDA:69,4,1,0
BRDA:70,5,0,0
BRDA:70,5,1,0
BRDA:74,6,0,0
BRDA:74,6,1,0
BRDA:85,7,0,0
BRDA:85,7,1,0
BRDA:91,8,0,0
BRDA:91,8,1,0
BRDA:115,9,0,0
BRDA:115,9,1,0
BRDA:118,10,0,0
BRDA:118,10,1,0
BRDA:131,11,0,0
BRDA:131,11,1,0
BRDA:142,12,0,0
BRDA:142,12,1,0
BRDA:177,13,0,0
BRDA:177,13,1,0
BRDA:177,14,0,0
BRDA:177,14,1,0
BRDA:179,15,0,0
BRDA:179,15,1,0
BRDA:179,16,0,0
BRDA:179,16,1,0
BRDA:191,17,0,0
BRDA:191,17,1,0
BRDA:205,18,0,0
BRDA:205,18,1,0
BRDA:222,19,0,0
BRDA:222,19,1,0
BRDA:233,20,0,0
BRDA:233,20,1,0
BRDA:244,21,0,0
BRDA:244,21,1,0
BRDA:256,22,0,0
BRDA:256,22,1,0
BRDA:264,23,0,0
BRDA:264,23,1,0
BRDA:269,24,0,0
BRDA:269,24,1,0
BRDA:281,25,0,0
BRDA:281,25,1,0
BRDA:289,26,0,0
BRDA:289,26,1,0
BRDA:319,27,0,0
BRDA:319,27,1,0
BRDA:323,28,0,0
BRDA:323,28,1,0
BRDA:326,29,0,0
BRDA:326,29,1,0
BRDA:328,30,0,0
BRDA:328,30,1,0
BRDA:332,31,0,0
BRDA:332,31,1,0
BRDA:341,32,0,0
BRDA:341,32,1,0
BRDA:342,33,0,0
BRDA:342,33,1,0
BRDA:351,34,0,0
BRDA:351,34,1,0
BRDA:352,35,0,0
BRDA:352,35,1,0
BRDA:361,36,0,0
BRDA:361,36,1,0
BRDA:370,37,0,0
BRDA:370,37,1,0
BRDA:379,38,0,0
BRDA:379,38,1,0
BRDA:388,39,0,0
BRDA:388,39,1,0
BRDA:391,40,0,0
BRDA:391,40,1,0
BRDA:408,41,0,0
BRDA:408,41,1,0
BRDA:418,42,0,0
BRDA:418,42,1,0
BRDA:428,43,0,0
BRDA:428,43,1,0
BRDA:437,44,0,0
BRDA:437,44,1,0
BRDA:450,45,0,0
BRDA:454,46,0,0
BRDA:454,46,1,0
BRDA:462,47,0,0
BRDA:462,47,1,0
BRDA:480,48,0,0
BRDA:480,48,1,0
BRDA:480,49,0,0
BRDA:480,49,1,0
BRDA:486,50,0,0
BRDA:486,50,1,0
BRDA:523,51,0,0
BRDA:526,52,0,0
BRDA:526,52,1,0
BRDA:612,53,0,0
BRDA:612,53,1,0
BRDA:642,54,0,0
BRDA:642,54,1,0
BRDA:644,55,0,0
BRDA:644,55,1,0
BRDA:646,56,0,0
BRDA:646,56,1,0
BRDA:648,57,0,0
BRDA:648,57,1,0
BRDA:654,58,0,0
BRDA:654,58,1,0
BRDA:655,59,0,0
BRDA:655,59,1,0
BRDA:657,60,0,0
BRDA:657,60,1,0
BRDA:660,61,0,0
BRDA:660,61,1,0
BRF:120
BRH:0
end_of_record
TN:
SF:src\lib\core\error-migration-helper.js
FN:15,convertError
FN:48,(anonymous_1)
FN:53,(anonymous_2)
FN:58,(anonymous_3)
FN:63,(anonymous_4)
FN:80,migrateFunction
FN:83,(anonymous_6)
FN:109,migrateClassMethods
FNF:8
FNH:0
FNDA:0,convertError
FNDA:0,(anonymous_1)
FNDA:0,(anonymous_2)
FNDA:0,(anonymous_3)
FNDA:0,(anonymous_4)
FNDA:0,migrateFunction
FNDA:0,(anonymous_6)
FNDA:0,migrateClassMethods
DA:7,0
DA:8,0
DA:16,0
DA:17,0
DA:21,0
DA:22,0
DA:26,0
DA:27,0
DA:31,0
DA:32,0
DA:37,0
DA:47,0
DA:49,0
DA:50,0
DA:54,0
DA:55,0
DA:59,0
DA:60,0
DA:64,0
DA:65,0
DA:81,0
DA:83,0
DA:84,0
DA:85,0
DA:88,0
DA:91,0
DA:92,0
DA:96,0
DA:110,0
DA:112,0
DA:113,0
DA:115,0
DA:116,0
DA:125,0
LF:34
LH:0
BRDA:16,0,0,0
BRDA:16,0,1,0
BRDA:21,1,0,0
BRDA:21,1,1,0
BRDA:26,2,0,0
BRDA:26,2,1,0
BRDA:31,3,0,0
BRDA:31,3,1,0
BRDA:80,4,0,0
BRDA:91,5,0,0
BRDA:91,5,1,0
BRDA:109,6,0,0
BRDA:115,7,0,0
BRDA:115,7,1,0
BRF:14
BRH:0
end_of_record
TN:
SF:src\lib\core\event-catalog.js
FNF:0
FNH:0
DA:8,0
DA:11,0
DA:14,0
DA:36,0
DA:55,0
DA:70,0
DA:89,0
DA:106,0
DA:124,0
DA:142,0
DA:163,0
DA:181,0
DA:204,0
DA:226,0
DA:252,0
DA:274,0
DA:299,0
DA:316,0
DA:336,0
DA:353,0
DA:374,0
DA:398,0
DA:422,0
DA:442,0
DA:463,0
DA:485,0
DA:508,0
DA:526,0
DA:552,0
DA:581,0
DA:607,0
DA:636,0
DA:662,0
DA:691,0
DA:715,0
DA:744,0
DA:768,0
DA:796,0
DA:823,0
DA:851,0
DA:875,0
DA:901,0
DA:922,0
DA:946,0
DA:972,0
DA:998,0
DA:1019,0
DA:1049,0
DA:1075,0
DA:1096,0
DA:1120,0
DA:1146,0
LF:52
LH:0
BRF:0
BRH:0
end_of_record
TN:
SF:src\lib\core\event-constants.js
FN:66,generateEventMap
FN:69,(anonymous_1)
FN:70,(anonymous_2)
FNF:3
FNH:0
FNDA:0,generateEventMap
FNDA:0,(anonymous_1)
FNDA:0,(anonymous_2)
DA:12,0
DA:67,0
DA:69,0
DA:70,0
DA:71,0
DA:75,0
DA:78,0
DA:80,0
LF:8
LH:0
BRF:0
BRH:0
end_of_record
TN:
SF:src\lib\core\event-migration-helper.js
FN:22,(anonymous_0)
FN:38,(anonymous_1)
FN:60,(anonymous_2)
FN:79,(anonymous_3)
FN:81,(anonymous_4)
FN:82,(anonymous_5)
FN:85,(anonymous_6)
FN:86,(anonymous_7)
FN:112,(anonymous_8)
FN:113,(anonymous_9)
FN:117,(anonymous_10)
FN:118,(anonymous_11)
FN:122,(anonymous_12)
FN:123,(anonymous_13)
FN:155,(anonymous_14)
FN:172,(anonymous_15)
FN:192,(anonymous_16)
FN:227,(anonymous_17)
FN:249,(anonymous_18)
FN:256,(anonymous_19)
FN:271,(anonymous_20)
FN:281,(anonymous_21)
FN:286,(anonymous_22)
FNF:23
FNH:0
FNDA:0,(anonymous_0)
FNDA:0,(anonymous_1)
FNDA:0,(anonymous_2)
FNDA:0,(anonymous_3)
FNDA:0,(anonymous_4)
FNDA:0,(anonymous_5)
FNDA:0,(anonymous_6)
FNDA:0,(anonymous_7)
FNDA:0,(anonymous_8)
FNDA:0,(anonymous_9)
FNDA:0,(anonymous_10)
FNDA:0,(anonymous_11)
FNDA:0,(anonymous_12)
FNDA:0,(anonymous_13)
FNDA:0,(anonymous_14)
FNDA:0,(anonymous_15)
FNDA:0,(anonymous_16)
FNDA:0,(anonymous_17)
FNDA:0,(anonymous_18)
FNDA:0,(anonymous_19)
FNDA:0,(anonymous_20)
FNDA:0,(anonymous_21)
FNDA:0,(anonymous_22)
DA:9,0
DA:23,0
DA:24,0
DA:25,0
DA:26,0
DA:27,0
DA:28,0
DA:29,0
DA:39,0
DA:40,0
DA:42,0
DA:43,0
DA:51,0
DA:61,0
DA:63,0
DA:64,0
DA:71,0
DA:80,0
DA:81,0
DA:82,0
DA:84,0
DA:85,0
DA:86,0
DA:89,0
DA:90,0
DA:91,0
DA:92,0
DA:98,0
DA:99,0
DA:100,0
DA:106,0
DA:112,0
DA:113,0
DA:117,0
DA:118,0
DA:122,0
DA:123,0
DA:124,0
DA:125,0
DA:127,0
DA:156,0
DA:157,0
DA:160,0
DA:161,0
DA:162,0
DA:163,0
DA:168,0
DA:169,0
DA:171,0
DA:172,0
DA:174,0
DA:177,0
DA:180,0
DA:181,0
DA:183,0
DA:186,0
DA:188,0
DA:189,0
DA:191,0
DA:192,0
DA:193,0
DA:194,0
DA:200,0
DA:201,0
DA:205,0
DA:206,0
DA:209,0
DA:212,0
DA:217,0
DA:229,0
DA:242,0
DA:243,0
DA:244,0
DA:249,0
DA:257,0
DA:259,0
DA:260,0
DA:261,0
DA:262,0
DA:263,0
DA:264,0
DA:265,0
DA:267,0
DA:268,0
DA:269,0
DA:271,0
DA:272,0
DA:275,0
DA:278,0
DA:279,0
DA:280,0
DA:281,0
DA:282,0
DA:285,0
DA:286,0
DA:287,0
DA:288,0
DA:291,0
DA:294,0
DA:295,0
DA:296,0
DA:297,0
DA:298,0
DA:300,0
DA:301,0
DA:302,0
DA:303,0
DA:304,0
DA:305,0
DA:306,0
DA:307,0
DA:308,0
DA:309,0
DA:310,0
DA:311,0
DA:312,0
DA:313,0
DA:314,0
DA:315,0
DA:316,0
DA:317,0
DA:318,0
DA:319,0
DA:320,0
DA:321,0
DA:322,0
DA:323,0
DA:324,0
DA:325,0
DA:326,0
DA:327,0
DA:328,0
DA:329,0
DA:330,0
DA:331,0
DA:332,0
DA:333,0
DA:334,0
DA:335,0
DA:336,0
DA:337,0
DA:338,0
DA:339,0
DA:340,0
DA:341,0
DA:343,0
DA:347,0
LF:147
LH:0
BRDA:22,0,0,0
BRDA:27,1,0,0
BRDA:27,1,1,0
BRDA:28,2,0,0
BRDA:28,2,1,0
BRDA:40,3,0,0
BRDA:40,3,1,0
BRDA:42,4,0,0
BRDA:42,4,1,0
BRDA:61,5,0,0
BRDA:61,5,1,0
BRDA:63,6,0,0
BRDA:63,6,1,0
BRDA:99,7,0,0
BRDA:99,7,1,0
BRDA:125,8,0,0
BRDA:125,8,1,0
BRDA:162,9,0,0
BRDA:162,9,1,0
BRDA:171,10,0,0
BRDA:171,10,1,0
BRDA:181,11,0,0
BRDA:181,11,1,0
BRDA:181,12,0,0
BRDA:181,12,1,0
BRDA:186,13,0,0
BRDA:186,13,1,0
BRDA:186,14,0,0
BRDA:186,14,1,0
BRDA:189,15,0,0
BRDA:189,15,1,0
BRDA:193,16,0,0
BRDA:193,16,1,0
BRDA:200,17,0,0
BRDA:200,17,1,0
BRDA:200,18,0,0
BRDA:200,18,1,0
BRDA:243,19,0,0
BRDA:243,19,1,0
BRDA:243,20,0,0
BRDA:243,20,1,0
BRDA:272,21,0,0
BRDA:272,21,1,0
BRDA:279,22,0,0
BRDA:279,22,1,0
BRF:45
BRH:0
end_of_record
TN:
SF:src\lib\core\event-system.js
FN:24,(anonymous_0)
FN:45,(anonymous_1)
FN:87,(anonymous_2)
FN:98,(anonymous_3)
FN:113,(anonymous_4)
FN:123,(anonymous_5)
FN:124,(anonymous_6)
FN:137,(anonymous_7)
FN:143,(anonymous_8)
FN:167,(anonymous_9)
FN:185,(anonymous_10)
FN:254,(anonymous_11)
FN:279,(anonymous_12)
FN:305,(anonymous_13)
FN:336,(anonymous_14)
FN:356,(anonymous_15)
FN:368,(anonymous_16)
FN:411,(anonymous_17)
FN:447,(anonymous_18)
FN:455,(anonymous_19)
FN:456,(anonymous_20)
FN:464,(anonymous_21)
FN:482,(anonymous_22)
FN:497,(anonymous_23)
FN:507,(anonymous_24)
FN:520,(anonymous_25)
FN:534,(anonymous_26)
FN:561,(anonymous_27)
FN:588,(anonymous_28)
FN:641,(anonymous_29)
FN:654,(anonymous_30)
FN:663,(anonymous_31)
FN:673,(anonymous_32)
FN:704,(anonymous_33)
FN:715,(anonymous_34)
FN:736,(anonymous_35)
FN:745,(anonymous_36)
FN:750,(anonymous_37)
FN:760,(anonymous_38)
FN:761,(anonymous_39)
FN:768,(anonymous_40)
FNF:41
FNH:5
FNDA:0,(anonymous_0)
FNDA:30,(anonymous_1)
FNDA:3,(anonymous_2)
FNDA:0,(anonymous_3)
FNDA:0,(anonymous_4)
FNDA:0,(anonymous_5)
FNDA:0,(anonymous_6)
FNDA:1,(anonymous_7)
FNDA:0,(anonymous_8)
FNDA:0,(anonymous_9)
FNDA:0,(anonymous_10)
FNDA:0,(anonymous_11)
FNDA:0,(anonymous_12)
FNDA:0,(anonymous_13)
FNDA:0,(anonymous_14)
FNDA:0,(anonymous_15)
FNDA:0,(anonymous_16)
FNDA:0,(anonymous_17)
FNDA:1,(anonymous_18)
FNDA:0,(anonymous_19)
FNDA:0,(anonymous_20)
FNDA:1,(anonymous_21)
FNDA:0,(anonymous_22)
FNDA:0,(anonymous_23)
FNDA:0,(anonymous_24)
FNDA:0,(anonymous_25)
FNDA:0,(anonymous_26)
FNDA:0,(anonymous_27)
FNDA:0,(anonymous_28)
FNDA:0,(anonymous_29)
FNDA:0,(anonymous_30)
FNDA:0,(anonymous_31)
FNDA:0,(anonymous_32)
FNDA:0,(anonymous_33)
FNDA:0,(anonymous_34)
FNDA:0,(anonymous_35)
FNDA:0,(anonymous_36)
FNDA:0,(anonymous_37)
FNDA:0,(anonymous_38)
FNDA:0,(anonymous_39)
FNDA:0,(anonymous_40)
DA:12,1
DA:13,1
DA:25,0
DA:46,30
DA:47,30
DA:53,30
DA:55,0
DA:56,0
DA:59,30
DA:60,30
DA:63,30
DA:66,30
DA:74,30
DA:75,30
DA:78,30
DA:88,3
DA:90,0
DA:91,0
DA:92,0
DA:94,0
DA:95,0
DA:98,0
DA:101,3
DA:102,3
DA:105,3
DA:107,3
DA:108,3
DA:113,3
DA:124,0
DA:125,0
DA:126,0
DA:129,0
DA:138,1
DA:139,1
DA:142,0
DA:143,0
DA:145,0
DA:146,0
DA:148,0
DA:149,0
DA:152,0
DA:154,0
DA:155,0
DA:168,0
DA:169,0
DA:170,0
DA:172,0
DA:173,0
DA:187,0
DA:188,0
DA:195,0
DA:196,0
DA:200,0
DA:201,0
DA:205,0
DA:206,0
DA:207,0
DA:208,0
DA:211,0
DA:212,0
DA:214,0
DA:218,0
DA:219,0
DA:229,0
DA:230,0
DA:231,0
DA:232,0
DA:234,0
DA:237,0
DA:238,0
DA:256,0
DA:257,0
DA:265,0
DA:266,0
DA:270,0
DA:271,0
DA:274,0
DA:277,0
DA:278,0
DA:279,0
DA:280,0
DA:281,0
DA:284,0
DA:285,0
DA:287,0
DA:291,0
DA:292,0
DA:303,0
DA:304,0
DA:305,0
DA:306,0
DA:307,0
DA:310,0
DA:311,0
DA:313,0
DA:317,0
DA:318,0
DA:328,0
DA:338,0
DA:339,0
DA:346,0
DA:347,0
DA:357,0
DA:370,0
DA:373,0
DA:374,0
DA:375,0
DA:376,0
DA:380,0
DA:381,0
DA:389,0
DA:392,0
DA:397,0
DA:398,0
DA:413,0
DA:416,0
DA:418,0
DA:421,0
DA:422,0
DA:430,0
DA:433,0
DA:438,0
DA:439,0
DA:448,1
DA:456,0
DA:465,1
DA:468,1
DA:469,0
DA:470,0
DA:474,1
DA:483,0
DA:484,0
DA:485,0
DA:487,0
DA:490,0
DA:498,0
DA:499,0
DA:500,0
DA:508,0
DA:509,0
DA:510,0
DA:521,0
DA:536,0
DA:537,0
DA:538,0
DA:540,0
DA:544,0
DA:550,0
DA:563,0
DA:564,0
DA:565,0
DA:567,0
DA:571,0
DA:577,0
DA:590,0
DA:593,0
DA:594,0
DA:595,0
DA:598,0
DA:599,0
DA:605,0
DA:606,0
DA:610,0
DA:624,0
DA:627,0
DA:628,0
DA:632,0
DA:642,0
DA:643,0
DA:645,0
DA:646,0
DA:655,0
DA:664,0
DA:674,0
DA:675,0
DA:676,0
DA:678,0
DA:681,0
DA:682,0
DA:683,0
DA:684,0
DA:686,0
DA:689,0
DA:690,0
DA:692,0
DA:705,0
DA:706,0
DA:716,0
DA:717,0
DA:720,0
DA:721,0
DA:723,0
DA:724,0
DA:727,0
DA:728,0
DA:737,0
DA:746,0
DA:747,0
DA:750,0
DA:761,0
DA:769,0
DA:773,1
LF:202
LH:26
BRDA:24,0,0,0
BRDA:27,1,0,0
BRDA:27,1,1,0
BRDA:28,2,0,0
BRDA:28,2,1,0
BRDA:45,3,0,0
BRDA:53,4,0,0
BRDA:53,4,1,30
BRDA:53,5,0,30
BRDA:53,5,1,30
BRDA:53,5,2,30
BRDA:63,6,0,30
BRDA:63,6,1,1
BRDA:66,7,0,30
BRDA:66,7,1,0
BRDA:74,8,0,28
BRDA:74,8,1,2
BRDA:75,9,0,30
BRDA:75,9,1,0
BRDA:88,10,0,0
BRDA:88,10,1,3
BRDA:94,11,0,0
BRDA:94,11,1,0
BRDA:101,12,0,3
BRDA:101,12,1,0
BRDA:107,13,0,3
BRDA:107,13,1,0
BRDA:138,14,0,1
BRDA:138,14,1,0
BRDA:145,15,0,0
BRDA:145,15,1,0
BRDA:148,16,0,0
BRDA:148,16,1,0
BRDA:154,17,0,0
BRDA:154,17,1,0
BRDA:169,18,0,0
BRDA:169,18,1,0
BRDA:172,19,0,0
BRDA:172,19,1,0
BRDA:187,20,0,0
BRDA:187,20,1,0
BRDA:195,21,0,0
BRDA:195,21,1,0
BRDA:200,22,0,0
BRDA:200,22,1,0
BRDA:205,23,0,0
BRDA:205,23,1,0
BRDA:211,24,0,0
BRDA:211,24,1,0
BRDA:211,25,0,0
BRDA:211,25,1,0
BRDA:218,26,0,0
BRDA:218,26,1,0
BRDA:230,27,0,0
BRDA:230,27,1,0
BRDA:237,28,0,0
BRDA:237,28,1,0
BRDA:256,29,0,0
BRDA:256,29,1,0
BRDA:265,30,0,0
BRDA:265,30,1,0
BRDA:270,31,0,0
BRDA:270,31,1,0
BRDA:277,32,0,0
BRDA:277,32,1,0
BRDA:284,33,0,0
BRDA:284,33,1,0
BRDA:284,34,0,0
BRDA:284,34,1,0
BRDA:291,35,0,0
BRDA:291,35,1,0
BRDA:304,36,0,0
BRDA:304,36,1,0
BRDA:310,37,0,0
BRDA:310,37,1,0
BRDA:310,38,0,0
BRDA:310,38,1,0
BRDA:317,39,0,0
BRDA:317,39,1,0
BRDA:338,40,0,0
BRDA:338,40,1,0
BRDA:338,41,0,0
BRDA:338,41,1,0
BRDA:368,42,0,0
BRDA:368,43,0,0
BRDA:373,44,0,0
BRDA:373,44,1,0
BRDA:375,45,0,0
BRDA:375,45,1,0
BRDA:375,46,0,0
BRDA:375,46,1,0
BRDA:375,46,2,0
BRDA:397,47,0,0
BRDA:397,47,1,0
BRDA:411,48,0,0
BRDA:411,49,0,0
BRDA:416,50,0,0
BRDA:416,50,1,0
BRDA:416,51,0,0
BRDA:416,51,1,0
BRDA:416,51,2,0
BRDA:416,51,3,0
BRDA:438,52,0,0
BRDA:438,52,1,0
BRDA:465,53,0,1
BRDA:465,53,1,0
BRDA:469,54,0,0
BRDA:469,54,1,0
BRDA:482,55,0,0
BRDA:483,56,0,0
BRDA:483,56,1,0
BRDA:484,57,0,0
BRDA:484,57,1,0
BRDA:484,58,0,0
BRDA:484,58,1,0
BRDA:499,59,0,0
BRDA:499,59,1,0
BRDA:499,60,0,0
BRDA:499,60,1,0
BRDA:500,61,0,0
BRDA:500,61,1,0
BRDA:509,62,0,0
BRDA:509,62,1,0
BRDA:509,63,0,0
BRDA:509,63,1,0
BRDA:520,64,0,0
BRDA:520,65,0,0
BRDA:536,66,0,0
BRDA:536,66,1,0
BRDA:536,67,0,0
BRDA:536,67,1,0
BRDA:537,68,0,0
BRDA:537,68,1,0
BRDA:546,69,0,0
BRDA:546,69,1,0
BRDA:561,70,0,0
BRDA:561,71,0,0
BRDA:563,72,0,0
BRDA:563,72,1,0
BRDA:563,73,0,0
BRDA:563,73,1,0
BRDA:564,74,0,0
BRDA:564,74,1,0
BRDA:573,75,0,0
BRDA:573,75,1,0
BRDA:588,76,0,0
BRDA:593,77,0,0
BRDA:593,77,1,0
BRDA:593,78,0,0
BRDA:593,78,1,0
BRDA:598,79,0,0
BRDA:598,79,1,0
BRDA:598,80,0,0
BRDA:598,80,1,0
BRDA:605,81,0,0
BRDA:605,81,1,0
BRDA:605,82,0,0
BRDA:605,82,1,0
BRDA:614,83,0,0
BRDA:614,83,1,0
BRDA:615,84,0,0
BRDA:615,84,1,0
BRDA:617,85,0,0
BRDA:617,85,1,0
BRDA:618,86,0,0
BRDA:618,86,1,0
BRDA:620,87,0,0
BRDA:620,87,1,0
BRDA:620,88,0,0
BRDA:620,88,1,0
BRDA:627,89,0,0
BRDA:627,89,1,0
BRDA:645,90,0,0
BRDA:645,90,1,0
BRDA:645,91,0,0
BRDA:645,91,1,0
BRDA:645,91,2,0
BRDA:664,92,0,0
BRDA:664,92,1,0
BRDA:673,93,0,0
BRDA:674,94,0,0
BRDA:674,94,1,0
BRDA:675,95,0,0
BRDA:675,95,1,0
BRDA:675,96,0,0
BRDA:675,96,1,0
BRDA:682,97,0,0
BRDA:682,97,1,0
BRDA:683,98,0,0
BRDA:683,98,1,0
BRDA:683,99,0,0
BRDA:683,99,1,0
BRDA:716,100,0,0
BRDA:716,100,1,0
BRDA:723,101,0,0
BRDA:723,101,1,0
BRDA:737,102,0,0
BRDA:737,102,1,0
BRDA:746,103,0,0
BRDA:746,103,1,0
BRF:200
BRH:15
end_of_record
TN:
SF:src\lib\core\operation-context.js
FN:15,(anonymous_0)
FN:32,(anonymous_1)
FN:58,(anonymous_2)
FN:66,(anonymous_3)
FN:82,(anonymous_4)
FNF:5
FNH:0
FNDA:0,(anonymous_0)
FNDA:0,(anonymous_1)
FNDA:0,(anonymous_2)
FNDA:0,(anonymous_3)
FNDA:0,(anonymous_4)
DA:16,0
DA:17,0
DA:18,0
DA:19,0
DA:20,0
DA:21,0
DA:22,0
DA:33,0
DA:34,0
DA:44,0
DA:45,0
DA:49,0
DA:50,0
DA:59,0
DA:67,0
DA:83,0
DA:94,1
LF:17
LH:1
BRDA:15,0,0,0
BRDA:16,1,0,0
BRDA:16,1,1,0
BRDA:20,2,0,0
BRDA:20,2,1,0
BRDA:21,3,0,0
BRDA:21,3,1,0
BRDA:22,4,0,0
BRDA:22,4,1,0
BRDA:32,5,0,0
BRDA:36,6,0,0
BRDA:36,6,1,0
BRDA:44,7,0,0
BRDA:44,7,1,0
BRDA:44,8,0,0
BRDA:44,8,1,0
BRDA:49,9,0,0
BRDA:49,9,1,0
BRDA:49,10,0,0
BRDA:49,10,1,0
BRDA:82,11,0,0
BRF:21
BRH:0
end_of_record
TN:
SF:src\lib\core\service-container.js
FN:15,(anonymous_0)
FN:27,(anonymous_1)
FN:38,(anonymous_2)
FN:49,(anonymous_3)
FN:88,(anonymous_4)
FN:97,(anonymous_5)
FN:106,(anonymous_6)
FN:116,(anonymous_7)
FNF:8
FNH:0
FNDA:0,(anonymous_0)
FNDA:0,(anonymous_1)
FNDA:0,(anonymous_2)
FNDA:0,(anonymous_3)
FNDA:0,(anonymous_4)
FNDA:0,(anonymous_5)
FNDA:0,(anonymous_6)
FNDA:0,(anonymous_7)
DA:16,0
DA:17,0
DA:18,0
DA:28,0
DA:29,0
DA:39,0
DA:40,0
DA:51,0
DA:52,0
DA:56,0
DA:58,0
DA:59,0
DA:63,0
DA:65,0
DA:67,0
DA:68,0
DA:71,0
DA:73,0
DA:76,0
DA:80,0
DA:89,0
DA:98,0
DA:99,0
DA:100,0
DA:107,0
DA:108,0
DA:109,0
DA:117,0
DA:126,0
LF:29
LH:0
BRDA:51,0,0,0
BRDA:51,0,1,0
BRDA:56,1,0,0
BRDA:56,1,1,0
BRDA:58,2,0,0
BRDA:58,2,1,0
BRDA:89,3,0,0
BRDA:89,3,1,0
BRDA:100,4,0,0
BRDA:100,4,1,0
BRF:10
BRH:0
end_of_record
TN:
SF:src\lib\core\service-definitions.js
FN:49,registerServices
FN:59,(anonymous_1)
FN:64,(anonymous_2)
FN:75,(anonymous_3)
FN:83,(anonymous_4)
FN:87,(anonymous_5)
FN:96,(anonymous_6)
FN:101,(anonymous_7)
FN:111,(anonymous_8)
FN:121,(anonymous_9)
FN:130,(anonymous_10)
FN:139,(anonymous_11)
FN:144,(anonymous_12)
FN:151,(anonymous_13)
FN:159,(anonymous_14)
FN:175,(anonymous_15)
FN:192,(anonymous_16)
FN:209,(anonymous_17)
FN:220,(anonymous_18)
FN:231,(anonymous_19)
FN:243,(anonymous_20)
FN:268,(anonymous_21)
FN:280,(anonymous_22)
FNF:23
FNH:0
FNDA:0,registerServices
FNDA:0,(anonymous_1)
FNDA:0,(anonymous_2)
FNDA:0,(anonymous_3)
FNDA:0,(anonymous_4)
FNDA:0,(anonymous_5)
FNDA:0,(anonymous_6)
FNDA:0,(anonymous_7)
FNDA:0,(anonymous_8)
FNDA:0,(anonymous_9)
FNDA:0,(anonymous_10)
FNDA:0,(anonymous_11)
FNDA:0,(anonymous_12)
FNDA:0,(anonymous_13)
FNDA:0,(anonymous_14)
FNDA:0,(anonymous_15)
FNDA:0,(anonymous_16)
FNDA:0,(anonymous_17)
FNDA:0,(anonymous_18)
FNDA:0,(anonymous_19)
FNDA:0,(anonymous_20)
FNDA:0,(anonymous_21)
FNDA:0,(anonymous_22)
DA:8,0
DA:9,0
DA:10,0
DA:11,0
DA:14,0
DA:15,0
DA:16,0
DA:19,0
DA:20,0
DA:24,0
DA:25,0
DA:26,0
DA:27,0
DA:28,0
DA:29,0
DA:30,0
DA:31,0
DA:32,0
DA:33,0
DA:34,0
DA:38,0
DA:39,0
DA:40,0
DA:41,0
DA:42,0
DA:51,0
DA:52,0
DA:53,0
DA:54,0
DA:55,0
DA:59,0
DA:60,0
DA:61,0
DA:64,0
DA:65,0
DA:66,0
DA:75,0
DA:76,0
DA:77,0
DA:83,0
DA:84,0
DA:87,0
DA:88,0
DA:89,0
DA:96,0
DA:97,0
DA:101,0
DA:102,0
DA:103,0
DA:111,0
DA:112,0
DA:113,0
DA:121,0
DA:122,0
DA:130,0
DA:131,0
DA:132,0
DA:139,0
DA:140,0
DA:141,0
DA:144,0
DA:145,0
DA:151,0
DA:152,0
DA:159,0
DA:160,0
DA:161,0
DA:175,0
DA:176,0
DA:177,0
DA:192,0
DA:193,0
DA:194,0
DA:209,0
DA:210,0
DA:220,0
DA:221,0
DA:231,0
DA:232,0
DA:243,0
DA:244,0
DA:246,0
DA:248,0
DA:268,0
DA:269,0
DA:280,0
DA:281,0
DA:292,0
LF:88
LH:0
BRDA:49,0,0,0
BRDA:60,1,0,0
BRDA:60,1,1,0
BRDA:65,2,0,0
BRDA:65,2,1,0
BRDA:68,3,0,0
BRDA:68,3,1,0
BRDA:69,4,0,0
BRDA:69,4,1,0
BRDA:70,5,0,0
BRDA:70,5,1,0
BRDA:76,6,0,0
BRDA:76,6,1,0
BRDA:88,7,0,0
BRDA:88,7,1,0
BRDA:102,8,0,0
BRDA:102,8,1,0
BRDA:104,9,0,0
BRDA:104,9,1,0
BRDA:112,10,0,0
BRDA:112,10,1,0
BRDA:114,11,0,0
BRDA:114,11,1,0
BRDA:126,12,0,0
BRDA:126,12,1,0
BRDA:131,13,0,0
BRDA:131,13,1,0
BRDA:140,14,0,0
BRDA:140,14,1,0
BRDA:160,15,0,0
BRDA:160,15,1,0
BRDA:176,16,0,0
BRDA:176,16,1,0
BRDA:193,17,0,0
BRDA:193,17,1,0
BRDA:244,18,0,0
BRDA:244,18,1,0
BRDA:262,19,0,0
BRDA:262,19,1,0
BRF:39
BRH:0
end_of_record
TN:
SF:src\lib\data\feedback-repository.js
FN:20,(anonymous_0)
FN:51,(anonymous_1)
FN:68,(anonymous_2)
FN:84,(anonymous_3)
FN:109,(anonymous_4)
FN:124,(anonymous_5)
FN:143,(anonymous_6)
FN:159,(anonymous_7)
FN:178,(anonymous_8)
FN:184,(anonymous_9)
FN:230,(anonymous_10)
FN:261,(anonymous_11)
FN:277,(anonymous_12)
FN:312,(anonymous_13)
FN:389,(anonymous_14)
FN:417,(anonymous_15)
FNF:16
FNH:0
FNDA:0,(anonymous_0)
FNDA:0,(anonymous_1)
FNDA:0,(anonymous_2)
FNDA:0,(anonymous_3)
FNDA:0,(anonymous_4)
FNDA:0,(anonymous_5)
FNDA:0,(anonymous_6)
FNDA:0,(anonymous_7)
FNDA:0,(anonymous_8)
FNDA:0,(anonymous_9)
FNDA:0,(anonymous_10)
FNDA:0,(anonymous_11)
FNDA:0,(anonymous_12)
FNDA:0,(anonymous_13)
FNDA:0,(anonymous_14)
FNDA:0,(anonymous_15)
DA:8,0
DA:21,0
DA:30,0
DA:38,0
DA:52,0
DA:53,0
DA:54,0
DA:55,0
DA:57,0
DA:59,0
DA:69,0
DA:70,0
DA:71,0
DA:76,0
DA:77,0
DA:80,0
DA:84,0
DA:87,0
DA:89,0
DA:92,0
DA:96,0
DA:98,0
DA:100,0
DA:110,0
DA:111,0
DA:112,0
DA:115,0
DA:116,0
DA:117,0
DA:120,0
DA:123,0
DA:124,0
DA:125,0
DA:130,0
DA:132,0
DA:134,0
DA:144,0
DA:145,0
DA:147,0
DA:149,0
DA:151,0
DA:152,0
DA:153,0
DA:154,0
DA:159,0
DA:160,0
DA:161,0
DA:162,0
DA:165,0
DA:167,0
DA:179,0
DA:181,0
DA:184,0
DA:185,0
DA:186,0
DA:189,0
DA:192,0
DA:195,0
DA:196,0
DA:197,0
DA:198,0
DA:202,0
DA:203,0
DA:208,0
DA:209,0
DA:210,0
DA:213,0
DA:214,0
DA:216,0
DA:218,0
DA:219,0
DA:221,0
DA:231,0
DA:232,0
DA:233,0
DA:236,0
DA:239,0
DA:240,0
DA:241,0
DA:245,0
DA:246,0
DA:248,0
DA:249,0
DA:252,0
DA:253,0
DA:257,0
DA:258,0
DA:261,0
DA:262,0
DA:264,0
DA:266,0
DA:267,0
DA:279,0
DA:280,0
DA:283,0
DA:286,0
DA:287,0
DA:288,0
DA:289,0
DA:294,0
DA:295,0
DA:296,0
DA:300,0
DA:301,0
DA:302,0
DA:305,0
DA:313,0
DA:316,0
DA:317,0
DA:320,0
DA:324,0
DA:326,0
DA:328,0
DA:329,0
DA:330,0
DA:331,0
DA:332,0
DA:337,0
DA:344,0
DA:345,0
DA:346,0
DA:347,0
DA:352,0
DA:354,0
DA:355,0
DA:356,0
DA:357,0
DA:362,0
DA:364,0
DA:365,0
DA:366,0
DA:367,0
DA:371,0
DA:380,0
DA:390,0
DA:393,0
DA:394,0
DA:397,0
DA:401,0
DA:403,0
DA:405,0
DA:406,0
DA:407,0
DA:408,0
DA:409,0
DA:414,0
DA:417,0
DA:418,0
DA:421,0
DA:422,0
DA:426,0
DA:427,0
DA:431,0
DA:432,0
DA:436,0
DA:437,0
DA:439,0
DA:440,0
DA:443,0
DA:444,0
DA:449,0
DA:450,0
DA:451,0
DA:453,0
DA:454,0
DA:458,0
DA:461,0
DA:466,0
LF:168
LH:0
BRDA:20,0,0,0
BRDA:23,1,0,0
BRDA:23,1,1,0
BRDA:24,2,0,0
BRDA:24,2,1,0
BRDA:25,3,0,0
BRDA:25,3,1,0
BRDA:30,4,0,0
BRDA:30,4,1,0
BRDA:38,5,0,0
BRDA:38,5,1,0
BRDA:53,6,0,0
BRDA:53,6,1,0
BRDA:55,7,0,0
BRDA:55,7,1,0
BRDA:70,8,0,0
BRDA:70,8,1,0
BRDA:87,9,0,0
BRDA:87,9,1,0
BRDA:111,10,0,0
BRDA:111,10,1,0
BRDA:125,11,0,0
BRDA:125,11,1,0
BRDA:125,11,2,0
BRDA:153,12,0,0
BRDA:153,12,1,0
BRDA:160,13,0,0
BRDA:160,13,1,0
BRDA:160,13,2,0
BRDA:161,14,0,0
BRDA:161,14,1,0
BRDA:161,14,2,0
BRDA:178,15,0,0
BRDA:185,16,0,0
BRDA:185,16,1,0
BRDA:195,17,0,0
BRDA:195,17,1,0
BRDA:195,18,0,0
BRDA:195,18,1,0
BRDA:197,19,0,0
BRDA:197,19,1,0
BRDA:202,20,0,0
BRDA:202,20,1,0
BRDA:202,21,0,0
BRDA:202,21,1,0
BRDA:218,22,0,0
BRDA:218,22,1,0
BRDA:232,23,0,0
BRDA:232,23,1,0
BRDA:232,24,0,0
BRDA:232,24,1,0
BRDA:240,25,0,0
BRDA:240,25,1,0
BRDA:240,26,0,0
BRDA:240,26,1,0
BRDA:246,27,0,0
BRDA:246,27,1,0
BRDA:248,28,0,0
BRDA:248,28,1,0
BRDA:252,29,0,0
BRDA:252,29,1,0
BRDA:257,30,0,0
BRDA:257,30,1,0
BRDA:279,31,0,0
BRDA:279,31,1,0
BRDA:279,32,0,0
BRDA:279,32,1,0
BRDA:288,33,0,0
BRDA:288,33,1,0
BRDA:295,34,0,0
BRDA:295,34,1,0
BRDA:301,35,0,0
BRDA:301,35,1,0
BRDA:331,36,0,0
BRDA:331,36,1,0
BRDA:346,37,0,0
BRDA:346,37,1,0
BRDA:356,38,0,0
BRDA:356,38,1,0
BRDA:357,39,0,0
BRDA:357,39,1,0
BRDA:366,40,0,0
BRDA:366,40,1,0
BRDA:367,41,0,0
BRDA:367,41,1,0
BRDA:389,42,0,0
BRDA:408,43,0,0
BRDA:408,43,1,0
BRDA:421,44,0,0
BRDA:421,44,1,0
BRDA:421,45,0,0
BRDA:421,45,1,0
BRDA:426,46,0,0
BRDA:426,46,1,0
BRDA:426,47,0,0
BRDA:426,47,1,0
BRDA:431,48,0,0
BRDA:431,48,1,0
BRDA:431,49,0,0
BRDA:431,49,1,0
BRDA:436,50,0,0
BRDA:436,50,1,0
BRDA:436,51,0,0
BRDA:436,51,1,0
BRDA:437,52,0,0
BRDA:437,52,1,0
BRDA:439,53,0,0
BRDA:439,53,1,0
BRDA:439,54,0,0
BRDA:439,54,1,0
BRDA:443,55,0,0
BRDA:443,55,1,0
BRDA:443,56,0,0
BRDA:443,56,1,0
BRDA:449,57,0,0
BRDA:449,57,1,0
BRDA:453,58,0,0
BRDA:453,58,1,0
BRF:118
BRH:0
end_of_record
TN:
SF:src\lib\data\repository.js
FN:17,(anonymous_0)
FN:34,(anonymous_1)
FN:49,(anonymous_2)
FN:70,(anonymous_3)
FN:91,(anonymous_4)
FN:107,(anonymous_5)
FN:116,(anonymous_6)
FN:127,(anonymous_7)
FN:145,(anonymous_8)
FN:171,(anonymous_9)
FN:186,(anonymous_10)
FN:213,(anonymous_11)
FN:220,(anonymous_12)
FN:249,(anonymous_13)
FN:278,(anonymous_14)
FN:294,(anonymous_15)
FN:310,(anonymous_16)
FN:334,(anonymous_17)
FN:370,(anonymous_18)
FNF:19
FNH:0
FNDA:0,(anonymous_0)
FNDA:0,(anonymous_1)
FNDA:0,(anonymous_2)
FNDA:0,(anonymous_3)
FNDA:0,(anonymous_4)
FNDA:0,(anonymous_5)
FNDA:0,(anonymous_6)
FNDA:0,(anonymous_7)
FNDA:0,(anonymous_8)
FNDA:0,(anonymous_9)
FNDA:0,(anonymous_10)
FNDA:0,(anonymous_11)
FNDA:0,(anonymous_12)
FNDA:0,(anonymous_13)
FNDA:0,(anonymous_14)
FNDA:0,(anonymous_15)
FNDA:0,(anonymous_16)
FNDA:0,(anonymous_17)
FNDA:0,(anonymous_18)
DA:19,0
DA:20,0
DA:21,0
DA:22,0
DA:35,0
DA:36,0
DA:50,0
DA:51,0
DA:52,0
DA:71,0
DA:72,0
DA:75,0
DA:76,0
DA:77,0
DA:78,0
DA:79,0
DA:80,0
DA:83,0
DA:84,0
DA:92,0
DA:93,0
DA:94,0
DA:96,0
DA:98,0
DA:108,0
DA:109,0
DA:110,0
DA:112,0
DA:113,0
DA:116,0
DA:118,0
DA:128,0
DA:130,0
DA:131,0
DA:132,0
DA:133,0
DA:138,0
DA:139,0
DA:142,0
DA:145,0
DA:146,0
DA:150,0
DA:151,0
DA:154,0
DA:156,0
DA:158,0
DA:159,0
DA:161,0
DA:172,0
DA:174,0
DA:175,0
DA:176,0
DA:177,0
DA:182,0
DA:183,0
DA:186,0
DA:187,0
DA:188,0
DA:192,0
DA:193,0
DA:194,0
DA:197,0
DA:199,0
DA:201,0
DA:202,0
DA:204,0
DA:214,0
DA:216,0
DA:217,0
DA:220,0
DA:221,0
DA:222,0
DA:226,0
DA:229,0
DA:230,0
DA:233,0
DA:235,0
DA:237,0
DA:238,0
DA:240,0
DA:250,0
DA:252,0
DA:253,0
DA:254,0
DA:258,0
DA:259,0
DA:262,0
DA:264,0
DA:266,0
DA:267,0
DA:269,0
DA:279,0
DA:280,0
DA:281,0
DA:283,0
DA:285,0
DA:295,0
DA:296,0
DA:297,0
DA:299,0
DA:301,0
DA:311,0
DA:312,0
DA:313,0
DA:316,0
DA:318,0
DA:319,0
DA:320,0
DA:323,0
DA:325,0
DA:335,0
DA:336,0
DA:337,0
DA:341,0
DA:342,0
DA:343,0
DA:347,0
DA:349,0
DA:350,0
DA:351,0
DA:354,0
DA:357,0
DA:359,0
DA:361,0
DA:371,0
DA:372,0
DA:373,0
DA:376,0
DA:378,0
DA:379,0
DA:380,0
DA:381,0
DA:383,0
DA:387,0
DA:389,0
DA:394,0
LF:136
LH:0
BRDA:17,0,0,0
BRDA:19,1,0,0
BRDA:19,1,1,0
BRDA:49,2,0,0
BRDA:70,3,0,0
BRDA:71,4,0,0
BRDA:71,4,1,0
BRDA:77,5,0,0
BRDA:77,5,1,0
BRDA:78,6,0,0
BRDA:78,6,1,0
BRDA:79,7,0,0
BRDA:79,7,1,0
BRDA:93,8,0,0
BRDA:93,8,1,0
BRDA:112,9,0,0
BRDA:112,9,1,0
BRDA:116,10,0,0
BRDA:116,10,1,0
BRDA:130,11,0,0
BRDA:130,11,1,0
BRDA:130,12,0,0
BRDA:130,12,1,0
BRDA:132,13,0,0
BRDA:132,13,1,0
BRDA:139,14,0,0
BRDA:139,14,1,0
BRDA:145,15,0,0
BRDA:145,15,1,0
BRDA:145,16,0,0
BRDA:145,16,1,0
BRDA:158,17,0,0
BRDA:158,17,1,0
BRDA:158,18,0,0
BRDA:158,18,1,0
BRDA:174,19,0,0
BRDA:174,19,1,0
BRDA:174,20,0,0
BRDA:174,20,1,0
BRDA:176,21,0,0
BRDA:176,21,1,0
BRDA:183,22,0,0
BRDA:183,22,1,0
BRDA:187,23,0,0
BRDA:187,23,1,0
BRDA:201,24,0,0
BRDA:201,24,1,0
BRDA:201,25,0,0
BRDA:201,25,1,0
BRDA:217,26,0,0
BRDA:217,26,1,0
BRDA:221,27,0,0
BRDA:221,27,1,0
BRDA:237,28,0,0
BRDA:237,28,1,0
BRDA:253,29,0,0
BRDA:253,29,1,0
BRDA:266,30,0,0
BRDA:266,30,1,0
BRDA:281,31,0,0
BRDA:281,31,1,0
BRDA:297,32,0,0
BRDA:297,32,1,0
BRDA:299,33,0,0
BRDA:299,33,1,0
BRDA:312,34,0,0
BRDA:312,34,1,0
BRDA:336,35,0,0
BRDA:336,35,1,0
BRDA:342,36,0,0
BRDA:342,36,1,0
BRDA:357,37,0,0
BRDA:357,37,1,0
BRDA:357,38,0,0
BRDA:357,38,1,0
BRDA:372,39,0,0
BRDA:372,39,1,0
BRF:77
BRH:0
end_of_record
TN:
SF:src\lib\data\session-repository.js
FN:21,(anonymous_0)
FN:37,(anonymous_1)
FN:53,(anonymous_2)
FN:82,(anonymous_3)
FN:150,(anonymous_4)
FN:177,(anonymous_5)
FN:205,(anonymous_6)
FN:263,(anonymous_7)
FN:308,(anonymous_8)
FN:323,(anonymous_9)
FN:337,(anonymous_10)
FN:382,(anonymous_11)
FN:420,(anonymous_12)
FN:434,(anonymous_13)
FN:453,(anonymous_14)
FNF:15
FNH:0
FNDA:0,(anonymous_0)
FNDA:0,(anonymous_1)
FNDA:0,(anonymous_2)
FNDA:0,(anonymous_3)
FNDA:0,(anonymous_4)
FNDA:0,(anonymous_5)
FNDA:0,(anonymous_6)
FNDA:0,(anonymous_7)
FNDA:0,(anonymous_8)
FNDA:0,(anonymous_9)
FNDA:0,(anonymous_10)
FNDA:0,(anonymous_11)
FNDA:0,(anonymous_12)
FNDA:0,(anonymous_13)
FNDA:0,(anonymous_14)
DA:8,0
DA:22,0
DA:30,0
DA:38,0
DA:39,0
DA:40,0
DA:42,0
DA:44,0
DA:54,0
DA:55,0
DA:57,0
DA:58,0
DA:59,0
DA:66,0
DA:67,0
DA:70,0
DA:73,0
DA:83,0
DA:84,0
DA:86,0
DA:87,0
DA:90,0
DA:91,0
DA:92,0
DA:97,0
DA:98,0
DA:101,0
DA:136,0
DA:137,0
DA:140,0
DA:148,0
DA:149,0
DA:151,0
DA:157,0
DA:158,0
DA:162,0
DA:165,0
DA:167,0
DA:178,0
DA:179,0
DA:180,0
DA:183,0
DA:186,0
DA:189,0
DA:190,0
DA:193,0
DA:195,0
DA:206,0
DA:208,0
DA:211,0
DA:213,0
DA:214,0
DA:218,0
DA:221,0
DA:222,0
DA:225,0
DA:226,0
DA:235,0
DA:236,0
DA:240,0
DA:242,0
DA:244,0
DA:248,0
DA:249,0
DA:251,0
DA:253,0
DA:265,0
DA:266,0
DA:269,0
DA:272,0
DA:273,0
DA:274,0
DA:275,0
DA:280,0
DA:281,0
DA:282,0
DA:286,0
DA:287,0
DA:294,0
DA:295,0
DA:296,0
DA:300,0
DA:309,0
DA:310,0
DA:312,0
DA:324,0
DA:325,0
DA:327,0
DA:338,0
DA:339,0
DA:340,0
DA:341,0
DA:342,0
DA:343,0
DA:345,0
DA:346,0
DA:348,0
DA:349,0
DA:350,0
DA:351,0
DA:352,0
DA:353,0
DA:354,0
DA:355,0
DA:360,0
DA:361,0
DA:364,0
DA:372,0
DA:383,0
DA:384,0
DA:385,0
DA:387,0
DA:388,0
DA:390,0
DA:391,0
DA:392,0
DA:395,0
DA:397,0
DA:408,0
DA:410,0
DA:421,0
DA:422,0
DA:423,0
DA:425,0
DA:426,0
DA:429,0
DA:430,0
DA:433,0
DA:434,0
DA:438,0
DA:445,0
DA:452,0
DA:453,0
DA:457,0
DA:460,0
DA:461,0
DA:462,0
DA:465,0
DA:466,0
DA:467,0
DA:468,0
DA:469,0
DA:470,0
DA:471,0
DA:472,0
DA:473,0
DA:478,0
DA:479,0
DA:480,0
DA:481,0
DA:482,0
DA:483,0
DA:484,0
DA:485,0
DA:489,0
DA:490,0
DA:498,0
DA:504,0
DA:509,0
LF:159
LH:0
BRDA:21,0,0,0
BRDA:24,1,0,0
BRDA:24,1,1,0
BRDA:25,2,0,0
BRDA:25,2,1,0
BRDA:26,3,0,0
BRDA:26,3,1,0
BRDA:39,4,0,0
BRDA:39,4,1,0
BRDA:58,5,0,0
BRDA:58,5,1,0
BRDA:58,6,0,0
BRDA:58,6,1,0
BRDA:66,7,0,0
BRDA:66,7,1,0
BRDA:86,8,0,0
BRDA:86,8,1,0
BRDA:91,9,0,0
BRDA:91,9,1,0
BRDA:103,10,0,0
BRDA:103,10,1,0
BRDA:105,11,0,0
BRDA:105,11,1,0
BRDA:136,12,0,0
BRDA:136,12,1,0
BRDA:144,13,0,0
BRDA:144,13,1,0
BRDA:148,14,0,0
BRDA:148,14,1,0
BRDA:151,15,0,0
BRDA:151,15,1,0
BRDA:151,15,2,0
BRDA:157,16,0,0
BRDA:157,16,1,0
BRDA:177,17,0,0
BRDA:179,18,0,0
BRDA:179,18,1,0
BRDA:189,19,0,0
BRDA:189,19,1,0
BRDA:205,20,0,0
BRDA:211,21,0,0
BRDA:211,21,1,0
BRDA:213,22,0,0
BRDA:213,22,1,0
BRDA:225,23,0,0
BRDA:225,23,1,0
BRDA:240,24,0,0
BRDA:240,24,1,0
BRDA:265,25,0,0
BRDA:265,25,1,0
BRDA:265,26,0,0
BRDA:265,26,1,0
BRDA:274,27,0,0
BRDA:274,27,1,0
BRDA:281,28,0,0
BRDA:281,28,1,0
BRDA:281,29,0,0
BRDA:281,29,1,0
BRDA:281,29,2,0
BRDA:291,30,0,0
BRDA:291,30,1,0
BRDA:295,31,0,0
BRDA:295,31,1,0
BRDA:348,32,0,0
BRDA:348,32,1,0
BRDA:350,33,0,0
BRDA:350,33,1,0
BRDA:352,34,0,0
BRDA:352,34,1,0
BRDA:354,35,0,0
BRDA:354,35,1,0
BRDA:360,36,0,0
BRDA:360,36,1,0
BRDA:361,37,0,0
BRDA:361,37,1,0
BRDA:391,38,0,0
BRDA:391,38,1,0
BRDA:402,39,0,0
BRDA:402,39,1,0
BRDA:425,40,0,0
BRDA:425,40,1,0
BRDA:425,41,0,0
BRDA:425,41,1,0
BRDA:442,42,0,0
BRDA:442,42,1,0
BRDA:449,43,0,0
BRDA:449,43,1,0
BRDA:465,44,0,0
BRDA:465,44,1,0
BRDA:466,45,0,0
BRDA:466,45,1,0
BRDA:468,46,0,0
BRDA:468,46,1,0
BRDA:470,47,0,0
BRDA:470,47,1,0
BRDA:472,48,0,0
BRDA:472,48,1,0
BRDA:472,49,0,0
BRDA:472,49,1,0
BRDA:478,50,0,0
BRDA:478,50,1,0
BRDA:480,51,0,0
BRDA:480,51,1,0
BRDA:482,52,0,0
BRDA:482,52,1,0
BRDA:484,53,0,0
BRDA:484,53,1,0
BRDA:484,54,0,0
BRDA:484,54,1,0
BRDA:489,55,0,0
BRDA:489,55,1,0
BRF:111
BRH:0
end_of_record
TN:
SF:src\lib\data\task-repository.js
FN:20,(anonymous_0)
FN:83,(anonymous_1)
FN:89,(anonymous_2)
FN:101,(anonymous_3)
FN:107,(anonymous_4)
FN:109,(anonymous_5)
FN:121,(anonymous_6)
FN:127,(anonymous_7)
FN:138,(anonymous_8)
FN:144,(anonymous_9)
FN:157,(anonymous_10)
FN:220,(anonymous_11)
FN:255,(anonymous_12)
FN:266,(anonymous_13)
FN:279,(anonymous_14)
FN:302,(anonymous_15)
FN:306,(anonymous_16)
FN:329,(anonymous_17)
FN:347,(anonymous_18)
FN:378,(anonymous_19)
FN:392,(anonymous_20)
FNF:21
FNH:0
FNDA:0,(anonymous_0)
FNDA:0,(anonymous_1)
FNDA:0,(anonymous_2)
FNDA:0,(anonymous_3)
FNDA:0,(anonymous_4)
FNDA:0,(anonymous_5)
FNDA:0,(anonymous_6)
FNDA:0,(anonymous_7)
FNDA:0,(anonymous_8)
FNDA:0,(anonymous_9)
FNDA:0,(anonymous_10)
FNDA:0,(anonymous_11)
FNDA:0,(anonymous_12)
FNDA:0,(anonymous_13)
FNDA:0,(anonymous_14)
FNDA:0,(anonymous_15)
FNDA:0,(anonymous_16)
FNDA:0,(anonymous_17)
FNDA:0,(anonymous_18)
FNDA:0,(anonymous_19)
FNDA:0,(anonymous_20)
DA:8,0
DA:21,0
DA:30,0
DA:66,0
DA:84,0
DA:85,0
DA:86,0
DA:87,0
DA:89,0
DA:92,0
DA:102,0
DA:103,0
DA:104,0
DA:105,0
DA:107,0
DA:108,0
DA:109,0
DA:112,0
DA:122,0
DA:123,0
DA:124,0
DA:125,0
DA:127,0
DA:129,0
DA:139,0
DA:140,0
DA:141,0
DA:142,0
DA:144,0
DA:146,0
DA:158,0
DA:160,0
DA:161,0
DA:162,0
DA:166,0
DA:167,0
DA:168,0
DA:172,0
DA:173,0
DA:177,0
DA:178,0
DA:179,0
DA:183,0
DA:186,0
DA:189,0
DA:190,0
DA:192,0
DA:196,0
DA:197,0
DA:198,0
DA:199,0
DA:201,0
DA:205,0
DA:207,0
DA:208,0
DA:210,0
DA:221,0
DA:223,0
DA:224,0
DA:225,0
DA:229,0
DA:230,0
DA:234,0
DA:235,0
DA:236,0
DA:241,0
DA:243,0
DA:244,0
DA:246,0
DA:256,0
DA:257,0
DA:258,0
DA:259,0
DA:262,0
DA:263,0
DA:266,0
DA:267,0
DA:268,0
DA:269,0
DA:272,0
DA:273,0
DA:276,0
DA:277,0
DA:279,0
DA:280,0
DA:281,0
DA:282,0
DA:285,0
DA:286,0
DA:289,0
DA:290,0
DA:291,0
DA:295,0
DA:296,0
DA:299,0
DA:302,0
DA:303,0
DA:304,0
DA:305,0
DA:306,0
DA:307,0
DA:308,0
DA:309,0
DA:310,0
DA:316,0
DA:321,0
DA:330,0
DA:331,0
DA:332,0
DA:333,0
DA:336,0
DA:338,0
DA:348,0
DA:350,0
DA:351,0
DA:352,0
DA:353,0
DA:357,0
DA:360,0
DA:363,0
DA:365,0
DA:367,0
DA:368,0
DA:370,0
DA:379,0
DA:380,0
DA:381,0
DA:383,0
DA:393,0
DA:395,0
DA:396,0
DA:397,0
DA:400,0
DA:403,0
DA:406,0
DA:408,0
DA:410,0
DA:411,0
DA:413,0
DA:418,0
LF:140
LH:0
BRDA:20,0,0,0
BRDA:23,1,0,0
BRDA:23,1,1,0
BRDA:24,2,0,0
BRDA:24,2,1,0
BRDA:25,3,0,0
BRDA:25,3,1,0
BRDA:86,4,0,0
BRDA:86,4,1,0
BRDA:86,5,0,0
BRDA:86,5,1,0
BRDA:104,6,0,0
BRDA:104,6,1,0
BRDA:104,7,0,0
BRDA:104,7,1,0
BRDA:108,8,0,0
BRDA:108,8,1,0
BRDA:124,9,0,0
BRDA:124,9,1,0
BRDA:124,10,0,0
BRDA:124,10,1,0
BRDA:141,11,0,0
BRDA:141,11,1,0
BRDA:141,12,0,0
BRDA:141,12,1,0
BRDA:161,13,0,0
BRDA:161,13,1,0
BRDA:167,14,0,0
BRDA:167,14,1,0
BRDA:172,15,0,0
BRDA:172,15,1,0
BRDA:177,16,0,0
BRDA:177,16,1,0
BRDA:178,17,0,0
BRDA:178,17,1,0
BRDA:178,18,0,0
BRDA:178,18,1,0
BRDA:189,19,0,0
BRDA:189,19,1,0
BRDA:196,20,0,0
BRDA:196,20,1,0
BRDA:198,21,0,0
BRDA:198,21,1,0
BRDA:207,22,0,0
BRDA:207,22,1,0
BRDA:224,23,0,0
BRDA:224,23,1,0
BRDA:229,24,0,0
BRDA:229,24,1,0
BRDA:234,25,0,0
BRDA:234,25,1,0
BRDA:243,26,0,0
BRDA:243,26,1,0
BRDA:263,27,0,0
BRDA:263,27,1,0
BRDA:267,28,0,0
BRDA:267,28,1,0
BRDA:272,29,0,0
BRDA:272,29,1,0
BRDA:280,30,0,0
BRDA:280,30,1,0
BRDA:285,31,0,0
BRDA:285,31,1,0
BRDA:290,32,0,0
BRDA:290,32,1,0
BRDA:303,33,0,0
BRDA:303,33,1,0
BRDA:303,34,0,0
BRDA:303,34,1,0
BRDA:305,35,0,0
BRDA:305,35,1,0
BRDA:307,36,0,0
BRDA:307,36,1,0
BRDA:309,37,0,0
BRDA:309,37,1,0
BRDA:332,38,0,0
BRDA:332,38,1,0
BRDA:332,39,0,0
BRDA:332,39,1,0
BRDA:350,40,0,0
BRDA:350,40,1,0
BRDA:350,41,0,0
BRDA:350,41,1,0
BRDA:352,42,0,0
BRDA:352,42,1,0
BRDA:367,43,0,0
BRDA:367,43,1,0
BRDA:381,44,0,0
BRDA:381,44,1,0
BRDA:396,45,0,0
BRDA:396,45,1,0
BRDA:410,46,0,0
BRDA:410,46,1,0
BRF:93
BRH:0
end_of_record
TN:
SF:src\lib\data\validators\feedback-validator.js
FN:16,(anonymous_0)
FN:40,(anonymous_1)
FN:246,(anonymous_2)
FN:282,(anonymous_3)
FN:313,(anonymous_4)
FNF:5
FNH:0
FNDA:0,(anonymous_0)
FNDA:0,(anonymous_1)
FNDA:0,(anonymous_2)
FNDA:0,(anonymous_3)
FNDA:0,(anonymous_4)
DA:18,0
DA:26,0
DA:41,0
DA:44,0
DA:45,0
DA:46,0
DA:49,0
DA:52,0
DA:53,0
DA:54,0
DA:55,0
DA:60,0
DA:61,0
DA:62,0
DA:63,0
DA:68,0
DA:69,0
DA:70,0
DA:71,0
DA:76,0
DA:77,0
DA:78,0
DA:79,0
DA:84,0
DA:85,0
DA:86,0
DA:89,0
DA:90,0
DA:91,0
DA:92,0
DA:99,0
DA:100,0
DA:101,0
DA:104,0
DA:105,0
DA:108,0
DA:109,0
DA:110,0
DA:111,0
DA:112,0
DA:115,0
DA:116,0
DA:119,0
DA:120,0
DA:127,0
DA:128,0
DA:129,0
DA:131,0
DA:132,0
DA:135,0
DA:136,0
DA:139,0
DA:140,0
DA:141,0
DA:142,0
DA:149,0
DA:150,0
DA:151,0
DA:153,0
DA:154,0
DA:157,0
DA:158,0
DA:161,0
DA:162,0
DA:171,0
DA:172,0
DA:173,0
DA:176,0
DA:177,0
DA:178,0
DA:179,0
DA:184,0
DA:185,0
DA:191,0
DA:192,0
DA:193,0
DA:195,0
DA:196,0
DA:199,0
DA:200,0
DA:204,0
DA:205,0
DA:209,0
DA:210,0
DA:214,0
DA:215,0
DA:216,0
DA:218,0
DA:219,0
DA:228,0
DA:229,0
DA:230,0
DA:234,0
DA:248,0
DA:250,0
DA:251,0
DA:257,0
DA:258,0
DA:265,0
DA:266,0
DA:272,0
DA:283,0
DA:284,0
DA:287,0
DA:288,0
DA:291,0
DA:292,0
DA:293,0
DA:297,0
DA:298,0
DA:300,0
DA:301,0
DA:304,0
DA:305,0
DA:309,0
DA:310,0
DA:313,0
DA:314,0
DA:316,0
DA:320,0
LF:120
LH:0
BRDA:16,0,0,0
BRDA:18,1,0,0
BRDA:18,1,1,0
BRDA:26,2,0,0
BRDA:26,2,1,0
BRDA:44,3,0,0
BRDA:44,3,1,0
BRDA:44,4,0,0
BRDA:44,4,1,0
BRDA:54,5,0,0
BRDA:54,5,1,0
BRDA:60,6,0,0
BRDA:60,6,1,0
BRDA:62,7,0,0
BRDA:62,7,1,0
BRDA:68,8,0,0
BRDA:68,8,1,0
BRDA:70,9,0,0
BRDA:70,9,1,0
BRDA:76,10,0,0
BRDA:76,10,1,0
BRDA:78,11,0,0
BRDA:78,11,1,0
BRDA:84,12,0,0
BRDA:84,12,1,0
BRDA:85,13,0,0
BRDA:85,13,1,0
BRDA:91,14,0,0
BRDA:91,14,1,0
BRDA:99,15,0,0
BRDA:99,15,1,0
BRDA:100,16,0,0
BRDA:100,16,1,0
BRDA:104,17,0,0
BRDA:104,17,1,0
BRDA:110,18,0,0
BRDA:110,18,1,0
BRDA:111,19,0,0
BRDA:111,19,1,0
BRDA:115,20,0,0
BRDA:115,20,1,0
BRDA:115,21,0,0
BRDA:115,21,1,0
BRDA:119,22,0,0
BRDA:119,22,1,0
BRDA:119,23,0,0
BRDA:119,23,1,0
BRDA:119,23,2,0
BRDA:127,24,0,0
BRDA:127,24,1,0
BRDA:128,25,0,0
BRDA:128,25,1,0
BRDA:135,26,0,0
BRDA:135,26,1,0
BRDA:139,27,0,0
BRDA:139,27,1,0
BRDA:141,28,0,0
BRDA:141,28,1,0
BRDA:149,29,0,0
BRDA:149,29,1,0
BRDA:150,30,0,0
BRDA:150,30,1,0
BRDA:157,31,0,0
BRDA:157,31,1,0
BRDA:161,32,0,0
BRDA:161,32,1,0
BRDA:171,33,0,0
BRDA:171,33,1,0
BRDA:172,34,0,0
BRDA:172,34,1,0
BRDA:178,35,0,0
BRDA:178,35,1,0
BRDA:184,36,0,0
BRDA:184,36,1,0
BRDA:184,37,0,0
BRDA:184,37,1,0
BRDA:191,38,0,0
BRDA:191,38,1,0
BRDA:192,39,0,0
BRDA:192,39,1,0
BRDA:199,40,0,0
BRDA:199,40,1,0
BRDA:204,41,0,0
BRDA:204,41,1,0
BRDA:204,42,0,0
BRDA:204,42,1,0
BRDA:209,43,0,0
BRDA:209,43,1,0
BRDA:209,44,0,0
BRDA:209,44,1,0
BRDA:214,45,0,0
BRDA:214,45,1,0
BRDA:215,46,0,0
BRDA:215,46,1,0
BRDA:218,47,0,0
BRDA:218,47,1,0
BRDA:228,48,0,0
BRDA:228,48,1,0
BRDA:229,49,0,0
BRDA:229,49,1,0
BRDA:250,50,0,0
BRDA:250,50,1,0
BRDA:257,51,0,0
BRDA:257,51,1,0
BRDA:265,52,0,0
BRDA:265,52,1,0
BRDA:265,53,0,0
BRDA:265,53,1,0
BRDA:283,54,0,0
BRDA:283,54,1,0
BRDA:283,55,0,0
BRDA:283,55,1,0
BRDA:292,56,0,0
BRDA:292,56,1,0
BRDA:292,57,0,0
BRDA:292,57,1,0
BRDA:298,58,0,0
BRDA:298,58,1,0
BRDA:300,59,0,0
BRDA:300,59,1,0
BRDA:304,60,0,0
BRDA:304,60,1,0
BRDA:309,61,0,0
BRDA:309,61,1,0
BRF:124
BRH:0
end_of_record
TN:
SF:src\lib\data\validators\session-validator.js
FN:16,(anonymous_0)
FN:25,(anonymous_1)
FN:288,(anonymous_2)
FNF:3
FNH:0
FNDA:0,(anonymous_0)
FNDA:0,(anonymous_1)
FNDA:0,(anonymous_2)
DA:26,0
DA:29,0
DA:30,0
DA:31,0
DA:34,0
DA:37,0
DA:38,0
DA:39,0
DA:40,0
DA:45,0
DA:46,0
DA:47,0
DA:48,0
DA:51,0
DA:52,0
DA:55,0
DA:56,0
DA:60,0
DA:61,0
DA:65,0
DA:66,0
DA:73,0
DA:74,0
DA:75,0
DA:79,0
DA:83,0
DA:84,0
DA:85,0
DA:87,0
DA:88,0
DA:91,0
DA:92,0
DA:95,0
DA:96,0
DA:100,0
DA:101,0
DA:105,0
DA:106,0
DA:110,0
DA:111,0
DA:112,0
DA:114,0
DA:115,0
DA:116,0
DA:117,0
DA:118,0
DA:128,0
DA:129,0
DA:130,0
DA:133,0
DA:134,0
DA:135,0
DA:137,0
DA:138,0
DA:141,0
DA:142,0
DA:145,0
DA:146,0
DA:149,0
DA:150,0
DA:154,0
DA:155,0
DA:156,0
DA:158,0
DA:159,0
DA:160,0
DA:161,0
DA:162,0
DA:172,0
DA:173,0
DA:174,0
DA:177,0
DA:178,0
DA:179,0
DA:182,0
DA:191,0
DA:192,0
DA:193,0
DA:195,0
DA:196,0
DA:199,0
DA:200,0
DA:204,0
DA:205,0
DA:209,0
DA:210,0
DA:211,0
DA:216,0
DA:217,0
DA:218,0
DA:223,0
DA:224,0
DA:225,0
DA:227,0
DA:228,0
DA:229,0
DA:230,0
DA:231,0
DA:241,0
DA:242,0
DA:243,0
DA:245,0
DA:246,0
DA:249,0
DA:250,0
DA:254,0
DA:255,0
DA:259,0
DA:260,0
DA:261,0
DA:266,0
DA:267,0
DA:268,0
DA:269,0
DA:276,0
DA:289,0
DA:290,0
DA:293,0
DA:294,0
DA:295,0
DA:298,0
DA:299,0
DA:300,0
DA:303,0
DA:304,0
DA:307,0
DA:308,0
DA:312,0
DA:313,0
DA:315,0
DA:316,0
DA:320,0
DA:321,0
DA:322,0
DA:325,0
DA:326,0
DA:327,0
DA:332,0
DA:339,0
DA:346,0
DA:347,0
DA:348,0
DA:353,0
DA:361,0
LF:144
LH:0
BRDA:16,0,0,0
BRDA:29,1,0,0
BRDA:29,1,1,0
BRDA:29,2,0,0
BRDA:29,2,1,0
BRDA:39,3,0,0
BRDA:39,3,1,0
BRDA:45,4,0,0
BRDA:45,4,1,0
BRDA:47,5,0,0
BRDA:47,5,1,0
BRDA:47,6,0,0
BRDA:47,6,1,0
BRDA:51,7,0,0
BRDA:51,7,1,0
BRDA:51,8,0,0
BRDA:51,8,1,0
BRDA:55,9,0,0
BRDA:55,9,1,0
BRDA:55,10,0,0
BRDA:55,10,1,0
BRDA:60,11,0,0
BRDA:60,11,1,0
BRDA:60,12,0,0
BRDA:60,12,1,0
BRDA:70,13,0,0
BRDA:70,13,1,0
BRDA:74,14,0,0
BRDA:74,14,1,0
BRDA:83,15,0,0
BRDA:83,15,1,0
BRDA:84,16,0,0
BRDA:84,16,1,0
BRDA:91,17,0,0
BRDA:91,17,1,0
BRDA:95,18,0,0
BRDA:95,18,1,0
BRDA:100,19,0,0
BRDA:100,19,1,0
BRDA:100,20,0,0
BRDA:100,20,1,0
BRDA:105,21,0,0
BRDA:105,21,1,0
BRDA:105,22,0,0
BRDA:105,22,1,0
BRDA:110,23,0,0
BRDA:110,23,1,0
BRDA:111,24,0,0
BRDA:111,24,1,0
BRDA:117,25,0,0
BRDA:117,25,1,0
BRDA:128,26,0,0
BRDA:128,26,1,0
BRDA:129,27,0,0
BRDA:129,27,1,0
BRDA:133,28,0,0
BRDA:133,28,1,0
BRDA:134,29,0,0
BRDA:134,29,1,0
BRDA:141,30,0,0
BRDA:141,30,1,0
BRDA:145,31,0,0
BRDA:145,31,1,0
BRDA:149,32,0,0
BRDA:149,32,1,0
BRDA:154,33,0,0
BRDA:154,33,1,0
BRDA:155,34,0,0
BRDA:155,34,1,0
BRDA:161,35,0,0
BRDA:161,35,1,0
BRDA:172,36,0,0
BRDA:172,36,1,0
BRDA:173,37,0,0
BRDA:173,37,1,0
BRDA:179,38,0,0
BRDA:179,38,1,0
BRDA:179,39,0,0
BRDA:179,39,1,0
BRDA:179,39,2,0
BRDA:191,40,0,0
BRDA:191,40,1,0
BRDA:192,41,0,0
BRDA:192,41,1,0
BRDA:199,42,0,0
BRDA:199,42,1,0
BRDA:204,43,0,0
BRDA:204,43,1,0
BRDA:204,44,0,0
BRDA:204,44,1,0
BRDA:209,45,0,0
BRDA:209,45,1,0
BRDA:210,46,0,0
BRDA:210,46,1,0
BRDA:210,47,0,0
BRDA:210,47,1,0
BRDA:210,47,2,0
BRDA:216,48,0,0
BRDA:216,48,1,0
BRDA:217,49,0,0
BRDA:217,49,1,0
BRDA:217,50,0,0
BRDA:217,50,1,0
BRDA:217,50,2,0
BRDA:223,51,0,0
BRDA:223,51,1,0
BRDA:224,52,0,0
BRDA:224,52,1,0
BRDA:230,53,0,0
BRDA:230,53,1,0
BRDA:241,54,0,0
BRDA:241,54,1,0
BRDA:242,55,0,0
BRDA:242,55,1,0
BRDA:249,56,0,0
BRDA:249,56,1,0
BRDA:254,57,0,0
BRDA:254,57,1,0
BRDA:254,58,0,0
BRDA:254,58,1,0
BRDA:259,59,0,0
BRDA:259,59,1,0
BRDA:260,60,0,0
BRDA:260,60,1,0
BRDA:260,61,0,0
BRDA:260,61,1,0
BRDA:260,61,2,0
BRDA:266,62,0,0
BRDA:266,62,1,0
BRDA:268,63,0,0
BRDA:268,63,1,0
BRDA:293,64,0,0
BRDA:293,64,1,0
BRDA:293,65,0,0
BRDA:293,65,1,0
BRDA:298,66,0,0
BRDA:298,66,1,0
BRDA:298,67,0,0
BRDA:298,67,1,0
BRDA:307,68,0,0
BRDA:307,68,1,0
BRDA:315,69,0,0
BRDA:315,69,1,0
BRDA:320,70,0,0
BRDA:320,70,1,0
BRDA:320,71,0,0
BRDA:320,71,1,0
BRDA:326,72,0,0
BRDA:326,72,1,0
BRDA:336,73,0,0
BRDA:336,73,1,0
BRDA:343,74,0,0
BRDA:343,74,1,0
BRDA:347,75,0,0
BRDA:347,75,1,0
BRF:155
BRH:0
end_of_record
TN:
SF:src\lib\data\validators\task-validator.js
FN:16,(anonymous_0)
FN:59,(anonymous_1)
FN:148,(anonymous_2)
FN:238,(anonymous_3)
FN:258,(anonymous_4)
FN:272,(anonymous_5)
FN:292,(anonymous_6)
FNF:7
FNH:0
FNDA:0,(anonymous_0)
FNDA:0,(anonymous_1)
FNDA:0,(anonymous_2)
FNDA:0,(anonymous_3)
FNDA:0,(anonymous_4)
FNDA:0,(anonymous_5)
FNDA:0,(anonymous_6)
DA:18,0
DA:60,0
DA:63,0
DA:64,0
DA:65,0
DA:66,0
DA:71,0
DA:72,0
DA:76,0
DA:77,0
DA:78,0
DA:82,0
DA:83,0
DA:84,0
DA:89,0
DA:90,0
DA:91,0
DA:96,0
DA:97,0
DA:100,0
DA:105,0
DA:106,0
DA:107,0
DA:112,0
DA:113,0
DA:114,0
DA:117,0
DA:118,0
DA:119,0
DA:120,0
DA:124,0
DA:125,0
DA:126,0
DA:127,0
DA:133,0
DA:134,0
DA:137,0
DA:149,0
DA:152,0
DA:153,0
DA:154,0
DA:158,0
DA:159,0
DA:161,0
DA:162,0
DA:165,0
DA:166,0
DA:167,0
DA:168,0
DA:172,0
DA:173,0
DA:177,0
DA:178,0
DA:180,0
DA:181,0
DA:184,0
DA:185,0
DA:193,0
DA:194,0
DA:196,0
DA:197,0
DA:200,0
DA:201,0
DA:202,0
DA:203,0
DA:207,0
DA:208,0
DA:212,0
DA:213,0
DA:215,0
DA:216,0
DA:219,0
DA:220,0
DA:227,0
DA:239,0
DA:240,0
DA:243,0
DA:244,0
DA:245,0
DA:249,0
DA:250,0
DA:251,0
DA:254,0
DA:255,0
DA:258,0
DA:259,0
DA:260,0
DA:261,0
DA:262,0
DA:265,0
DA:266,0
DA:269,0
DA:270,0
DA:272,0
DA:273,0
DA:274,0
DA:275,0
DA:278,0
DA:279,0
DA:280,0
DA:284,0
DA:285,0
DA:288,0
DA:292,0
DA:294,0
DA:295,0
DA:296,0
DA:299,0
DA:300,0
DA:301,0
DA:306,0
DA:307,0
DA:308,0
DA:312,0
DA:320,0
LF:115
LH:0
BRDA:16,0,0,0
BRDA:18,1,0,0
BRDA:18,1,1,0
BRDA:65,2,0,0
BRDA:65,2,1,0
BRDA:71,3,0,0
BRDA:71,3,1,0
BRDA:71,4,0,0
BRDA:71,4,1,0
BRDA:77,5,0,0
BRDA:77,5,1,0
BRDA:77,6,0,0
BRDA:77,6,1,0
BRDA:82,7,0,0
BRDA:82,7,1,0
BRDA:83,8,0,0
BRDA:83,8,1,0
BRDA:83,9,0,0
BRDA:83,9,1,0
BRDA:83,9,2,0
BRDA:89,10,0,0
BRDA:89,10,1,0
BRDA:90,11,0,0
BRDA:90,11,1,0
BRDA:90,12,0,0
BRDA:90,12,1,0
BRDA:96,13,0,0
BRDA:96,13,1,0
BRDA:97,14,0,0
BRDA:97,14,1,0
BRDA:97,15,0,0
BRDA:97,15,1,0
BRDA:97,15,2,0
BRDA:105,16,0,0
BRDA:105,16,1,0
BRDA:106,17,0,0
BRDA:106,17,1,0
BRDA:112,18,0,0
BRDA:112,18,1,0
BRDA:112,19,0,0
BRDA:112,19,1,0
BRDA:117,20,0,0
BRDA:117,20,1,0
BRDA:119,21,0,0
BRDA:119,21,1,0
BRDA:124,22,0,0
BRDA:124,22,1,0
BRDA:126,23,0,0
BRDA:126,23,1,0
BRDA:133,24,0,0
BRDA:133,24,1,0
BRDA:133,25,0,0
BRDA:133,25,1,0
BRDA:152,26,0,0
BRDA:152,26,1,0
BRDA:158,27,0,0
BRDA:158,27,1,0
BRDA:158,28,0,0
BRDA:158,28,1,0
BRDA:165,29,0,0
BRDA:165,29,1,0
BRDA:167,30,0,0
BRDA:167,30,1,0
BRDA:172,31,0,0
BRDA:172,31,1,0
BRDA:177,32,0,0
BRDA:177,32,1,0
BRDA:177,33,0,0
BRDA:177,33,1,0
BRDA:184,34,0,0
BRDA:184,34,1,0
BRDA:193,35,0,0
BRDA:193,35,1,0
BRDA:193,36,0,0
BRDA:193,36,1,0
BRDA:200,37,0,0
BRDA:200,37,1,0
BRDA:202,38,0,0
BRDA:202,38,1,0
BRDA:207,39,0,0
BRDA:207,39,1,0
BRDA:212,40,0,0
BRDA:212,40,1,0
BRDA:212,41,0,0
BRDA:212,41,1,0
BRDA:219,42,0,0
BRDA:219,42,1,0
BRDA:243,43,0,0
BRDA:243,43,1,0
BRDA:243,44,0,0
BRDA:243,44,1,0
BRDA:250,45,0,0
BRDA:250,45,1,0
BRDA:258,46,0,0
BRDA:259,47,0,0
BRDA:259,47,1,0
BRDA:265,48,0,0
BRDA:265,48,1,0
BRDA:273,49,0,0
BRDA:273,49,1,0
BRDA:273,50,0,0
BRDA:273,50,1,0
BRDA:279,51,0,0
BRDA:279,51,1,0
BRDA:295,52,0,0
BRDA:295,52,1,0
BRDA:300,53,0,0
BRDA:300,53,1,0
BRDA:306,54,0,0
BRDA:306,54,1,0
BRDA:313,55,0,0
BRDA:313,55,1,0
BRF:112
BRH:0
end_of_record
TN:
SF:src\lib\managers\feedback-manager.js
FN:45,(anonymous_0)
FN:85,(anonymous_1)
FN:135,(anonymous_2)
FN:165,(anonymous_3)
FN:178,(anonymous_4)
FNF:5
FNH:0
FNDA:0,(anonymous_0)
FNDA:0,(anonymous_1)
FNDA:0,(anonymous_2)
FNDA:0,(anonymous_3)
FNDA:0,(anonymous_4)
DA:9,0
DA:12,0
DA:20,0
DA:47,0
DA:48,0
DA:51,0
DA:52,0
DA:53,0
DA:54,0
DA:55,0
DA:56,0
DA:59,0
DA:60,0
DA:61,0
DA:64,0
DA:66,0
DA:72,0
DA:73,0
DA:87,0
DA:88,0
DA:89,0
DA:92,0
DA:95,0
DA:96,0
DA:97,0
DA:98,0
DA:99,0
DA:104,0
DA:105,0
DA:106,0
DA:107,0
DA:111,0
DA:112,0
DA:113,0
DA:117,0
DA:118,0
DA:119,0
DA:123,0
DA:124,0
DA:125,0
DA:128,0
DA:136,0
DA:137,0
DA:139,0
DA:140,0
DA:143,0
DA:145,0
DA:146,0
DA:149,0
DA:151,0
DA:152,0
DA:154,0
DA:156,0
DA:166,0
DA:168,0
DA:169,0
DA:170,0
DA:174,0
DA:175,0
DA:178,0
DA:180,0
DA:181,0
DA:185,0
DA:187,0
DA:188,0
DA:191,0
DA:193,0
DA:194,0
DA:196,0
DA:198,0
DA:203,0
LF:71
LH:0
BRDA:45,0,0,0
BRDA:47,1,0,0
BRDA:47,1,1,0
BRDA:48,2,0,0
BRDA:48,2,1,0
BRDA:53,3,0,0
BRDA:53,3,1,0
BRDA:59,4,0,0
BRDA:59,4,1,0
BRDA:60,5,0,0
BRDA:60,5,1,0
BRDA:61,6,0,0
BRDA:61,6,1,0
BRDA:72,7,0,0
BRDA:72,7,1,0
BRDA:87,8,0,0
BRDA:87,8,1,0
BRDA:87,9,0,0
BRDA:87,9,1,0
BRDA:97,10,0,0
BRDA:97,10,1,0
BRDA:105,11,0,0
BRDA:105,11,1,0
BRDA:111,12,0,0
BRDA:111,12,1,0
BRDA:117,13,0,0
BRDA:117,13,1,0
BRDA:117,14,0,0
BRDA:117,14,1,0
BRDA:123,15,0,0
BRDA:123,15,1,0
BRDA:139,16,0,0
BRDA:139,16,1,0
BRDA:145,17,0,0
BRDA:145,17,1,0
BRDA:145,18,0,0
BRDA:145,18,1,0
BRDA:151,19,0,0
BRDA:151,19,1,0
BRDA:169,20,0,0
BRDA:169,20,1,0
BRDA:169,21,0,0
BRDA:169,21,1,0
BRDA:180,22,0,0
BRDA:180,22,1,0
BRDA:187,23,0,0
BRDA:187,23,1,0
BRDA:187,24,0,0
BRDA:187,24,1,0
BRDA:193,25,0,0
BRDA:193,25,1,0
BRF:51
BRH:0
end_of_record
TN:
SF:src\lib\managers\integration-manager.js
FN:32,(anonymous_0)
FN:116,(anonymous_1)
FN:214,(anonymous_2)
FN:274,(anonymous_3)
FN:289,(anonymous_4)
FN:308,(anonymous_5)
FN:310,(anonymous_6)
FN:316,(anonymous_7)
FN:322,(anonymous_8)
FN:328,(anonymous_9)
FN:339,(anonymous_10)
FN:340,(anonymous_11)
FN:341,(anonymous_12)
FN:361,(anonymous_13)
FNF:14
FNH:0
FNDA:0,(anonymous_0)
FNDA:0,(anonymous_1)
FNDA:0,(anonymous_2)
FNDA:0,(anonymous_3)
FNDA:0,(anonymous_4)
FNDA:0,(anonymous_5)
FNDA:0,(anonymous_6)
FNDA:0,(anonymous_7)
FNDA:0,(anonymous_8)
FNDA:0,(anonymous_9)
FNDA:0,(anonymous_10)
FNDA:0,(anonymous_11)
FNDA:0,(anonymous_12)
FNDA:0,(anonymous_13)
DA:8,0
DA:34,0
DA:35,0
DA:36,0
DA:37,0
DA:40,0
DA:41,0
DA:42,0
DA:43,0
DA:44,0
DA:45,0
DA:46,0
DA:47,0
DA:48,0
DA:49,0
DA:50,0
DA:53,0
DA:54,0
DA:55,0
DA:59,0
DA:62,0
DA:63,0
DA:68,0
DA:69,0
DA:71,0
DA:74,0
DA:77,0
DA:79,0
DA:80,0
DA:83,0
DA:84,0
DA:94,0
DA:103,0
DA:104,0
DA:117,0
DA:119,0
DA:121,0
DA:122,0
DA:125,0
DA:126,0
DA:130,0
DA:131,0
DA:132,0
DA:133,0
DA:136,0
DA:138,0
DA:145,0
DA:148,0
DA:151,0
DA:154,0
DA:156,0
DA:157,0
DA:160,0
DA:161,0
DA:172,0
DA:182,0
DA:183,0
DA:188,0
DA:196,0
DA:197,0
DA:201,0
DA:202,0
DA:204,0
DA:205,0
DA:215,0
DA:217,0
DA:218,0
DA:221,0
DA:224,0
DA:227,0
DA:229,0
DA:230,0
DA:233,0
DA:234,0
DA:244,0
DA:253,0
DA:254,0
DA:259,0
DA:261,0
DA:262,0
DA:264,0
DA:265,0
DA:275,0
DA:276,0
DA:277,0
DA:278,0
DA:279,0
DA:281,0
DA:291,0
DA:294,0
DA:295,0
DA:296,0
DA:300,0
DA:301,0
DA:310,0
DA:311,0
DA:316,0
DA:317,0
DA:322,0
DA:323,0
DA:328,0
DA:329,0
DA:340,0
DA:341,0
DA:343,0
DA:353,0
DA:362,0
DA:364,0
DA:366,0
DA:375,0
DA:376,0
DA:380,0
DA:381,0
DA:382,0
DA:383,0
DA:385,0
DA:387,0
DA:388,0
DA:389,0
DA:390,0
DA:393,0
DA:394,0
DA:395,0
DA:396,0
DA:397,0
DA:399,0
DA:403,0
DA:404,0
DA:405,0
DA:406,0
DA:407,0
DA:409,0
DA:412,0
DA:415,0
DA:416,0
DA:417,0
DA:420,0
DA:421,0
DA:424,0
DA:431,0
DA:437,0
LF:141
LH:0
BRDA:32,0,0,0
BRDA:34,1,0,0
BRDA:34,1,1,0
BRDA:35,2,0,0
BRDA:35,2,1,0
BRDA:36,3,0,0
BRDA:36,3,1,0
BRDA:37,4,0,0
BRDA:37,4,1,0
BRDA:47,5,0,0
BRDA:47,5,1,0
BRDA:53,6,0,0
BRDA:53,6,1,0
BRDA:54,7,0,0
BRDA:54,7,1,0
BRDA:55,8,0,0
BRDA:55,8,1,0
BRDA:62,9,0,0
BRDA:62,9,1,0
BRDA:68,10,0,0
BRDA:68,10,1,0
BRDA:68,11,0,0
BRDA:68,11,1,0
BRDA:68,11,2,0
BRDA:68,11,3,0
BRDA:77,12,0,0
BRDA:77,12,1,0
BRDA:83,13,0,0
BRDA:83,13,1,0
BRDA:103,14,0,0
BRDA:103,14,1,0
BRDA:121,15,0,0
BRDA:121,15,1,0
BRDA:121,16,0,0
BRDA:121,16,1,0
BRDA:125,17,0,0
BRDA:125,17,1,0
BRDA:125,18,0,0
BRDA:125,18,1,0
BRDA:131,19,0,0
BRDA:131,19,1,0
BRDA:154,20,0,0
BRDA:154,20,1,0
BRDA:160,21,0,0
BRDA:160,21,1,0
BRDA:182,22,0,0
BRDA:182,22,1,0
BRDA:196,23,0,0
BRDA:196,23,1,0
BRDA:201,24,0,0
BRDA:201,24,1,0
BRDA:218,25,0,0
BRDA:218,25,1,0
BRDA:227,26,0,0
BRDA:227,26,1,0
BRDA:233,27,0,0
BRDA:233,27,1,0
BRDA:253,28,0,0
BRDA:253,28,1,0
BRDA:261,29,0,0
BRDA:261,29,1,0
BRDA:275,30,0,0
BRDA:275,30,1,0
BRDA:294,31,0,0
BRDA:294,31,1,0
BRDA:294,32,0,0
BRDA:294,32,1,0
BRDA:300,33,0,0
BRDA:300,33,1,0
BRDA:347,34,0,0
BRDA:347,34,1,0
BRDA:375,35,0,0
BRDA:375,35,1,0
BRDA:375,36,0,0
BRDA:375,36,1,0
BRDA:395,37,0,0
BRDA:395,37,1,0
BRDA:405,38,0,0
BRDA:405,38,1,0
BRDA:420,39,0,0
BRDA:420,39,1,0
BRDA:428,40,0,0
BRDA:428,40,1,0
BRF:83
BRH:0
end_of_record
TN:
SF:src\lib\managers\session-manager.js
FN:26,(anonymous_0)
FN:65,(anonymous_1)
FN:103,(anonymous_2)
FN:133,(anonymous_3)
FN:145,(anonymous_4)
FN:175,(anonymous_5)
FNF:6
FNH:0
FNDA:0,(anonymous_0)
FNDA:0,(anonymous_1)
FNDA:0,(anonymous_2)
FNDA:0,(anonymous_3)
FNDA:0,(anonymous_4)
FNDA:0,(anonymous_5)
DA:8,0
DA:28,0
DA:29,0
DA:32,0
DA:33,0
DA:34,0
DA:35,0
DA:36,0
DA:39,0
DA:40,0
DA:41,0
DA:44,0
DA:46,0
DA:52,0
DA:53,0
DA:67,0
DA:68,0
DA:69,0
DA:72,0
DA:75,0
DA:76,0
DA:77,0
DA:78,0
DA:79,0
DA:84,0
DA:85,0
DA:86,0
DA:90,0
DA:91,0
DA:92,0
DA:93,0
DA:96,0
DA:104,0
DA:105,0
DA:107,0
DA:108,0
DA:111,0
DA:113,0
DA:114,0
DA:117,0
DA:119,0
DA:120,0
DA:122,0
DA:124,0
DA:134,0
DA:136,0
DA:137,0
DA:141,0
DA:142,0
DA:145,0
DA:147,0
DA:148,0
DA:152,0
DA:154,0
DA:155,0
DA:158,0
DA:160,0
DA:161,0
DA:163,0
DA:165,0
DA:176,0
DA:177,0
DA:180,0
DA:181,0
DA:185,0
LF:65
LH:0
BRDA:26,0,0,0
BRDA:28,1,0,0
BRDA:28,1,1,0
BRDA:29,2,0,0
BRDA:29,2,1,0
BRDA:34,3,0,0
[...]
FN:16,emitErrorEvent
FNF:1
FNH:1
FNDA:8,emitErrorEvent
DA:18,8
DA:19,7
DA:22,8
DA:23,1
DA:27,7
DA:28,5
DA:32,7
DA:43,7
DA:46,1
LF:9
LH:9
BRDA:16,0,0,2
BRDA:16,1,0,4
BRDA:18,2,0,7
BRDA:18,2,1,1
BRDA:18,3,0,8
BRDA:18,3,1,7
BRDA:22,4,0,1
BRDA:22,4,1,7
BRDA:27,5,0,5
BRDA:27,5,1,2
BRDA:36,6,0,7
BRDA:36,6,1,6
BRDA:39,7,0,5
BRDA:39,7,1,2
BRF:14
BRH:14
end_of_record
TN:
SF:src\lib\utils\errors.js
FN:28,(anonymous_0)
FN:43,(anonymous_1)
FN:58,(anonymous_2)
FN:73,(anonymous_3)
FNF:4
FNH:4
FNDA:7,(anonymous_0)
FNDA:3,(anonymous_1)
FNDA:3,(anonymous_2)
FNDA:4,(anonymous_3)
DA:16,1
DA:29,7
DA:44,3
DA:59,3
DA:74,4
DA:82,4
DA:86,1
LF:7
LH:7
BRDA:28,0,0,1
BRDA:43,1,0,1
BRDA:58,2,0,1
BRDA:73,3,0,1
BRDA:78,4,0,4
BRDA:78,4,1,1
BRF:6
BRH:6
end_of_record
TN:
SF:src\lib\utils\event-emitter.js
FN:19,(anonymous_0)
FN:36,(anonymous_1)
FN:45,(anonymous_2)
FN:54,(anonymous_3)
FN:73,(anonymous_4)
FN:98,(anonymous_5)
FN:117,(anonymous_6)
FN:140,(anonymous_7)
FN:149,(anonymous_8)
FNF:9
FNH:9
FNDA:30,(anonymous_0)
FNDA:3,(anonymous_1)
FNDA:1,(anonymous_2)
FNDA:6,(anonymous_3)
FNDA:3,(anonymous_4)
FNDA:6,(anonymous_5)
FNDA:3,(anonymous_6)
FNDA:2,(anonymous_7)
FNDA:2,(anonymous_8)
DA:8,1
DA:20,30
DA:27,30
DA:37,3
DA:46,1
DA:56,6
DA:58,2
DA:62,6
DA:74,3
DA:75,3
DA:76,3
DA:77,3
DA:78,3
DA:81,3
DA:84,2
DA:86,2
DA:88,3
DA:100,6
DA:102,2
DA:106,6
DA:118,3
DA:119,3
DA:120,3
DA:121,3
DA:122,3
DA:125,3
DA:128,2
DA:130,2
DA:132,3
DA:141,2
DA:150,2
DA:154,1
LF:32
LH:32
BRDA:19,0,0,1
BRDA:20,1,0,30
BRDA:20,1,1,1
BRDA:21,2,0,30
BRDA:21,2,1,1
BRDA:22,3,0,30
BRDA:22,3,1,2
BRDA:23,4,0,30
BRDA:23,4,1,2
BRDA:56,5,0,2
BRDA:56,5,1,4
BRDA:56,6,0,6
BRDA:56,6,1,3
BRDA:73,7,0,1
BRDA:73,8,0,3
BRDA:100,9,0,2
BRDA:100,9,1,4
BRDA:100,10,0,6
BRDA:100,10,1,3
BRDA:117,11,0,1
BRDA:117,12,0,3
BRF:21
BRH:21
end_of_record
TN:
SF:src\lib\utils\event-helpers.js
FN:13,createStandardizedEventData
FN:33,createEventBridge
FN:35,(anonymous_2)
FN:40,(anonymous_3)
FN:63,emitStandardizedEvent
FNF:5
FNH:5
FNDA:28,createStandardizedEventData
FNDA:7,createEventBridge
FNDA:1,(anonymous_2)
FNDA:2,(anonymous_3)
FNDA:18,emitStandardizedEvent
DA:14,28
DA:15,28
DA:17,28
DA:35,7
DA:36,1
DA:40,7
DA:41,2
DA:42,1
DA:44,1
DA:49,7
DA:50,1
DA:64,18
DA:65,1
DA:68,17
DA:70,17
DA:73,17
DA:76,17
DA:79,17
DA:87,17
DA:88,13
DA:90,11
DA:91,5
DA:95,4
DA:97,4
DA:98,3
DA:102,4
DA:103,1
DA:108,15
DA:109,14
DA:111,14
DA:112,11
DA:115,11
DA:116,11
DA:118,11
DA:119,9
DA:123,8
DA:124,1
DA:126,3
DA:127,2
DA:131,11
DA:133,6
DA:134,1
DA:136,5
DA:138,6
DA:142,1
LF:45
LH:45
BRDA:13,0,0,1
BRDA:14,1,0,28
BRDA:14,1,1,27
BRDA:14,1,2,26
BRDA:15,2,0,28
BRDA:15,2,1,27
BRDA:15,2,2,26
BRDA:19,3,0,28
BRDA:19,3,1,27
BRDA:41,4,0,1
BRDA:41,4,1,1
BRDA:49,5,0,1
BRDA:49,5,1,6
BRDA:63,6,0,1
BRDA:63,7,0,11
BRDA:64,8,0,1
BRDA:64,8,1,17
BRDA:87,9,0,13
BRDA:87,9,1,4
BRDA:90,10,0,5
BRDA:90,10,1,6
BRDA:90,11,0,11
BRDA:90,11,1,8
BRDA:97,12,0,3
BRDA:97,12,1,1
BRDA:97,13,0,4
BRDA:97,13,1,4
BRDA:102,14,0,1
BRDA:102,14,1,3
BRDA:108,15,0,14
BRDA:108,15,1,1
BRDA:111,16,0,11
BRDA:111,16,1,3
BRDA:118,17,0,9
BRDA:118,17,1,2
BRDA:123,18,0,1
BRDA:123,18,1,7
BRDA:123,19,0,8
BRDA:123,19,1,1
BRDA:126,20,0,2
BRDA:126,20,1,1
BRDA:133,21,0,1
BRDA:133,21,1,5
BRF:43
BRH:43
end_of_record
TN:
SF:src\lib\utils\git.js
FN:19,(anonymous_0)
FN:38,(anonymous_1)
FN:53,(anonymous_2)
FN:82,(anonymous_3)
FN:105,(anonymous_4)
FN:110,(anonymous_5)
FN:131,(anonymous_6)
FN:143,(anonymous_7)
FN:175,(anonymous_8)
FN:186,(anonymous_9)
FN:225,(anonymous_10)
FN:240,(anonymous_11)
FN:273,(anonymous_12)
FN:284,(anonymous_13)
FN:304,(anonymous_14)
FN:328,(anonymous_15)
FN:339,(anonymous_16)
FN:371,(anonymous_17)
FN:382,(anonymous_18)
FN:415,(anonymous_19)
FN:446,(anonymous_20)
FN:489,(anonymous_21)
FN:592,(anonymous_22)
FN:630,(anonymous_23)
FN:634,(anonymous_24)
FN:656,(anonymous_25)
FNF:26
FNH:26
FNDA:31,(anonymous_0)
FNDA:62,(anonymous_1)
FNDA:3,(anonymous_2)
FNDA:2,(anonymous_3)
FNDA:3,(anonymous_4)
FNDA:2,(anonymous_5)
FNDA:3,(anonymous_6)
FNDA:2,(anonymous_7)
FNDA:5,(anonymous_8)
FNDA:6,(anonymous_9)
FNDA:4,(anonymous_10)
FNDA:8,(anonymous_11)
FNDA:3,(anonymous_12)
FNDA:3,(anonymous_13)
FNDA:2,(anonymous_14)
FNDA:3,(anonymous_15)
FNDA:2,(anonymous_16)
FNDA:3,(anonymous_17)
FNDA:2,(anonymous_18)
FNDA:87,(anonymous_19)
FNDA:31,(anonymous_20)
FNDA:4,(anonymous_21)
FNDA:2,(anonymous_22)
FNDA:4,(anonymous_23)
FNDA:4,(anonymous_24)
FNDA:4,(anonymous_25)
DA:8,1
DA:20,31
DA:21,31
DA:22,31
DA:39,62
DA:40,62
DA:41,62
DA:42,62
DA:43,62
DA:54,3
DA:55,3
DA:61,3
DA:63,3
DA:65,1
DA:67,1
DA:69,2
DA:71,2
DA:83,2
DA:84,2
DA:86,2
DA:88,1
DA:90,1
DA:92,1
DA:94,1
DA:106,3
DA:107,3
DA:109,3
DA:110,2
DA:112,2
DA:114,2
DA:116,1
DA:118,1
DA:132,3
DA:133,3
DA:135,3
DA:136,3
DA:137,3
DA:139,2
DA:140,1
DA:143,1
DA:144,2
DA:145,2
DA:147,2
DA:156,1
DA:158,1
DA:160,1
DA:162,1
DA:176,5
DA:177,5
DA:179,5
DA:180,5
DA:182,3
DA:183,1
DA:186,2
DA:187,6
DA:190,6
DA:192,1
DA:193,1
DA:195,1
DA:196,1
DA:198,1
DA:199,1
DA:201,3
DA:204,6
DA:207,2
DA:209,2
DA:211,2
DA:213,2
DA:226,4
DA:227,4
DA:230,4
DA:233,4
DA:234,4
DA:236,3
DA:237,3
DA:239,3
DA:240,3
DA:241,8
DA:243,8
DA:244,6
DA:245,6
DA:250,3
DA:256,3
DA:258,3
DA:260,1
DA:262,1
DA:274,3
DA:275,3
DA:277,3
DA:278,3
DA:280,2
DA:281,1
DA:284,1
DA:285,3
DA:288,1
DA:290,1
DA:292,1
DA:294,1
DA:305,2
DA:306,2
DA:308,2
DA:309,2
DA:311,1
DA:313,1
DA:315,1
DA:317,1
DA:329,3
DA:330,3
DA:332,3
DA:333,3
DA:335,2
DA:336,1
DA:339,1
DA:340,2
DA:341,2
DA:343,2
DA:352,1
DA:354,1
DA:356,1
DA:358,1
DA:372,3
DA:373,3
DA:375,3
DA:376,3
DA:378,2
DA:379,1
DA:382,1
DA:383,2
DA:384,2
DA:386,2
DA:395,1
DA:397,1
DA:399,1
DA:401,1
DA:416,87
DA:418,86
DA:419,84
DA:420,84
DA:427,86
DA:428,86
DA:429,86
DA:430,86
DA:447,31
DA:450,31
DA:451,17
DA:455,14
DA:462,14
DA:463,14
DA:467,14
DA:468,1
DA:469,13
DA:470,3
DA:471,10
DA:474,5
DA:475,5
DA:476,1
DA:477,4
DA:478,1
DA:480,3
DA:490,4
DA:492,4
DA:496,4
DA:497,4
DA:498,4
DA:505,4
DA:506,4
DA:509,3
DA:510,3
DA:512,3
DA:513,1
DA:516,2
DA:517,2
DA:520,2
DA:523,2
DA:525,2
DA:549,2
DA:553,2
DA:554,2
DA:555,2
DA:563,2
DA:566,1
DA:570,1
DA:571,1
DA:572,1
DA:580,1
DA:593,2
DA:594,2
DA:597,2
DA:602,2
DA:604,1
DA:607,1
DA:608,1
DA:614,1
DA:616,1
DA:618,1
DA:631,4
DA:632,4
DA:634,4
DA:635,4
DA:636,4
DA:638,3
DA:640,3
DA:642,1
DA:644,1
DA:657,4
DA:659,4
DA:660,1
DA:661,1
DA:662,1
DA:668,3
DA:670,3
DA:671,3
DA:674,2
DA:676,2
DA:678,2
DA:680,1
DA:682,1
DA:690,1
LF:218
LH:218
BRDA:38,0,0,1
BRDA:39,1,0,62
BRDA:39,1,1,1
BRDA:40,2,0,62
BRDA:40,2,1,2
BRDA:53,3,0,3
BRDA:109,4,0,3
BRDA:109,4,1,1
BRDA:139,5,0,1
BRDA:139,5,1,1
BRDA:182,6,0,1
BRDA:182,6,1,2
BRDA:190,7,0,1
BRDA:190,7,1,1
BRDA:190,7,2,1
BRDA:190,7,3,3
BRDA:239,8,0,3
BRDA:239,8,1,0
BRDA:243,9,0,6
BRDA:243,9,1,2
BRDA:243,10,0,8
BRDA:243,10,1,6
BRDA:244,11,0,6
BRDA:244,11,1,2
BRDA:245,12,0,6
BRDA:245,12,1,2
BRDA:280,13,0,1
BRDA:280,13,1,1
BRDA:328,14,0,1
BRDA:335,15,0,1
BRDA:335,15,1,1
BRDA:371,16,0,0
BRDA:378,17,0,1
BRDA:378,17,1,1
BRDA:416,18,0,86
BRDA:416,18,1,1
BRDA:418,19,0,84
BRDA:418,19,1,2
BRDA:427,20,0,86
BRDA:427,20,1,0
BRDA:428,21,0,1
BRDA:428,21,1,85
BRDA:446,22,0,0
BRDA:450,23,0,17
BRDA:450,23,1,14
BRDA:450,24,0,31
BRDA:450,24,1,17
BRDA:462,25,0,14
BRDA:462,25,1,0
BRDA:467,26,0,1
BRDA:467,26,1,13
BRDA:469,27,0,3
BRDA:469,27,1,10
BRDA:469,28,0,13
BRDA:469,28,1,11
BRDA:471,29,0,5
BRDA:471,29,1,5
BRDA:471,30,0,10
BRDA:471,30,1,9
BRDA:471,30,2,8
BRDA:471,30,3,7
BRDA:471,30,4,6
BRDA:475,31,0,1
BRDA:475,31,1,4
BRDA:477,32,0,1
BRDA:477,32,1,3
BRDA:496,33,0,4
BRDA:496,33,1,0
BRDA:496,34,0,4
BRDA:496,34,1,4
BRDA:512,35,0,1
BRDA:512,35,1,2
BRDA:517,36,0,2
BRDA:517,36,1,0
BRDA:553,37,0,2
BRDA:553,37,1,0
BRDA:553,38,0,2
BRDA:553,38,1,2
BRDA:570,39,0,1
BRDA:570,39,1,0
BRDA:570,40,0,1
BRDA:570,40,1,1
BRDA:607,41,0,1
BRDA:607,41,1,0
BRDA:634,42,0,3
BRDA:634,42,1,1
BRDA:659,43,0,1
BRDA:659,43,1,3
BRDA:659,44,0,4
BRDA:659,44,1,3
BRF:90
BRH:80
end_of_record
TN:
SF:src\lib\utils\lock-manager.js
FN:17,(anonymous_0)
FN:31,(anonymous_1)
FN:54,(anonymous_2)
FN:76,(anonymous_3)
FN:105,(anonymous_4)
FN:106,(anonymous_5)
FN:113,(anonymous_6)
FNF:7
FNH:7
FNDA:17,(anonymous_0)
FNDA:3,(anonymous_1)
FNDA:3,(anonymous_2)
FNDA:5,(anonymous_3)
FNDA:2,(anonymous_4)
FNDA:2,(anonymous_5)
FNDA:2,(anonymous_6)
DA:7,1
DA:18,17
DA:19,17
DA:20,17
DA:21,17
DA:32,3
DA:33,3
DA:35,3
DA:36,7
DA:37,7
DA:38,2
DA:41,5
DA:42,5
DA:45,1
DA:55,3
DA:57,3
DA:58,1
DA:61,2
DA:62,1
DA:65,1
DA:66,1
DA:77,5
DA:78,5
DA:81,5
DA:82,3
DA:86,3
DA:90,2
DA:92,1
DA:93,1
DA:96,1
DA:106,2
DA:114,2
DA:115,2
DA:117,2
DA:118,2
DA:126,2
DA:130,1
LF:37
LH:37
BRDA:17,0,0,16
BRDA:19,1,0,17
BRDA:19,1,1,16
BRDA:20,2,0,17
BRDA:20,2,1,16
BRDA:21,3,0,17
BRDA:21,3,1,16
BRDA:31,4,0,3
BRDA:35,5,0,8
BRDA:35,5,1,8
BRDA:37,6,0,2
BRDA:37,6,1,5
BRDA:57,7,0,1
BRDA:57,7,1,2
BRDA:61,8,0,1
BRDA:61,8,1,1
BRDA:81,9,0,3
BRDA:81,9,1,2
BRDA:81,10,0,5
BRDA:81,10,1,3
BRDA:90,11,0,1
BRDA:90,11,1,1
BRF:22
BRH:22
end_of_record
TN:
SF:src\lib\utils\logger.js
FN:15,(anonymous_0)
FN:28,(anonymous_1)
FN:39,(anonymous_2)
FN:40,(anonymous_3)
FN:49,(anonymous_4)
FN:121,(anonymous_5)
FN:130,(anonymous_6)
FN:139,(anonymous_7)
FN:148,(anonymous_8)
FN:157,(anonymous_9)
FN:166,(anonymous_10)
FN:193,(anonymous_11)
FN:229,(anonymous_12)
FNF:13
FNH:12
FNDA:43,(anonymous_0)
FNDA:0,(anonymous_1)
FNDA:27,(anonymous_2)
FNDA:27,(anonymous_3)
FNDA:18,(anonymous_4)
FNDA:1,(anonymous_5)
FNDA:1,(anonymous_6)
FNDA:1,(anonymous_7)
FNDA:1,(anonymous_8)
FNDA:1,(anonymous_9)
FNDA:9,(anonymous_10)
FNDA:6,(anonymous_11)
FNDA:6,(anonymous_12)
DA:16,43
DA:17,43
DA:25,43
DA:28,0
DA:33,43
DA:36,43
DA:39,43
DA:40,43
DA:50,18
DA:51,1
DA:55,17
DA:56,17
DA:57,17
DA:59,17
DA:73,17
DA:74,3
DA:75,3
DA:77,1
DA:82,17
DA:83,17
DA:84,17
DA:86,1
DA:91,17
DA:93,17
DA:94,14
DA:101,3
DA:104,3
DA:105,1
DA:111,17
DA:112,4
DA:122,1
DA:131,1
DA:140,1
DA:149,1
DA:158,1
DA:169,9
DA:171,8
DA:172,5
DA:179,3
DA:182,3
DA:183,1
DA:194,6
DA:196,6
DA:197,5
DA:198,5
DA:199,5
DA:202,5
DA:203,2
DA:211,3
DA:217,3
DA:218,1
DA:230,6
DA:232,6
DA:233,5
DA:234,5
DA:235,5
DA:238,5
DA:239,2
DA:247,3
DA:253,3
DA:254,1
DA:261,1
LF:62
LH:61
BRDA:15,0,0,3
BRDA:16,1,0,43
BRDA:16,1,1,3
BRDA:25,2,0,43
BRDA:25,2,1,3
BRDA:33,3,0,43
BRDA:33,3,1,42
BRDA:39,4,0,43
BRDA:39,4,1,42
BRDA:40,5,0,43
BRDA:40,5,1,42
BRDA:49,6,0,11
BRDA:50,7,0,1
BRDA:50,7,1,17
BRDA:56,8,0,17
BRDA:56,8,1,16
BRDA:56,8,2,16
BRDA:57,9,0,17
BRDA:57,9,1,16
BRDA:57,9,2,16
BRDA:91,10,0,17
BRDA:91,10,1,0
BRDA:93,11,0,14
BRDA:93,11,1,3
BRDA:104,12,0,1
BRDA:104,12,1,2
BRDA:111,13,0,4
BRDA:111,13,1,13
BRDA:111,14,0,17
BRDA:111,14,1,15
BRDA:169,15,0,8
BRDA:169,15,1,1
BRDA:171,16,0,5
BRDA:171,16,1,3
BRDA:174,17,0,5
BRDA:174,17,1,0
BRDA:175,18,0,5
BRDA:175,18,1,0
BRDA:182,19,0,1
BRDA:182,19,1,2
BRDA:196,20,0,5
BRDA:196,20,1,1
BRDA:202,21,0,2
BRDA:202,21,1,3
BRDA:217,22,0,1
BRDA:217,22,1,2
BRDA:232,23,0,5
BRDA:232,23,1,1
BRDA:238,24,0,2
BRDA:238,24,1,3
BRDA:253,25,0,1
BRDA:253,25,1,2
BRF:52
BRH:49
end_of_record
TN:
SF:src\lib\utils\plugin-manager.js
FN:15,(anonymous_0)
FN:27,(anonymous_1)
FN:80,(anonymous_2)
FN:136,(anonymous_3)
FN:145,(anonymous_4)
FN:186,(anonymous_5)
FN:197,(anonymous_6)
FNF:7
FNH:7
FNDA:31,(anonymous_0)
FNDA:8,(anonymous_1)
FNDA:9,(anonymous_2)
FNDA:2,(anonymous_3)
FNDA:6,(anonymous_4)
FNDA:2,(anonymous_5)
FNDA:23,(anonymous_6)
DA:16,31
DA:17,31
DA:18,31
DA:28,8
DA:29,2
DA:31,2
DA:32,1
DA:38,2
DA:41,6
DA:42,6
DA:45,6
DA:46,4
DA:47,4
DA:49,2
DA:51,2
DA:52,1
DA:61,6
DA:62,3
DA:70,6
DA:81,9
DA:83,9
DA:84,4
DA:85,2
DA:92,4
DA:95,5
DA:96,5
DA:97,3
DA:104,5
DA:106,3
DA:107,2
DA:114,3
DA:116,2
DA:118,2
DA:119,1
DA:127,2
DA:137,2
DA:146,6
DA:148,6
DA:149,1
DA:153,5
DA:154,4
DA:155,4
DA:157,2
DA:159,2
DA:160,1
DA:169,5
DA:170,5
DA:172,5
DA:173,3
DA:179,5
DA:187,2
DA:198,23
DA:199,6
DA:202,17
DA:203,4
DA:207,13
DA:209,2
DA:211,2
DA:213,2
DA:215,3
DA:220,4
DA:225,1
LF:62
LH:62
BRDA:15,0,0,1
BRDA:17,1,0,31
BRDA:17,1,1,1
BRDA:28,2,0,2
BRDA:28,2,1,6
BRDA:31,3,0,1
BRDA:31,3,1,1
BRDA:45,4,0,4
BRDA:45,4,1,2
BRDA:51,5,0,1
BRDA:51,5,1,1
BRDA:61,6,0,3
BRDA:61,6,1,3
BRDA:83,7,0,4
BRDA:83,7,1,5
BRDA:83,8,0,9
BRDA:83,8,1,7
BRDA:84,9,0,2
BRDA:84,9,1,2
BRDA:96,10,0,3
BRDA:96,10,1,2
BRDA:106,11,0,2
BRDA:106,11,1,1
BRDA:118,12,0,1
BRDA:118,12,1,1
BRDA:148,13,0,1
BRDA:148,13,1,5
BRDA:153,14,0,4
BRDA:153,14,1,1
BRDA:159,15,0,1
BRDA:159,15,1,1
BRDA:172,16,0,3
BRDA:172,16,1,2
BRDA:198,17,0,6
BRDA:198,17,1,17
BRDA:198,18,0,23
BRDA:198,18,1,20
BRDA:202,19,0,4
BRDA:202,19,1,13
BRDA:202,20,0,17
BRDA:202,20,1,14
BRDA:207,21,0,2
BRDA:207,21,1,2
BRDA:207,21,2,2
BRDA:207,21,3,3
BRDA:207,21,4,4
BRDA:215,22,0,3
BRDA:215,22,1,2
BRF:48
BRH:48
end_of_record
TN:
SF:src\lib\utils\storage.js
FN:20,(anonymous_0)
FN:39,(anonymous_1)
FN:52,(anonymous_2)
FN:77,(anonymous_3)
FN:189,(anonymous_4)
FN:222,(anonymous_5)
FN:257,(anonymous_6)
FN:294,(anonymous_7)
FN:335,(anonymous_8)
FN:388,(anonymous_9)
FN:397,(anonymous_10)
FN:422,(anonymous_11)
FN:437,(anonymous_12)
FN:448,(anonymous_13)
FN:462,(anonymous_14)
FN:489,(anonymous_15)
FN:506,(anonymous_16)
FN:528,(anonymous_17)
FN:563,(anonymous_18)
FN:611,(anonymous_19)
FN:654,(anonymous_20)
FN:687,(anonymous_21)
FN:728,(anonymous_22)
FN:739,(anonymous_23)
FN:757,(anonymous_24)
FN:760,(anonymous_25)
FNF:26
FNH:24
FNDA:28,(anonymous_0)
FNDA:78,(anonymous_1)
FNDA:41,(anonymous_2)
FNDA:5,(anonymous_3)
FNDA:4,(anonymous_4)
FNDA:4,(anonymous_5)
FNDA:1,(anonymous_6)
FNDA:3,(anonymous_7)
FNDA:3,(anonymous_8)
FNDA:5,(anonymous_9)
FNDA:5,(anonymous_10)
FNDA:1,(anonymous_11)
FNDA:0,(anonymous_12)
FNDA:0,(anonymous_13)
FNDA:4,(anonymous_14)
FNDA:4,(anonymous_15)
FNDA:3,(anonymous_16)
FNDA:6,(anonymous_17)
FNDA:7,(anonymous_18)
FNDA:5,(anonymous_19)
FNDA:94,(anonymous_20)
FNDA:28,(anonymous_21)
FNDA:9,(anonymous_22)
FNDA:3,(anonymous_23)
FNDA:3,(anonymous_24)
FNDA:2,(anonymous_25)
DA:8,1
DA:9,1
DA:21,28
DA:22,28
DA:23,28
DA:40,78
DA:41,78
DA:42,78
DA:43,78
DA:54,41
DA:57,41
DA:60,41
DA:61,11
DA:62,7
DA:66,36
DA:68,36
DA:78,5
DA:80,5
DA:81,5
DA:84,5
DA:85,5
DA:87,5
DA:88,4
DA:89,2
DA:98,1
DA:108,3
DA:110,3
DA:111,0
DA:114,3
DA:115,3
DA:117,2
DA:118,1
DA:128,1
DA:138,2
DA:141,3
DA:142,3
DA:144,3
DA:145,3
DA:155,3
DA:163,0
DA:172,0
DA:190,4
DA:191,4
DA:193,4
DA:195,4
DA:197,4
DA:199,1
DA:201,1
DA:203,3
DA:205,3
DA:212,3
DA:223,4
DA:224,4
DA:226,4
DA:228,2
DA:230,2
DA:231,0
DA:234,2
DA:236,1
DA:238,1
DA:240,3
DA:242,3
DA:258,1
DA:259,1
DA:261,1
DA:263,1
DA:266,1
DA:268,1
DA:270,1
DA:272,1
DA:274,0
DA:276,0
DA:283,0
DA:295,3
DA:296,3
DA:298,3
DA:300,3
DA:303,3
DA:305,3
DA:307,1
DA:309,1
DA:311,2
DA:313,2
DA:336,3
DA:337,3
DA:339,3
DA:341,3
DA:343,3
DA:344,3
DA:346,3
DA:347,2
DA:349,2
DA:350,1
DA:354,2
DA:357,2
DA:360,2
DA:362,2
DA:365,2
DA:367,1
DA:370,1
DA:377,1
DA:389,5
DA:390,5
DA:391,5
DA:394,5
DA:397,5
DA:399,5
DA:400,0
DA:404,5
DA:405,0
DA:408,5
DA:410,5
DA:412,2
DA:415,2
DA:421,2
DA:423,1
DA:424,1
DA:432,3
DA:433,3
DA:437,0
DA:438,0
DA:441,3
DA:442,3
DA:445,0
DA:448,0
DA:449,0
DA:454,5
DA:463,4
DA:465,4
DA:466,3
DA:467,3
DA:468,3
DA:472,3
DA:474,3
DA:476,1
DA:490,4
DA:491,4
DA:493,4
DA:495,4
DA:497,4
DA:498,1
DA:501,3
DA:504,2
DA:505,1
DA:506,3
DA:509,2
DA:511,2
DA:513,1
DA:515,1
DA:529,6
DA:530,6
DA:532,6
DA:534,6
DA:536,6
DA:537,2
DA:538,2
DA:541,4
DA:543,2
DA:545,2
DA:547,2
DA:549,2
DA:564,7
DA:565,7
DA:567,7
DA:569,7
DA:571,7
DA:572,2
DA:573,2
DA:576,5
DA:577,2
DA:579,3
DA:582,4
DA:584,4
DA:586,1
DA:588,1
DA:612,5
DA:613,5
DA:615,5
DA:618,5
DA:619,2
DA:620,2
DA:623,3
DA:626,3
DA:629,3
DA:631,2
DA:634,2
DA:636,1
DA:638,1
DA:655,94
DA:656,1
DA:659,93
DA:661,93
DA:667,93
DA:668,90
DA:671,3
DA:672,3
DA:675,1
DA:688,28
DA:690,28
DA:692,20
DA:698,20
DA:701,8
DA:709,8
DA:710,3
DA:711,5
DA:712,1
DA:713,4
DA:716,3
DA:718,1
DA:729,9
DA:730,3
DA:731,2
DA:740,3
DA:741,3
DA:742,3
DA:743,2
DA:745,1
DA:758,3
DA:759,3
DA:760,3
DA:761,2
DA:762,2
DA:764,1
DA:767,1
DA:770,2
DA:774,1
DA:784,1
LF:227
LH:213
BRDA:39,0,0,0
BRDA:40,1,0,78
BRDA:40,1,1,0
BRDA:41,2,0,78
BRDA:41,2,1,0
BRDA:60,3,0,11
BRDA:60,3,1,29
BRDA:87,4,0,4
BRDA:87,4,1,1
BRDA:108,5,0,3
BRDA:108,5,1,0
BRDA:110,6,0,0
BRDA:110,6,1,3
BRDA:117,7,0,1
BRDA:117,7,1,1
BRDA:144,8,0,3
BRDA:144,8,1,0
BRDA:195,9,0,4
BRDA:195,9,1,0
BRDA:228,10,0,2
BRDA:228,10,1,0
BRDA:230,11,0,0
BRDA:230,11,1,2
BRDA:266,12,0,1
BRDA:266,12,1,0
BRDA:303,13,0,3
BRDA:303,13,1,0
BRDA:341,14,0,3
BRDA:341,14,1,0
BRDA:346,15,0,2
BRDA:346,15,1,1
BRDA:365,16,0,1
BRDA:365,16,1,1
BRDA:388,17,0,3
BRDA:397,18,0,5
BRDA:399,19,0,0
BRDA:399,19,1,5
BRDA:404,20,0,0
BRDA:404,20,1,5
BRDA:410,21,0,2
BRDA:410,21,1,3
BRDA:423,22,0,1
BRDA:423,22,1,0
BRDA:432,23,0,3
BRDA:432,23,1,0
BRDA:432,24,0,3
BRDA:432,24,1,3
BRDA:441,25,0,3
BRDA:441,25,1,0
BRDA:465,26,0,3
BRDA:465,26,1,1
BRDA:472,27,0,3
BRDA:472,27,1,0
BRDA:489,28,0,3
BRDA:495,29,0,4
BRDA:495,29,1,0
BRDA:497,30,0,1
BRDA:497,30,1,3
BRDA:504,31,0,1
BRDA:504,31,1,1
BRDA:534,32,0,6
BRDA:534,32,1,0
BRDA:536,33,0,2
BRDA:536,33,1,4
BRDA:549,34,0,2
BRDA:549,34,1,2
BRDA:563,35,0,3
BRDA:569,36,0,7
BRDA:569,36,1,0
BRDA:571,37,0,2
BRDA:571,37,1,5
BRDA:576,38,0,2
BRDA:576,38,1,3
BRDA:618,39,0,2
BRDA:618,39,1,3
BRDA:638,40,0,1
BRDA:638,40,1,1
BRDA:655,41,0,1
BRDA:655,41,1,93
BRDA:667,42,0,90
BRDA:667,42,1,3
BRDA:671,43,0,0
BRDA:671,43,1,3
BRDA:687,44,0,0
BRDA:690,45,0,20
BRDA:690,45,1,8
BRDA:709,46,0,3
BRDA:709,46,1,5
BRDA:709,47,0,8
BRDA:709,47,1,6
BRDA:711,48,0,1
BRDA:711,48,1,4
BRDA:713,49,0,3
BRDA:713,49,1,1
BRDA:713,50,0,4
BRDA:713,50,1,3
BRDA:713,50,2,2
BRDA:713,50,3,1
BRDA:713,50,4,1
BRDA:713,50,5,1
BRDA:729,51,0,3
BRDA:729,51,1,6
BRDA:759,52,0,3
BRDA:759,52,1,0
BRDA:762,53,0,1
BRDA:762,53,1,1
BRF:106
BRH:82
end_of_record
TN:
SF:src\lib\utils\validator.js
FN:17,(anonymous_0)
FN:26,(anonymous_1)
FN:103,(anonymous_2)
FN:158,(anonymous_3)
FN:208,(anonymous_4)
FN:226,(anonymous_5)
FN:236,(anonymous_6)
FN:246,(anonymous_7)
FN:256,(anonymous_8)
FNF:9
FNH:9
FNDA:54,(anonymous_0)
FNDA:25,(anonymous_1)
FNDA:10,(anonymous_2)
FNDA:8,(anonymous_3)
FNDA:8,(anonymous_4)
FNDA:1,(anonymous_5)
FNDA:1,(anonymous_6)
FNDA:1,(anonymous_7)
FNDA:1,(anonymous_8)
DA:7,1
DA:18,54
DA:27,25
DA:30,25
DA:31,2
DA:34,25
DA:35,1
DA:38,25
DA:39,2
DA:43,25
DA:44,25
DA:45,1
DA:49,25
DA:50,5
DA:51,2
DA:56,25
DA:57,4
DA:58,2
DA:63,25
DA:64,5
DA:67,2
DA:72,25
DA:73,5
DA:74,1
DA:76,4
DA:77,5
DA:78,1
DA:81,5
DA:82,1
DA:85,5
DA:86,1
DA:92,25
DA:104,10
DA:107,10
DA:108,2
DA:109,2
DA:112,8
DA:115,8
DA:116,8
DA:117,32
DA:118,3
DA:123,8
DA:124,6
DA:125,6
DA:128,2
DA:132,6
DA:133,6
DA:140,6
DA:141,31
DA:142,25
DA:147,8
DA:159,8
DA:162,8
DA:163,2
DA:164,2
DA:167,6
DA:170,6
DA:171,6
DA:172,12
DA:173,1
DA:178,6
DA:179,1
DA:183,6
DA:184,5
DA:187,5
DA:188,1
DA:193,6
DA:194,1
DA:197,6
DA:209,8
DA:210,5
DA:214,3
DA:227,1
DA:228,1
DA:237,1
DA:238,1
DA:247,1
DA:248,1
DA:257,1
DA:258,1
DA:262,1
LF:81
LH:81
BRDA:17,0,0,5
BRDA:18,1,0,54
BRDA:18,1,1,5
BRDA:30,2,0,2
BRDA:30,2,1,23
BRDA:30,3,0,25
BRDA:30,3,1,24
BRDA:34,4,0,1
BRDA:34,4,1,24
BRDA:34,5,0,25
BRDA:34,5,1,24
BRDA:38,6,0,2
BRDA:38,6,1,23
BRDA:38,7,0,25
BRDA:38,7,1,24
BRDA:44,8,0,1
BRDA:44,8,1,24
BRDA:44,9,0,25
BRDA:44,9,1,2
BRDA:49,10,0,5
BRDA:49,10,1,20
BRDA:50,11,0,2
BRDA:50,11,1,3
BRDA:50,12,0,5
BRDA:50,12,1,4
BRDA:50,12,2,4
BRDA:56,13,0,4
BRDA:56,13,1,21
BRDA:57,14,0,2
BRDA:57,14,1,2
BRDA:57,15,0,4
BRDA:57,15,1,3
BRDA:63,16,0,5
BRDA:63,16,1,20
BRDA:64,17,0,2
BRDA:64,17,1,3
BRDA:64,18,0,5
BRDA:64,18,1,4
BRDA:64,18,2,4
BRDA:72,19,0,5
BRDA:72,19,1,20
BRDA:73,20,0,1
BRDA:73,20,1,4
BRDA:77,21,0,1
BRDA:77,21,1,4
BRDA:77,22,0,5
BRDA:77,22,1,4
BRDA:81,23,0,1
BRDA:81,23,1,4
BRDA:81,24,0,5
BRDA:81,24,1,4
BRDA:85,25,0,1
BRDA:85,25,1,4
BRDA:85,26,0,5
BRDA:85,26,1,3
BRDA:107,27,0,2
BRDA:107,27,1,8
BRDA:107,28,0,10
BRDA:107,28,1,9
BRDA:117,29,0,3
BRDA:117,29,1,29
BRDA:123,30,0,6
BRDA:123,30,1,2
BRDA:125,31,0,2
BRDA:125,31,1,4
BRDA:125,32,0,6
BRDA:125,32,1,5
BRDA:125,32,2,4
BRDA:137,33,0,6
BRDA:137,33,1,5
BRDA:141,34,0,25
BRDA:141,34,1,6
BRDA:162,35,0,2
BRDA:162,35,1,6
BRDA:162,36,0,8
BRDA:162,36,1,7
BRDA:172,37,0,1
BRDA:172,37,1,11
BRDA:178,38,0,1
BRDA:178,38,1,5
BRDA:178,39,0,6
BRDA:178,39,1,6
BRDA:183,40,0,5
BRDA:183,40,1,1
BRDA:187,41,0,1
BRDA:187,41,1,4
BRDA:193,42,0,1
BRDA:193,42,1,5
BRDA:193,43,0,6
BRDA:193,43,1,2
BRDA:209,44,0,5
BRDA:209,44,1,3
BRF:92
BRH:92
end_of_record
