TN:
SF:src\config.js
FNF:0
FNH:0
DA:7,0
DA:10,0
DA:74,0
DA:75,0
DA:81,0
DA:82,0
DA:88,0
DA:89,0
DA:101,0
LF:9
LH:0
BRDA:12,0,0,0
BRDA:12,0,1,0
BRDA:38,1,0,0
BRDA:38,1,1,0
BRDA:47,2,0,0
BRDA:47,2,1,0
BRDA:74,3,0,0
BRDA:74,3,1,0
BRDA:81,4,0,0
BRDA:81,4,1,0
BRDA:88,5,0,0
BRDA:88,5,1,0
BRF:12
BRH:0
end_of_record
TN:
SF:src\cli\bootstrap.js
FN:25,bootstrap
FNF:1
FNH:0
FNDA:0,bootstrap
DA:5,0
DA:6,0
DA:7,0
DA:10,0
DA:11,0
DA:12,0
DA:13,0
DA:14,0
DA:15,0
DA:16,0
DA:17,0
DA:18,0
DA:26,0
DA:27,0
DA:28,0
DA:31,0
DA:32,0
DA:33,0
DA:34,0
DA:35,0
DA:38,0
DA:39,0
DA:40,0
DA:41,0
DA:44,0
DA:50,0
DA:57,0
DA:65,0
DA:73,0
DA:79,0
DA:86,0
DA:93,0
DA:107,0
DA:113,0
DA:115,0
DA:116,0
DA:119,0
DA:120,0
DA:124,0
LF:39
LH:0
BRF:0
BRH:0
end_of_record
TN:
SF:src\cli\component-syncer.js
FN:15,(anonymous_0)
FN:43,(anonymous_1)
FNF:2
FNH:0
FNDA:0,(anonymous_0)
FNDA:0,(anonymous_1)
DA:1,0
DA:2,0
DA:17,0
DA:22,0
DA:23,0
DA:24,0
DA:30,0
DA:31,0
DA:32,0
DA:33,0
DA:35,0
DA:44,0
DA:45,0
DA:46,0
DA:51,0
DA:53,0
DA:56,0
DA:57,0
DA:62,0
DA:63,0
DA:69,0
DA:74,0
DA:75,0
DA:79,0
DA:88,0
DA:98,0
DA:100,0
DA:109,0
DA:115,0
LF:29
LH:0
BRDA:15,0,0,0
BRDA:23,1,0,0
BRDA:23,1,1,0
BRDA:56,2,0,0
BRDA:56,2,1,0
BRDA:62,3,0,0
BRDA:62,3,1,0
BRDA:79,4,0,0
BRDA:79,4,1,0
BRDA:79,5,0,0
BRDA:79,5,1,0
BRDA:79,5,2,0
BRDA:98,6,0,0
BRDA:98,6,1,0
BRDA:101,7,0,0
BRDA:101,7,1,0
BRF:16
BRH:0
end_of_record
TN:
SF:src\cli\display.js
FN:7,displayStatus
FN:42,displaySessionList
FN:48,(anonymous_2)
FN:49,(anonymous_3)
FN:65,displayTaskList
FN:73,(anonymous_5)
FN:78,(anonymous_6)
FN:81,(anonymous_7)
FN:102,displayResult
FNF:9
FNH:0
FNDA:0,displayStatus
FNDA:0,displaySessionList
FNDA:0,(anonymous_2)
FNDA:0,(anonymous_3)
FNDA:0,displayTaskList
FNDA:0,(anonymous_5)
FNDA:0,(anonymous_6)
FNDA:0,(anonymous_7)
FNDA:0,displayResult
DA:1,0
DA:8,0
DA:10,0
DA:11,0
DA:12,0
DA:13,0
DA:14,0
DA:15,0
DA:16,0
DA:17,0
DA:18,0
DA:19,0
DA:20,0
DA:21,0
DA:24,0
DA:25,0
DA:26,0
DA:27,0
DA:28,0
DA:29,0
DA:34,0
DA:43,0
DA:44,0
DA:45,0
DA:47,0
DA:48,0
DA:49,0
DA:50,0
DA:53,0
DA:56,0
DA:57,0
DA:66,0
DA:67,0
DA:68,0
DA:69,0
DA:71,0
DA:73,0
DA:74,0
DA:75,0
DA:78,0
DA:79,0
DA:80,0
DA:81,0
DA:82,0
DA:83,0
DA:84,0
DA:86,0
DA:91,0
DA:92,0
DA:93,0
DA:94,0
DA:103,0
DA:105,0
DA:108,0
DA:109,0
DA:111,0
DA:112,0
DA:114,0
DA:115,0
DA:117,0
DA:118,0
DA:123,0
DA:124,0
DA:126,0
DA:128,0
DA:133,0
LF:66
LH:0
BRDA:13,0,0,0
BRDA:13,0,1,0
BRDA:14,1,0,0
BRDA:14,1,1,0
BRDA:15,2,0,0
BRDA:15,2,1,0
BRDA:16,3,0,0
BRDA:16,3,1,0
BRDA:17,4,0,0
BRDA:17,4,1,0
BRDA:24,5,0,0
BRDA:24,5,1,0
BRDA:28,6,0,0
BRDA:28,6,1,0
BRDA:43,7,0,0
BRDA:43,7,1,0
BRDA:43,8,0,0
BRDA:43,8,1,0
BRDA:50,9,0,0
BRDA:50,9,1,0
BRDA:57,10,0,0
BRDA:57,10,1,0
BRDA:66,11,0,0
BRDA:66,11,1,0
BRDA:67,12,0,0
BRDA:67,12,1,0
BRDA:74,13,0,0
BRDA:74,13,1,0
BRDA:78,14,0,0
BRDA:79,15,0,0
BRDA:79,15,1,0
BRDA:79,16,0,0
BRDA:79,16,1,0
BRDA:83,17,0,0
BRDA:83,17,1,0
BRDA:84,18,0,0
BRDA:84,18,1,0
BRDA:103,19,0,0
BRDA:103,19,1,0
BRDA:103,20,0,0
BRDA:103,20,1,0
BRDA:103,20,2,0
BRDA:108,21,0,0
BRDA:108,21,1,0
BRDA:109,22,0,0
BRDA:109,22,1,0
BRDA:109,22,2,0
BRDA:109,22,3,0
BRDA:126,23,0,0
BRDA:126,23,1,0
BRF:50
BRH:0
end_of_record
TN:
SF:src\cli\facade.js
FN:25,(anonymous_0)
FN:68,(anonymous_1)
FNF:2
FNH:0
FNDA:0,(anonymous_0)
FNDA:0,(anonymous_1)
DA:5,0
DA:6,0
DA:27,0
DA:39,0
DA:40,0
DA:43,0
DA:47,0
DA:48,0
DA:49,0
DA:50,0
DA:51,0
DA:52,0
DA:53,0
DA:54,0
DA:55,0
DA:56,0
DA:58,0
DA:69,0
DA:71,0
DA:75,0
DA:77,0
DA:79,0
DA:83,0
DA:85,0
DA:88,0
DA:90,0
DA:91,0
DA:93,0
DA:98,0
DA:100,0
DA:105,0
DA:107,0
DA:111,0
DA:113,0
DA:114,0
DA:116,0
DA:117,0
DA:119,0
DA:120,0
DA:122,0
DA:123,0
DA:125,0
DA:126,0
DA:129,0
DA:130,0
DA:132,0
DA:133,0
DA:135,0
DA:136,0
DA:138,0
DA:142,0
DA:144,0
DA:145,0
DA:148,0
DA:149,0
DA:151,0
DA:152,0
DA:154,0
DA:158,0
DA:160,0
DA:161,0
DA:163,0
DA:167,0
DA:169,0
DA:170,0
DA:172,0
DA:173,0
DA:176,0
DA:177,0
DA:179,0
DA:180,0
DA:182,0
DA:186,0
DA:188,0
DA:189,0
DA:191,0
DA:195,0
DA:197,0
DA:201,0
DA:203,0
DA:206,0
DA:208,0
DA:212,0
DA:216,0
DA:223,0
DA:227,0
DA:228,0
DA:230,0
DA:234,0
DA:252,0
DA:262,0
DA:267,0
LF:92
LH:0
BRDA:25,0,0,0
BRDA:40,1,0,0
BRDA:40,1,1,0
BRDA:77,2,0,0
BRDA:77,2,1,0
BRDA:77,2,2,0
BRDA:77,2,3,0
BRDA:77,2,4,0
BRDA:77,2,5,0
BRDA:77,2,6,0
BRDA:77,2,7,0
BRDA:77,2,8,0
BRDA:77,2,9,0
BRDA:77,2,10,0
BRDA:77,2,11,0
BRDA:77,2,12,0
BRDA:77,2,13,0
BRDA:77,2,14,0
BRDA:77,2,15,0
BRDA:77,2,16,0
BRDA:77,2,17,0
BRDA:77,2,18,0
BRDA:77,2,19,0
BRDA:77,2,20,0
BRDA:77,2,21,0
BRDA:77,2,22,0
BRDA:77,2,23,0
BRDA:77,2,24,0
BRDA:77,2,25,0
BRDA:77,2,26,0
BRDA:77,2,27,0
BRDA:77,2,28,0
BRDA:77,2,29,0
BRDA:77,2,30,0
BRDA:77,2,31,0
BRDA:234,3,0,0
BRDA:234,3,1,0
BRDA:234,4,0,0
BRDA:234,4,1,0
BRF:39
BRH:0
end_of_record
TN:
SF:src\cli\feedback-handler.js
FN:25,(anonymous_0)
FN:61,(anonymous_1)
FN:160,(anonymous_2)
FN:260,(anonymous_3)
FN:333,(anonymous_4)
FN:429,(anonymous_5)
FN:529,(anonymous_6)
FN:619,(anonymous_7)
FN:691,(anonymous_8)
FN:762,(anonymous_9)
FN:842,(anonymous_10)
FNF:11
FNH:0
FNDA:0,(anonymous_0)
FNDA:0,(anonymous_1)
FNDA:0,(anonymous_2)
FNDA:0,(anonymous_3)
FNDA:0,(anonymous_4)
FNDA:0,(anonymous_5)
FNDA:0,(anonymous_6)
FNDA:0,(anonymous_7)
FNDA:0,(anonymous_8)
FNDA:0,(anonymous_9)
FNDA:0,(anonymous_10)
DA:7,0
DA:8,0
DA:9,0
DA:27,0
DA:35,0
DA:36,0
DA:37,0
DA:43,0
DA:44,0
DA:45,0
DA:46,0
DA:47,0
DA:48,0
DA:49,0
DA:51,0
DA:62,0
DA:63,0
DA:68,0
DA:74,0
DA:76,0
DA:81,0
DA:83,0
DA:94,0
DA:97,0
DA:111,0
DA:116,0
DA:117,0
DA:121,0
DA:131,0
DA:141,0
DA:142,0
DA:149,0
DA:161,0
DA:163,0
DA:164,0
DA:168,0
DA:174,0
DA:179,0
DA:181,0
DA:183,0
DA:193,0
DA:200,0
DA:211,0
DA:216,0
DA:217,0
DA:221,0
DA:231,0
DA:241,0
DA:242,0
DA:249,0
DA:261,0
DA:262,0
DA:266,0
DA:272,0
DA:274,0
DA:275,0
DA:280,0
DA:281,0
DA:283,0
DA:286,0
DA:292,0
DA:296,0
DA:305,0
DA:314,0
DA:315,0
DA:322,0
DA:334,0
DA:335,0
DA:339,0
DA:345,0
DA:347,0
DA:348,0
DA:350,0
DA:356,0
DA:362,0
DA:368,0
DA:379,0
DA:384,0
DA:385,0
DA:389,0
DA:400,0
DA:409,0
DA:410,0
DA:417,0
DA:430,0
DA:431,0
DA:436,0
DA:442,0
DA:445,0
DA:446,0
DA:448,0
DA:455,0
DA:456,0
DA:457,0
DA:462,0
DA:464,0
DA:473,0
DA:474,0
DA:478,0
DA:484,0
DA:489,0
DA:493,0
DA:501,0
DA:510,0
DA:511,0
DA:518,0
DA:530,0
DA:531,0
DA:535,0
DA:541,0
DA:543,0
DA:544,0
DA:546,0
DA:553,0
DA:555,0
DA:558,0
DA:569,0
DA:574,0
DA:575,0
DA:579,0
DA:590,0
DA:599,0
DA:600,0
DA:607,0
DA:620,0
DA:621,0
DA:625,0
DA:631,0
DA:633,0
DA:634,0
DA:636,0
DA:642,0
DA:644,0
DA:649,0
DA:655,0
DA:664,0
DA:673,0
DA:674,0
DA:679,0
DA:692,0
DA:693,0
DA:697,0
DA:703,0
DA:705,0
DA:706,0
DA:708,0
DA:714,0
DA:716,0
DA:721,0
DA:727,0
DA:736,0
DA:745,0
DA:746,0
DA:751,0
DA:763,0
DA:764,0
DA:768,0
DA:774,0
DA:777,0
DA:783,0
DA:788,0
DA:789,0
DA:793,0
DA:795,0
DA:801,0
DA:805,0
DA:814,0
DA:823,0
DA:824,0
DA:830,0
DA:843,0
DA:844,0
DA:848,0
DA:854,0
DA:856,0
DA:862,0
DA:867,0
DA:868,0
DA:872,0
DA:876,0
DA:886,0
DA:890,0
DA:899,0
DA:908,0
DA:909,0
DA:916,0
DA:922,0
LF:187
LH:0
BRDA:25,0,0,0
BRDA:36,1,0,0
BRDA:36,1,1,0
BRDA:81,2,0,0
BRDA:81,2,1,0
BRDA:81,3,0,0
BRDA:81,3,1,0
BRDA:94,4,0,0
BRDA:94,4,1,0
BRDA:94,5,0,0
BRDA:94,5,1,0
BRDA:94,5,2,0
BRDA:121,6,0,0
BRDA:121,6,1,0
BRDA:121,7,0,0
BRDA:121,7,1,0
BRDA:121,7,2,0
BRDA:141,8,0,0
BRDA:141,8,1,0
BRDA:181,9,0,0
BRDA:181,9,1,0
BRDA:181,10,0,0
BRDA:181,10,1,0
BRDA:193,11,0,0
BRDA:193,11,1,0
BRDA:194,12,0,0
BRDA:194,12,1,0
BRDA:194,12,2,0
BRDA:221,13,0,0
BRDA:221,13,1,0
BRDA:221,14,0,0
BRDA:221,14,1,0
BRDA:221,14,2,0
BRDA:241,15,0,0
BRDA:241,15,1,0
BRDA:280,16,0,0
BRDA:280,16,1,0
BRDA:296,17,0,0
BRDA:296,17,1,0
BRDA:296,18,0,0
BRDA:296,18,1,0
BRDA:314,19,0,0
BRDA:314,19,1,0
BRDA:348,20,0,0
BRDA:348,20,1,0
BRDA:362,21,0,0
BRDA:362,21,1,0
BRDA:363,22,0,0
BRDA:363,22,1,0
BRDA:389,23,0,0
BRDA:389,23,1,0
BRDA:389,24,0,0
BRDA:389,24,1,0
BRDA:389,24,2,0
BRDA:389,24,3,0
BRDA:409,25,0,0
BRDA:409,25,1,0
BRDA:429,26,0,0
BRDA:446,27,0,0
BRDA:446,27,1,0
BRDA:456,28,0,0
BRDA:456,28,1,0
BRDA:462,29,0,0
BRDA:462,29,1,0
BRDA:489,30,0,0
BRDA:489,30,1,0
BRDA:493,31,0,0
BRDA:493,31,1,0
BRDA:493,32,0,0
BRDA:493,32,1,0
BRDA:510,33,0,0
BRDA:510,33,1,0
BRDA:544,34,0,0
BRDA:544,34,1,0
BRDA:555,35,0,0
BRDA:555,35,1,0
BRDA:555,36,0,0
BRDA:555,36,1,0
BRDA:579,37,0,0
BRDA:579,37,1,0
BRDA:579,38,0,0
BRDA:579,38,1,0
BRDA:579,38,2,0
BRDA:579,38,3,0
BRDA:599,39,0,0
BRDA:599,39,1,0
BRDA:634,40,0,0
BRDA:634,40,1,0
BRDA:655,41,0,0
BRDA:655,41,1,0
BRDA:655,42,0,0
BRDA:655,42,1,0
BRDA:673,43,0,0
BRDA:673,43,1,0
BRDA:706,44,0,0
BRDA:706,44,1,0
BRDA:727,45,0,0
BRDA:727,45,1,0
BRDA:727,46,0,0
BRDA:727,46,1,0
BRDA:745,47,0,0
BRDA:745,47,1,0
BRDA:788,48,0,0
BRDA:788,48,1,0
BRDA:805,49,0,0
BRDA:805,49,1,0
BRDA:805,50,0,0
BRDA:805,50,1,0
BRDA:823,51,0,0
BRDA:823,51,1,0
BRDA:825,52,0,0
BRDA:825,52,1,0
BRDA:867,53,0,0
BRDA:867,53,1,0
BRDA:890,54,0,0
BRDA:890,54,1,0
BRDA:890,55,0,0
BRDA:890,55,1,0
BRDA:908,56,0,0
BRDA:908,56,1,0
BRDA:910,57,0,0
BRDA:910,57,1,0
BRF:122
BRH:0
end_of_record
TN:
SF:src\cli\integration.js
FN:26,parseArguments
FN:34,(anonymous_1)
FN:51,(anonymous_2)
FN:61,(anonymous_3)
FN:70,(anonymous_4)
FN:79,(anonymous_5)
FN:94,(anonymous_6)
FN:102,(anonymous_7)
FN:130,(anonymous_8)
FN:145,(anonymous_9)
FN:154,(anonymous_10)
FN:163,(anonymous_11)
FN:172,(anonymous_12)
FN:184,(anonymous_13)
FN:193,(anonymous_14)
FN:203,(anonymous_15)
FN:215,(anonymous_16)
FN:226,(anonymous_17)
FN:236,(anonymous_18)
FN:246,(anonymous_19)
FN:258,(anonymous_20)
FN:268,(anonymous_21)
FN:280,(anonymous_22)
FN:292,(anonymous_23)
FN:302,(anonymous_24)
FN:314,(anonymous_25)
FN:359,runCommand
FN:392,main
FN:423,(anonymous_28)
FNF:29
FNH:0
FNDA:0,parseArguments
FNDA:0,(anonymous_1)
FNDA:0,(anonymous_2)
FNDA:0,(anonymous_3)
FNDA:0,(anonymous_4)
FNDA:0,(anonymous_5)
FNDA:0,(anonymous_6)
FNDA:0,(anonymous_7)
FNDA:0,(anonymous_8)
FNDA:0,(anonymous_9)
FNDA:0,(anonymous_10)
FNDA:0,(anonymous_11)
FNDA:0,(anonymous_12)
FNDA:0,(anonymous_13)
FNDA:0,(anonymous_14)
FNDA:0,(anonymous_15)
FNDA:0,(anonymous_16)
FNDA:0,(anonymous_17)
FNDA:0,(anonymous_18)
FNDA:0,(anonymous_19)
FNDA:0,(anonymous_20)
FNDA:0,(anonymous_21)
FNDA:0,(anonymous_22)
FNDA:0,(anonymous_23)
FNDA:0,(anonymous_24)
FNDA:0,(anonymous_25)
FNDA:0,runCommand
FNDA:0,main
FNDA:0,(anonymous_28)
DA:8,0
DA:9,0
DA:10,0
DA:13,0
DA:14,0
DA:17,0
DA:27,0
DA:35,0
DA:52,0
DA:62,0
DA:71,0
DA:80,0
DA:95,0
DA:103,0
DA:131,0
DA:146,0
DA:155,0
DA:164,0
DA:173,0
DA:185,0
DA:194,0
DA:204,0
DA:217,0
DA:227,0
DA:237,0
DA:247,0
DA:259,0
DA:269,0
DA:281,0
DA:293,0
DA:303,0
DA:315,0
DA:361,0
DA:363,0
DA:365,0
DA:368,0
DA:372,0
DA:376,0
DA:377,0
DA:382,0
DA:383,0
DA:385,0
DA:394,0
DA:396,0
DA:397,0
DA:399,0
DA:401,0
DA:405,0
DA:406,0
DA:408,0
DA:409,0
DA:414,0
DA:422,0
DA:423,0
DA:427,0
DA:428,0
LF:56
LH:0
BRDA:374,0,0,0
BRDA:374,0,1,0
BRDA:376,1,0,0
BRDA:376,1,1,0
BRDA:382,2,0,0
BRDA:382,2,1,0
BRDA:383,3,0,0
BRDA:383,3,1,0
BRDA:405,4,0,0
BRDA:405,4,1,0
BRDA:422,5,0,0
BRDA:422,5,1,0
BRF:12
BRH:0
end_of_record
TN:
SF:src\cli\interactive-mode.js
FN:17,(anonymous_0)
FN:41,(anonymous_1)
FN:65,(anonymous_2)
FN:66,(anonymous_3)
FN:118,(anonymous_4)
FN:129,(anonymous_5)
FN:156,(anonymous_6)
FN:235,(anonymous_7)
FN:265,(anonymous_8)
FN:298,(anonymous_9)
FN:304,(anonymous_10)
FN:305,(anonymous_11)
FN:317,(anonymous_12)
FN:324,(anonymous_13)
FN:329,(anonymous_14)
FN:332,(anonymous_15)
FN:348,(anonymous_16)
FN:370,(anonymous_17)
FN:386,(anonymous_18)
FN:396,(anonymous_19)
FN:430,(anonymous_20)
FN:442,(anonymous_21)
FNF:22
FNH:0
FNDA:0,(anonymous_0)
FNDA:0,(anonymous_1)
FNDA:0,(anonymous_2)
FNDA:0,(anonymous_3)
FNDA:0,(anonymous_4)
FNDA:0,(anonymous_5)
FNDA:0,(anonymous_6)
FNDA:0,(anonymous_7)
FNDA:0,(anonymous_8)
FNDA:0,(anonymous_9)
FNDA:0,(anonymous_10)
FNDA:0,(anonymous_11)
FNDA:0,(anonymous_12)
FNDA:0,(anonymous_13)
FNDA:0,(anonymous_14)
FNDA:0,(anonymous_15)
FNDA:0,(anonymous_16)
FNDA:0,(anonymous_17)
FNDA:0,(anonymous_18)
FNDA:0,(anonymous_19)
FNDA:0,(anonymous_20)
FNDA:0,(anonymous_21)
DA:1,0
DA:2,0
DA:3,0
DA:4,0
DA:19,0
DA:20,0
DA:21,0
DA:22,0
DA:28,0
DA:29,0
DA:30,0
DA:31,0
DA:32,0
DA:34,0
DA:42,0
DA:43,0
DA:44,0
DA:49,0
DA:50,0
DA:53,0
DA:57,0
DA:63,0
DA:65,0
DA:66,0
DA:67,0
DA:69,0
DA:70,0
DA:71,0
DA:74,0
DA:75,0
DA:76,0
DA:77,0
DA:80,0
DA:82,0
DA:83,0
DA:88,0
DA:89,0
DA:90,0
DA:92,0
DA:93,0
DA:94,0
DA:97,0
DA:99,0
DA:101,0
DA:104,0
DA:106,0
DA:107,0
DA:114,0
DA:118,0
DA:119,0
DA:120,0
DA:124,0
DA:125,0
DA:129,0
DA:131,0
DA:136,0
DA:143,0
DA:144,0
DA:145,0
DA:147,0
DA:157,0
DA:160,0
DA:161,0
DA:162,0
DA:163,0
DA:164,0
DA:165,0
DA:168,0
DA:169,0
DA:170,0
DA:171,0
DA:174,0
DA:175,0
DA:176,0
DA:179,0
DA:182,0
DA:185,0
DA:186,0
DA:187,0
DA:190,0
DA:191,0
DA:194,0
DA:195,0
DA:196,0
DA:197,0
DA:200,0
DA:201,0
DA:202,0
DA:203,0
DA:206,0
DA:209,0
DA:212,0
DA:215,0
DA:218,0
DA:221,0
DA:222,0
DA:223,0
DA:224,0
DA:225,0
DA:226,0
DA:236,0
DA:237,0
DA:238,0
DA:242,0
DA:243,0
DA:244,0
DA:245,0
DA:246,0
DA:247,0
DA:248,0
DA:249,0
DA:250,0
DA:251,0
DA:252,0
DA:253,0
DA:254,0
DA:256,0
DA:259,0
DA:266,0
DA:267,0
DA:268,0
DA:269,0
DA:270,0
DA:271,0
DA:274,0
DA:275,0
DA:278,0
DA:279,0
DA:280,0
DA:281,0
DA:282,0
DA:284,0
DA:285,0
DA:286,0
DA:287,0
DA:288,0
DA:289,0
DA:294,0
DA:299,0
DA:300,0
DA:301,0
DA:303,0
DA:304,0
DA:305,0
DA:306,0
DA:309,0
DA:312,0
DA:313,0
DA:318,0
DA:319,0
DA:320,0
DA:321,0
DA:323,0
DA:324,0
DA:325,0
DA:326,0
DA:329,0
DA:330,0
DA:331,0
DA:332,0
DA:333,0
DA:334,0
DA:335,0
DA:337,0
DA:342,0
DA:343,0
DA:344,0
DA:345,0
DA:349,0
DA:350,0
DA:351,0
DA:353,0
DA:354,0
DA:355,0
DA:356,0
DA:357,0
DA:360,0
DA:361,0
DA:362,0
DA:363,0
DA:371,0
DA:372,0
DA:373,0
DA:375,0
DA:376,0
DA:377,0
DA:378,0
DA:379,0
DA:380,0
DA:381,0
DA:382,0
DA:384,0
DA:385,0
DA:386,0
DA:389,0
DA:390,0
DA:392,0
DA:393,0
DA:397,0
DA:398,0
DA:399,0
DA:401,0
DA:402,0
DA:405,0
DA:406,0
DA:409,0
DA:410,0
DA:412,0
DA:413,0
DA:415,0
DA:416,0
DA:418,0
DA:419,0
DA:421,0
DA:431,0
DA:432,0
DA:433,0
DA:435,0
DA:436,0
DA:437,0
DA:439,0
DA:440,0
DA:441,0
DA:442,0
DA:443,0
DA:446,0
DA:448,0
DA:449,0
DA:450,0
DA:453,0
DA:454,0
DA:455,0
DA:457,0
DA:459,0
DA:460,0
DA:463,0
DA:465,0
DA:466,0
DA:467,0
DA:469,0
DA:470,0
DA:471,0
DA:474,0
DA:475,0
DA:476,0
DA:483,0
DA:487,0
LF:247
LH:0
BRDA:17,0,0,0
BRDA:21,1,0,0
BRDA:21,1,1,0
BRDA:69,2,0,0
BRDA:69,2,1,0
BRDA:69,3,0,0
BRDA:69,3,1,0
BRDA:74,4,0,0
BRDA:74,4,1,0
BRDA:80,5,0,0
BRDA:80,5,1,0
BRDA:88,6,0,0
BRDA:88,6,1,0
BRDA:92,7,0,0
BRDA:92,7,1,0
BRDA:104,8,0,0
BRDA:104,8,1,0
BRDA:106,9,0,0
BRDA:106,9,1,0
BRDA:144,10,0,0
BRDA:144,10,1,0
BRDA:236,11,0,0
BRDA:236,11,1,0
BRDA:236,12,0,0
BRDA:236,12,1,0
BRDA:242,13,0,0
BRDA:242,13,1,0
BRDA:244,14,0,0
BRDA:244,14,1,0
BRDA:246,15,0,0
BRDA:246,15,1,0
BRDA:248,16,0,0
BRDA:248,16,1,0
BRDA:248,17,0,0
BRDA:248,17,1,0
BRDA:250,18,0,0
BRDA:250,18,1,0
BRDA:252,19,0,0
BRDA:252,19,1,0
BRDA:254,20,0,0
BRDA:254,20,1,0
BRDA:270,21,0,0
BRDA:270,21,1,0
BRDA:272,22,0,0
BRDA:272,22,1,0
BRDA:274,23,0,0
BRDA:274,23,1,0
BRDA:276,24,0,0
BRDA:276,24,1,0
BRDA:278,25,0,0
BRDA:278,25,1,0
BRDA:284,26,0,0
BRDA:284,26,1,0
BRDA:288,27,0,0
BRDA:288,27,1,0
BRDA:299,28,0,0
BRDA:299,28,1,0
BRDA:299,29,0,0
BRDA:299,29,1,0
BRDA:306,30,0,0
BRDA:306,30,1,0
BRDA:313,31,0,0
BRDA:313,31,1,0
BRDA:318,32,0,0
BRDA:318,32,1,0
BRDA:319,33,0,0
BRDA:319,33,1,0
BRDA:325,34,0,0
BRDA:325,34,1,0
BRDA:329,35,0,0
BRDA:330,36,0,0
BRDA:330,36,1,0
BRDA:330,37,0,0
BRDA:330,37,1,0
BRDA:334,38,0,0
BRDA:334,38,1,0
BRDA:335,39,0,0
BRDA:335,39,1,0
BRDA:349,40,0,0
BRDA:349,40,1,0
BRDA:355,41,0,0
BRDA:355,41,1,0
BRDA:356,42,0,0
BRDA:356,42,1,0
BRDA:360,43,0,0
BRDA:360,43,1,0
BRDA:371,44,0,0
BRDA:371,44,1,0
BRDA:380,45,0,0
BRDA:380,45,1,0
BRDA:381,46,0,0
BRDA:381,46,1,0
BRDA:384,47,0,0
BRDA:384,47,1,0
BRDA:384,48,0,0
BRDA:384,48,1,0
BRDA:389,49,0,0
BRDA:389,49,1,0
BRDA:389,50,0,0
BRDA:389,50,1,0
BRDA:397,51,0,0
BRDA:397,51,1,0
BRDA:397,52,0,0
BRDA:397,52,1,0
BRDA:405,53,0,0
BRDA:405,53,1,0
BRDA:407,54,0,0
BRDA:407,54,1,0
BRDA:409,55,0,0
BRDA:409,55,1,0
BRDA:412,56,0,0
BRDA:412,56,1,0
BRDA:415,57,0,0
BRDA:415,57,1,0
BRDA:415,58,0,0
BRDA:415,58,1,0
BRDA:418,59,0,0
BRDA:418,59,1,0
BRDA:418,60,0,0
BRDA:418,60,1,0
BRDA:439,61,0,0
BRDA:439,61,1,0
BRDA:446,62,0,0
BRDA:446,62,1,0
BRDA:457,63,0,0
BRDA:457,63,1,0
BRDA:467,64,0,0
BRDA:467,64,1,0
BRDA:467,65,0,0
BRDA:467,65,1,0
BRF:130
BRH:0
end_of_record
TN:
SF:src\cli\report-generator.js
FN:21,(anonymous_0)
FN:53,(anonymous_1)
FNF:2
FNH:0
FNDA:0,(anonymous_0)
FNDA:0,(anonymous_1)
DA:5,0
DA:6,0
DA:7,0
DA:23,0
DA:29,0
DA:30,0
DA:31,0
DA:37,0
DA:38,0
DA:39,0
DA:40,0
DA:41,0
DA:43,0
DA:54,0
DA:55,0
DA:56,0
DA:57,0
DA:59,0
DA:66,0
DA:72,0
DA:74,0
DA:80,0
DA:81,0
DA:94,0
DA:96,0
DA:105,0
DA:106,0
DA:108,0
DA:113,0
DA:115,0
DA:121,0
DA:122,0
DA:124,0
DA:128,0
DA:139,0
DA:142,0
DA:145,0
DA:148,0
DA:149,0
DA:154,0
DA:157,0
DA:169,0
DA:180,0
DA:181,0
DA:189,0
DA:195,0
LF:46
LH:0
BRDA:21,0,0,0
BRDA:30,1,0,0
BRDA:30,1,1,0
BRDA:53,2,0,0
BRDA:56,3,0,0
BRDA:56,3,1,0
BRDA:57,4,0,0
BRDA:57,4,1,0
BRDA:80,5,0,0
BRDA:80,5,1,0
BRDA:80,6,0,0
BRDA:80,6,1,0
BRDA:94,7,0,0
BRDA:94,7,1,0
BRDA:106,8,0,0
BRDA:106,8,1,0
BRDA:113,9,0,0
BRDA:113,9,1,0
BRDA:139,10,0,0
BRDA:139,10,1,0
BRDA:145,11,0,0
BRDA:145,11,1,0
BRDA:149,12,0,0
BRDA:149,12,1,0
BRDA:150,13,0,0
BRDA:150,13,1,0
BRDA:180,14,0,0
BRDA:180,14,1,0
BRF:28
BRH:0
end_of_record
TN:
SF:src\cli\session-manager.js
FN:23,(anonymous_0)
FN:56,(anonymous_1)
FN:140,(anonymous_2)
FN:263,(anonymous_3)
FN:308,(anonymous_4)
FN:363,(anonymous_5)
FN:457,(anonymous_6)
FN:553,(anonymous_7)
FNF:8
FNH:0
FNDA:0,(anonymous_0)
FNDA:0,(anonymous_1)
FNDA:0,(anonymous_2)
FNDA:0,(anonymous_3)
FNDA:0,(anonymous_4)
FNDA:0,(anonymous_5)
FNDA:0,(anonymous_6)
FNDA:0,(anonymous_7)
DA:6,0
DA:7,0
DA:8,0
DA:25,0
DA:32,0
DA:33,0
DA:34,0
DA:40,0
DA:41,0
DA:42,0
DA:43,0
DA:44,0
DA:45,0
DA:47,0
DA:57,0
DA:58,0
DA:62,0
DA:68,0
DA:71,0
DA:73,0
DA:75,0
DA:80,0
DA:82,0
DA:92,0
DA:97,0
DA:98,0
DA:102,0
DA:111,0
DA:121,0
DA:122,0
DA:129,0
DA:141,0
DA:142,0
DA:146,0
DA:152,0
DA:153,0
DA:155,0
DA:156,0
DA:157,0
DA:158,0
DA:159,0
DA:162,0
DA:169,0
DA:171,0
DA:173,0
DA:178,0
DA:180,0
DA:191,0
DA:192,0
DA:193,0
DA:199,0
DA:200,0
DA:206,0
DA:211,0
DA:216,0
DA:217,0
DA:221,0
DA:235,0
DA:245,0
DA:246,0
DA:253,0
DA:264,0
DA:265,0
DA:266,0
DA:271,0
DA:272,0
DA:273,0
DA:278,0
DA:279,0
DA:282,0
DA:285,0
DA:292,0
DA:293,0
DA:298,0
DA:309,0
DA:310,0
DA:311,0
DA:316,0
DA:317,0
DA:318,0
DA:323,0
DA:324,0
DA:326,0
DA:328,0
DA:331,0
DA:338,0
DA:345,0
DA:346,0
DA:352,0
DA:364,0
DA:365,0
DA:369,0
DA:374,0
DA:375,0
DA:378,0
DA:379,0
DA:382,0
DA:387,0
DA:388,0
DA:391,0
DA:393,0
DA:400,0
DA:402,0
DA:405,0
DA:416,0
DA:428,0
DA:437,0
DA:438,0
DA:445,0
DA:458,0
DA:459,0
DA:464,0
DA:470,0
DA:471,0
DA:472,0
DA:474,0
DA:480,0
DA:482,0
DA:488,0
DA:492,0
DA:502,0
DA:507,0
DA:508,0
DA:512,0
DA:525,0
DA:534,0
DA:535,0
DA:542,0
DA:554,0
DA:555,0
DA:559,0
DA:565,0
DA:567,0
DA:569,0
DA:572,0
DA:580,0
DA:582,0
DA:585,0
DA:595,0
DA:600,0
DA:601,0
DA:605,0
DA:617,0
DA:626,0
DA:627,0
DA:634,0
DA:640,0
LF:147
LH:0
BRDA:23,0,0,0
BRDA:33,1,0,0
BRDA:33,1,1,0
BRDA:56,2,0,0
BRDA:73,3,0,0
BRDA:73,3,1,0
BRDA:73,4,0,0
BRDA:73,4,1,0
BRDA:80,5,0,0
BRDA:80,5,1,0
BRDA:80,6,0,0
BRDA:80,6,1,0
BRDA:102,7,0,0
BRDA:102,7,1,0
BRDA:102,8,0,0
BRDA:102,8,1,0
BRDA:102,8,2,0
BRDA:121,9,0,0
BRDA:121,9,1,0
BRDA:140,10,0,0
BRDA:142,11,0,0
BRDA:142,11,1,0
BRDA:155,12,0,0
BRDA:155,12,1,0
BRDA:157,13,0,0
BRDA:157,13,1,0
BRDA:171,14,0,0
BRDA:171,14,1,0
BRDA:171,15,0,0
BRDA:171,15,1,0
BRDA:178,16,0,0
BRDA:178,16,1,0
BRDA:178,17,0,0
BRDA:178,17,1,0
BRDA:178,17,2,0
BRDA:199,18,0,0
BRDA:199,18,1,0
BRDA:221,19,0,0
BRDA:221,19,1,0
BRDA:221,20,0,0
BRDA:221,20,1,0
BRDA:221,20,2,0
BRDA:221,20,3,0
BRDA:227,21,0,0
BRDA:227,21,1,0
BRDA:245,22,0,0
BRDA:245,22,1,0
BRDA:276,23,0,0
BRDA:276,23,1,0
BRDA:278,24,0,0
BRDA:278,24,1,0
BRDA:279,25,0,0
BRDA:279,25,1,0
BRDA:292,26,0,0
BRDA:292,26,1,0
BRDA:294,27,0,0
BRDA:294,27,1,0
BRDA:323,28,0,0
BRDA:323,28,1,0
BRDA:345,29,0,0
BRDA:345,29,1,0
BRDA:387,30,0,0
BRDA:387,30,1,0
BRDA:416,31,0,0
BRDA:416,31,1,0
BRDA:416,32,0,0
BRDA:416,32,1,0
BRDA:437,33,0,0
BRDA:437,33,1,0
BRDA:457,34,0,0
BRDA:472,35,0,0
BRDA:472,35,1,0
BRDA:480,36,0,0
BRDA:480,36,1,0
BRDA:488,37,0,0
BRDA:488,37,1,0
BRDA:512,38,0,0
BRDA:512,38,1,0
BRDA:512,39,0,0
BRDA:512,39,1,0
BRDA:512,39,2,0
BRDA:534,40,0,0
BRDA:534,40,1,0
BRDA:569,41,0,0
BRDA:569,41,1,0
BRDA:582,42,0,0
BRDA:582,42,1,0
BRDA:582,43,0,0
BRDA:582,43,1,0
BRDA:605,44,0,0
BRDA:605,44,1,0
BRDA:605,45,0,0
BRDA:605,45,1,0
BRDA:605,45,2,0
BRDA:626,46,0,0
BRDA:626,46,1,0
BRF:96
BRH:0
end_of_record
TN:
SF:src\cli\status-viewer.js
FN:17,(anonymous_0)
FN:47,(anonymous_1)
FN:133,(anonymous_2)
FN:135,(anonymous_3)
FN:150,(anonymous_4)
FN:152,(anonymous_5)
FNF:6
FNH:0
FNDA:0,(anonymous_0)
FNDA:0,(anonymous_1)
FNDA:0,(anonymous_2)
FNDA:0,(anonymous_3)
FNDA:0,(anonymous_4)
FNDA:0,(anonymous_5)
DA:1,0
DA:2,0
DA:19,0
DA:26,0
DA:27,0
DA:28,0
DA:32,0
DA:33,0
DA:34,0
DA:35,0
DA:36,0
DA:37,0
DA:39,0
DA:48,0
DA:49,0
DA:50,0
DA:55,0
DA:57,0
DA:58,0
DA:59,0
DA:62,0
DA:87,0
DA:92,0
DA:93,0
DA:96,0
DA:101,0
DA:109,0
DA:112,0
DA:123,0
DA:134,0
DA:136,0
DA:137,0
DA:151,0
DA:152,0
DA:153,0
DA:163,0
LF:36
LH:0
BRDA:17,0,0,0
BRDA:27,1,0,0
BRDA:27,1,1,0
BRDA:65,2,0,0
BRDA:65,2,1,0
BRDA:67,3,0,0
BRDA:67,3,1,0
BRDA:70,4,0,0
BRDA:70,4,1,0
BRDA:74,5,0,0
BRDA:74,5,1,0
BRDA:78,6,0,0
BRDA:78,6,1,0
BRDA:81,7,0,0
BRDA:81,7,1,0
BRDA:109,8,0,0
BRDA:109,8,1,0
BRDA:113,9,0,0
BRDA:113,9,1,0
BRDA:136,10,0,0
BRDA:136,10,1,0
BRDA:151,11,0,0
BRDA:151,11,1,0
BRDA:153,12,0,0
BRDA:153,12,1,0
BRDA:158,13,0,0
BRDA:158,13,1,0
BRF:27
BRH:0
end_of_record
TN:
SF:src\cli\task-manager.js
FN:24,(anonymous_0)
FN:59,(anonymous_1)
FN:87,(anonymous_2)
FN:90,(anonymous_3)
FN:172,(anonymous_4)
FN:278,(anonymous_5)
FN:326,(anonymous_6)
FN:391,(anonymous_7)
FN:488,(anonymous_8)
FN:554,(anonymous_9)
FN:633,(anonymous_10)
FN:720,(anonymous_11)
FNF:12
FNH:0
FNDA:0,(anonymous_0)
FNDA:0,(anonymous_1)
FNDA:0,(anonymous_2)
FNDA:0,(anonymous_3)
FNDA:0,(anonymous_4)
FNDA:0,(anonymous_5)
FNDA:0,(anonymous_6)
FNDA:0,(anonymous_7)
FNDA:0,(anonymous_8)
FNDA:0,(anonymous_9)
FNDA:0,(anonymous_10)
FNDA:0,(anonymous_11)
DA:7,0
DA:8,0
DA:26,0
DA:34,0
DA:35,0
DA:36,0
DA:40,0
DA:41,0
DA:42,0
DA:43,0
DA:44,0
DA:45,0
DA:46,0
DA:48,0
DA:60,0
DA:61,0
DA:67,0
DA:73,0
DA:75,0
DA:84,0
DA:86,0
DA:87,0
DA:90,0
DA:96,0
DA:97,0
DA:98,0
DA:104,0
DA:106,0
DA:108,0
DA:113,0
DA:115,0
DA:122,0
DA:127,0
DA:128,0
DA:132,0
DA:142,0
DA:152,0
DA:153,0
DA:159,0
DA:173,0
DA:174,0
DA:180,0
DA:186,0
DA:188,0
DA:189,0
DA:190,0
DA:195,0
DA:199,0
DA:206,0
DA:212,0
DA:214,0
DA:219,0
DA:221,0
DA:231,0
DA:236,0
DA:237,0
DA:241,0
DA:251,0
DA:261,0
DA:262,0
DA:268,0
DA:279,0
DA:280,0
DA:281,0
DA:286,0
DA:287,0
DA:288,0
DA:289,0
DA:294,0
DA:295,0
DA:298,0
DA:301,0
DA:308,0
DA:309,0
DA:315,0
DA:327,0
DA:328,0
DA:329,0
DA:335,0
DA:336,0
DA:337,0
DA:342,0
DA:343,0
DA:346,0
DA:348,0
DA:353,0
DA:357,0
DA:365,0
DA:374,0
DA:375,0
DA:379,0
DA:392,0
DA:393,0
DA:398,0
DA:404,0
DA:406,0
DA:407,0
DA:414,0
DA:415,0
DA:416,0
DA:417,0
DA:418,0
DA:422,0
DA:428,0
DA:430,0
DA:440,0
DA:445,0
DA:446,0
DA:450,0
DA:462,0
DA:471,0
DA:472,0
DA:477,0
DA:489,0
DA:490,0
DA:491,0
DA:497,0
DA:498,0
DA:499,0
DA:504,0
DA:505,0
DA:507,0
DA:510,0
DA:515,0
DA:519,0
DA:526,0
DA:535,0
DA:536,0
DA:542,0
DA:555,0
DA:556,0
DA:561,0
DA:567,0
DA:568,0
DA:572,0
DA:574,0
DA:583,0
DA:588,0
DA:591,0
DA:595,0
DA:606,0
DA:615,0
DA:616,0
DA:621,0
DA:634,0
DA:635,0
DA:640,0
DA:646,0
DA:647,0
DA:648,0
DA:650,0
DA:656,0
DA:657,0
DA:663,0
DA:665,0
DA:675,0
DA:680,0
DA:681,0
DA:685,0
DA:694,0
DA:703,0
DA:704,0
DA:709,0
DA:721,0
DA:722,0
DA:726,0
DA:732,0
DA:733,0
DA:734,0
DA:736,0
DA:750,0
DA:752,0
DA:754,0
DA:764,0
DA:769,0
DA:770,0
DA:774,0
DA:783,0
DA:792,0
DA:793,0
DA:797,0
DA:803,0
LF:182
LH:0
BRDA:24,0,0,0
BRDA:35,1,0,0
BRDA:35,1,1,0
BRDA:59,2,0,0
BRDA:78,3,0,0
BRDA:78,3,1,0
BRDA:79,4,0,0
BRDA:79,4,1,0
BRDA:84,5,0,0
BRDA:84,5,1,0
BRDA:86,6,0,0
BRDA:86,6,1,0
BRDA:97,7,0,0
BRDA:97,7,1,0
BRDA:106,8,0,0
BRDA:106,8,1,0
BRDA:106,9,0,0
BRDA:106,9,1,0
BRDA:113,10,0,0
BRDA:113,10,1,0
BRDA:113,11,0,0
BRDA:113,11,1,0
BRDA:132,12,0,0
BRDA:132,12,1,0
BRDA:132,13,0,0
BRDA:132,13,1,0
BRDA:132,13,2,0
BRDA:132,13,3,0
BRDA:152,14,0,0
BRDA:152,14,1,0
BRDA:189,15,0,0
BRDA:189,15,1,0
BRDA:195,16,0,0
BRDA:195,16,1,0
BRDA:196,17,0,0
BRDA:196,17,1,0
BRDA:196,17,2,0
BRDA:196,17,3,0
BRDA:212,18,0,0
BRDA:212,18,1,0
BRDA:212,19,0,0
BRDA:212,19,1,0
BRDA:219,20,0,0
BRDA:219,20,1,0
BRDA:219,21,0,0
BRDA:219,21,1,0
BRDA:241,22,0,0
BRDA:241,22,1,0
BRDA:241,23,0,0
BRDA:241,23,1,0
BRDA:241,23,2,0
BRDA:241,23,3,0
BRDA:261,24,0,0
BRDA:261,24,1,0
BRDA:288,25,0,0
BRDA:288,25,1,0
BRDA:295,26,0,0
BRDA:295,26,1,0
BRDA:308,27,0,0
BRDA:308,27,1,0
BRDA:310,28,0,0
BRDA:310,28,1,0
BRDA:342,29,0,0
BRDA:342,29,1,0
BRDA:357,30,0,0
BRDA:357,30,1,0
BRDA:357,31,0,0
BRDA:357,31,1,0
BRDA:374,32,0,0
BRDA:374,32,1,0
BRDA:406,33,0,0
BRDA:406,33,1,0
BRDA:406,34,0,0
BRDA:406,34,1,0
BRDA:406,34,2,0
BRDA:415,35,0,0
BRDA:415,35,1,0
BRDA:417,36,0,0
BRDA:417,36,1,0
BRDA:428,37,0,0
BRDA:428,37,1,0
BRDA:428,38,0,0
BRDA:428,38,1,0
BRDA:450,39,0,0
BRDA:450,39,1,0
BRDA:450,40,0,0
BRDA:450,40,1,0
BRDA:450,40,2,0
BRDA:471,41,0,0
BRDA:471,41,1,0
BRDA:504,42,0,0
BRDA:504,42,1,0
BRDA:519,43,0,0
BRDA:519,43,1,0
BRDA:519,44,0,0
BRDA:519,44,1,0
BRDA:535,45,0,0
BRDA:535,45,1,0
BRDA:537,46,0,0
BRDA:537,46,1,0
BRDA:572,47,0,0
BRDA:572,47,1,0
BRDA:572,48,0,0
BRDA:572,48,1,0
BRDA:595,49,0,0
BRDA:595,49,1,0
BRDA:595,50,0,0
BRDA:595,50,1,0
BRDA:615,51,0,0
BRDA:615,51,1,0
BRDA:633,52,0,0
BRDA:648,53,0,0
BRDA:648,53,1,0
BRDA:656,54,0,0
BRDA:656,54,1,0
BRDA:663,55,0,0
BRDA:663,55,1,0
BRDA:685,56,0,0
BRDA:685,56,1,0
BRDA:685,57,0,0
BRDA:685,57,1,0
BRDA:685,57,2,0
BRDA:685,57,3,0
BRDA:703,58,0,0
BRDA:703,58,1,0
BRDA:734,59,0,0
BRDA:734,59,1,0
BRDA:752,60,0,0
BRDA:752,60,1,0
BRDA:752,61,0,0
BRDA:752,61,1,0
BRDA:774,62,0,0
BRDA:774,62,1,0
BRDA:774,63,0,0
BRDA:774,63,1,0
BRDA:774,63,2,0
BRDA:774,63,3,0
BRDA:792,64,0,0
BRDA:792,64,1,0
BRF:139
BRH:0
end_of_record
TN:
SF:src\cli\workflow-manager.js
FN:16,(anonymous_0)
FN:48,(anonymous_1)
FNF:2
FNH:0
FNDA:0,(anonymous_0)
FNDA:0,(anonymous_1)
DA:1,0
DA:2,0
DA:18,0
DA:24,0
DA:25,0
DA:26,0
DA:32,0
DA:33,0
DA:34,0
DA:35,0
DA:36,0
DA:38,0
DA:49,0
DA:50,0
DA:53,0
DA:59,0
DA:61,0
DA:67,0
DA:69,0
DA:78,0
DA:81,0
DA:91,0
DA:96,0
DA:99,0
DA:103,0
DA:117,0
DA:127,0
DA:128,0
DA:135,0
DA:144,0
LF:30
LH:0
BRDA:16,0,0,0
BRDA:25,1,0,0
BRDA:25,1,1,0
BRDA:67,2,0,0
BRDA:67,2,1,0
BRDA:67,3,0,0
BRDA:67,3,1,0
BRDA:78,4,0,0
BRDA:78,4,1,0
BRDA:78,5,0,0
BRDA:78,5,1,0
BRDA:103,6,0,0
BRDA:103,6,1,0
BRDA:103,7,0,0
BRDA:103,7,1,0
BRDA:103,7,2,0
BRDA:127,8,0,0
BRDA:127,8,1,0
BRF:18
BRH:0
end_of_record
TN:
SF:src\lib\adapters\base-adapter.js
FN:21,(anonymous_0)
FN:39,(anonymous_1)
FN:63,(anonymous_2)
FN:113,(anonymous_3)
FN:135,(anonymous_4)
FN:252,(anonymous_5)
FNF:6
FNH:0
FNDA:0,(anonymous_0)
FNDA:0,(anonymous_1)
FNDA:0,(anonymous_2)
FNDA:0,(anonymous_3)
FNDA:0,(anonymous_4)
FNDA:0,(anonymous_5)
DA:7,0
DA:22,0
DA:23,0
DA:26,0
DA:27,0
DA:28,0
DA:29,0
DA:40,0
DA:41,0
DA:44,0
DA:65,0
DA:66,0
DA:67,0
DA:75,0
DA:79,0
DA:80,0
DA:87,0
DA:92,0
DA:114,0
DA:115,0
DA:118,0
DA:120,0
DA:121,0
DA:142,0
DA:143,0
DA:147,0
DA:148,0
DA:149,0
DA:153,0
DA:157,0
DA:158,0
DA:159,0
DA:163,0
DA:166,0
DA:168,0
DA:171,0
DA:174,0
DA:181,0
DA:185,0
DA:194,0
DA:197,0
DA:204,0
DA:206,0
DA:208,0
DA:209,0
DA:212,0
DA:216,0
DA:228,0
DA:234,0
DA:235,0
DA:253,0
DA:254,0
DA:257,0
DA:261,0
DA:262,0
DA:271,0
DA:272,0
DA:285,0
LF:58
LH:0
BRDA:21,0,0,0
BRDA:22,1,0,0
BRDA:22,1,1,0
BRDA:27,2,0,0
BRDA:27,2,1,0
BRDA:39,3,0,0
BRDA:39,4,0,0
BRDA:40,5,0,0
BRDA:40,5,1,0
BRDA:63,6,0,0
BRDA:63,7,0,0
BRDA:66,8,0,0
BRDA:66,8,1,0
BRDA:79,9,0,0
BRDA:79,9,1,0
BRDA:79,10,0,0
BRDA:79,10,1,0
BRDA:81,11,0,0
BRDA:81,11,1,0
BRDA:95,12,0,0
BRDA:95,12,1,0
BRDA:97,13,0,0
BRDA:97,13,1,0
BRDA:99,14,0,0
BRDA:99,14,1,0
BRDA:100,15,0,0
BRDA:100,15,1,0
BRDA:102,16,0,0
BRDA:102,16,1,0
BRDA:113,17,0,0
BRDA:114,18,0,0
BRDA:114,18,1,0
BRDA:120,19,0,0
BRDA:120,19,1,0
BRDA:138,20,0,0
BRDA:139,21,0,0
BRDA:140,22,0,0
BRDA:142,23,0,0
BRDA:142,23,1,0
BRDA:147,24,0,0
BRDA:147,24,1,0
BRDA:147,25,0,0
BRDA:147,25,1,0
BRDA:148,26,0,0
BRDA:148,26,1,0
BRDA:157,27,0,0
BRDA:157,27,1,0
BRDA:158,28,0,0
BRDA:158,28,1,0
BRDA:176,29,0,0
BRDA:176,29,1,0
BRDA:177,30,0,0
BRDA:177,30,1,0
BRDA:181,31,0,0
BRDA:181,31,1,0
BRDA:182,32,0,0
BRDA:182,32,1,0
BRDA:204,33,0,0
BRDA:204,33,1,0
BRDA:206,34,0,0
BRDA:206,34,1,0
BRDA:212,35,0,0
BRDA:212,35,1,0
BRDA:213,36,0,0
BRDA:213,36,1,0
BRDA:234,37,0,0
BRDA:234,37,1,0
BRDA:252,38,0,0
BRDA:252,39,0,0
BRDA:253,40,0,0
BRDA:253,40,1,0
BRDA:261,41,0,0
BRDA:261,41,1,0
BRF:73
BRH:0
end_of_record
TN:
SF:src\lib\adapters\feedback-manager-adapter.js
FN:21,(anonymous_0)
FN:31,(anonymous_1)
FN:51,(anonymous_2)
FN:86,(anonymous_3)
FN:129,(anonymous_4)
FN:177,(anonymous_5)
FN:226,(anonymous_6)
FN:269,(anonymous_7)
FN:321,(anonymous_8)
FN:370,(anonymous_9)
FN:415,(anonymous_10)
FNF:11
FNH:0
FNDA:0,(anonymous_0)
FNDA:0,(anonymous_1)
FNDA:0,(anonymous_2)
FNDA:0,(anonymous_3)
FNDA:0,(anonymous_4)
FNDA:0,(anonymous_5)
FNDA:0,(anonymous_6)
FNDA:0,(anonymous_7)
FNDA:0,(anonymous_8)
FNDA:0,(anonymous_9)
FNDA:0,(anonymous_10)
DA:7,0
DA:8,0
DA:22,0
DA:32,0
DA:37,0
DA:38,0
DA:40,0
DA:52,0
DA:55,0
DA:57,0
DA:60,0
DA:61,0
DA:74,0
DA:76,0
DA:87,0
DA:90,0
DA:92,0
DA:94,0
DA:95,0
DA:98,0
DA:101,0
DA:102,0
DA:114,0
DA:116,0
DA:130,0
DA:133,0
DA:136,0
DA:138,0
DA:139,0
DA:142,0
DA:148,0
DA:160,0
DA:162,0
DA:178,0
DA:181,0
DA:188,0
DA:190,0
DA:197,0
DA:210,0
DA:212,0
DA:227,0
DA:230,0
DA:236,0
DA:239,0
DA:242,0
DA:254,0
DA:256,0
DA:270,0
DA:273,0
DA:280,0
DA:282,0
DA:283,0
DA:286,0
DA:292,0
DA:305,0
DA:307,0
DA:322,0
DA:325,0
DA:331,0
DA:336,0
DA:342,0
DA:354,0
DA:356,0
DA:371,0
DA:374,0
DA:380,0
DA:382,0
DA:388,0
DA:400,0
DA:402,0
DA:416,0
DA:419,0
DA:421,0
DA:423,0
DA:426,0
DA:427,0
DA:439,0
DA:441,0
DA:448,0
LF:79
LH:0
BRDA:21,0,0,0
BRDA:31,1,0,0
BRDA:51,2,0,0
BRDA:55,3,0,0
BRDA:55,3,1,0
BRDA:60,4,0,0
BRDA:60,4,1,0
BRDA:65,5,0,0
BRDA:65,5,1,0
BRDA:86,6,0,0
BRDA:90,7,0,0
BRDA:90,7,1,0
BRDA:94,8,0,0
BRDA:94,8,1,0
BRDA:101,9,0,0
BRDA:101,9,1,0
BRDA:129,10,0,0
BRDA:133,11,0,0
BRDA:133,11,1,0
BRDA:138,12,0,0
BRDA:138,12,1,0
BRDA:144,13,0,0
BRDA:144,13,1,0
BRDA:154,14,0,0
BRDA:154,14,1,0
BRDA:177,15,0,0
BRDA:181,16,0,0
BRDA:181,16,1,0
BRDA:193,17,0,0
BRDA:193,17,1,0
BRDA:203,18,0,0
BRDA:203,18,1,0
BRDA:204,19,0,0
BRDA:204,19,1,0
BRDA:226,20,0,0
BRDA:230,21,0,0
BRDA:230,21,1,0
BRDA:246,22,0,0
BRDA:246,22,1,0
BRDA:247,23,0,0
BRDA:247,23,1,0
BRDA:269,24,0,0
BRDA:273,25,0,0
BRDA:273,25,1,0
BRDA:282,26,0,0
BRDA:282,26,1,0
BRDA:321,27,0,0
BRDA:325,28,0,0
BRDA:325,28,1,0
BRDA:370,29,0,0
BRDA:374,30,0,0
BRDA:374,30,1,0
BRDA:415,31,0,0
BRDA:419,32,0,0
BRDA:419,32,1,0
BRDA:426,33,0,0
BRDA:426,33,1,0
BRF:57
BRH:0
end_of_record
TN:
SF:src\lib\adapters\integration-manager-adapter.js
FN:23,(anonymous_0)
FN:33,(anonymous_1)
FN:69,(anonymous_2)
FN:103,(anonymous_3)
FN:136,(anonymous_4)
FN:175,(anonymous_5)
FN:213,(anonymous_6)
FN:256,(anonymous_7)
FN:297,(anonymous_8)
FN:327,(anonymous_9)
FN:359,(anonymous_10)
FN:378,(anonymous_11)
FN:409,(anonymous_12)
FNF:13
FNH:0
FNDA:0,(anonymous_0)
FNDA:0,(anonymous_1)
FNDA:0,(anonymous_2)
FNDA:0,(anonymous_3)
FNDA:0,(anonymous_4)
FNDA:0,(anonymous_5)
FNDA:0,(anonymous_6)
FNDA:0,(anonymous_7)
FNDA:0,(anonymous_8)
FNDA:0,(anonymous_9)
FNDA:0,(anonymous_10)
FNDA:0,(anonymous_11)
FNDA:0,(anonymous_12)
DA:7,0
DA:8,0
DA:24,0
DA:34,0
DA:36,0
DA:38,0
DA:40,0
DA:43,0
DA:55,0
DA:57,0
DA:70,0
DA:72,0
DA:74,0
DA:77,0
DA:89,0
DA:91,0
DA:104,0
DA:106,0
DA:108,0
DA:110,0
DA:113,0
DA:124,0
DA:126,0
DA:137,0
DA:139,0
DA:141,0
DA:143,0
DA:144,0
DA:147,0
DA:150,0
DA:162,0
DA:164,0
DA:176,0
DA:178,0
DA:180,0
DA:182,0
DA:185,0
DA:197,0
DA:199,0
DA:214,0
DA:216,0
DA:219,0
DA:224,0
DA:227,0
DA:240,0
DA:242,0
DA:257,0
DA:259,0
DA:262,0
DA:267,0
DA:270,0
DA:283,0
DA:285,0
DA:298,0
DA:299,0
DA:301,0
DA:304,0
DA:315,0
DA:317,0
DA:328,0
DA:330,0
DA:332,0
DA:335,0
DA:348,0
DA:350,0
DA:360,0
DA:364,0
DA:366,0
DA:368,0
DA:379,0
DA:381,0
DA:383,0
DA:386,0
DA:396,0
DA:398,0
DA:410,0
DA:412,0
DA:414,0
DA:417,0
DA:426,0
DA:428,0
DA:433,0
LF:82
LH:0
BRDA:23,0,0,0
BRDA:33,1,0,0
BRDA:36,2,0,0
BRDA:36,2,1,0
BRDA:69,3,0,0
BRDA:69,4,0,0
BRDA:72,5,0,0
BRDA:72,5,1,0
BRDA:103,6,0,0
BRDA:106,7,0,0
BRDA:106,7,1,0
BRDA:136,8,0,0
BRDA:139,9,0,0
BRDA:139,9,1,0
BRDA:143,10,0,0
BRDA:143,10,1,0
BRDA:175,11,0,0
BRDA:178,12,0,0
BRDA:178,12,1,0
BRDA:213,13,0,0
BRDA:216,14,0,0
BRDA:216,14,1,0
BRDA:256,15,0,0
BRDA:259,16,0,0
BRDA:259,16,1,0
BRDA:297,17,0,0
BRDA:299,18,0,0
BRDA:299,18,1,0
BRDA:327,19,0,0
BRDA:327,20,0,0
BRDA:330,21,0,0
BRDA:330,21,1,0
BRDA:359,22,0,0
BRDA:378,23,0,0
BRDA:378,24,0,0
BRDA:381,25,0,0
BRDA:381,25,1,0
BRDA:409,26,0,0
BRDA:412,27,0,0
BRDA:412,27,1,0
BRF:40
BRH:0
end_of_record
TN:
SF:src\lib\adapters\session-manager-adapter.js
FN:21,(anonymous_0)
FN:30,(anonymous_1)
FN:45,(anonymous_2)
FN:58,(anonymous_3)
FN:74,(anonymous_4)
FN:110,(anonymous_5)
FN:154,(anonymous_6)
FN:189,(anonymous_7)
FN:232,(anonymous_8)
FN:281,(anonymous_9)
FN:328,(anonymous_10)
FNF:11
FNH:0
FNDA:0,(anonymous_0)
FNDA:0,(anonymous_1)
FNDA:0,(anonymous_2)
FNDA:0,(anonymous_3)
FNDA:0,(anonymous_4)
FNDA:0,(anonymous_5)
FNDA:0,(anonymous_6)
FNDA:0,(anonymous_7)
FNDA:0,(anonymous_8)
FNDA:0,(anonymous_9)
FNDA:0,(anonymous_10)
DA:7,0
DA:8,0
DA:22,0
DA:31,0
DA:32,0
DA:34,0
DA:35,0
DA:37,0
DA:46,0
DA:47,0
DA:49,0
DA:59,0
DA:60,0
DA:62,0
DA:64,0
DA:75,0
DA:78,0
DA:81,0
DA:84,0
DA:95,0
DA:97,0
DA:111,0
DA:114,0
DA:120,0
DA:125,0
DA:128,0
DA:139,0
DA:141,0
DA:155,0
DA:158,0
DA:160,0
DA:162,0
DA:165,0
DA:176,0
DA:178,0
DA:190,0
DA:193,0
DA:196,0
DA:198,0
DA:199,0
DA:202,0
DA:205,0
DA:216,0
DA:218,0
DA:233,0
DA:236,0
DA:242,0
DA:244,0
DA:245,0
DA:248,0
DA:254,0
DA:265,0
DA:267,0
DA:282,0
DA:285,0
DA:291,0
DA:296,0
DA:302,0
DA:313,0
DA:315,0
DA:329,0
DA:332,0
DA:335,0
DA:337,0
DA:340,0
DA:341,0
DA:353,0
DA:355,0
DA:362,0
LF:69
LH:0
BRDA:21,0,0,0
BRDA:74,1,0,0
BRDA:78,2,0,0
BRDA:78,2,1,0
BRDA:110,3,0,0
BRDA:114,4,0,0
BRDA:114,4,1,0
BRDA:154,5,0,0
BRDA:158,6,0,0
BRDA:158,6,1,0
BRDA:171,7,0,0
BRDA:171,7,1,0
BRDA:189,8,0,0
BRDA:193,9,0,0
BRDA:193,9,1,0
BRDA:198,10,0,0
BRDA:198,10,1,0
BRDA:232,11,0,0
BRDA:236,12,0,0
BRDA:236,12,1,0
BRDA:244,13,0,0
BRDA:244,13,1,0
BRDA:281,14,0,0
BRDA:285,15,0,0
BRDA:285,15,1,0
BRDA:328,16,0,0
BRDA:332,17,0,0
BRDA:332,17,1,0
BRDA:340,18,0,0
BRDA:340,18,1,0
BRF:30
BRH:0
end_of_record
TN:
SF:src\lib\adapters\state-manager-adapter.js
FN:23,(anonymous_0)
FN:32,(anonymous_1)
FN:52,(anonymous_2)
FN:91,(anonymous_3)
FN:141,(anonymous_4)
FN:161,(anonymous_5)
FN:177,(anonymous_6)
FNF:7
FNH:0
FNDA:0,(anonymous_0)
FNDA:0,(anonymous_1)
FNDA:0,(anonymous_2)
FNDA:0,(anonymous_3)
FNDA:0,(anonymous_4)
FNDA:0,(anonymous_5)
FNDA:0,(anonymous_6)
DA:7,0
DA:8,0
DA:24,0
DA:33,0
DA:37,0
DA:39,0
DA:41,0
DA:53,0
DA:55,0
DA:57,0
DA:60,0
DA:62,0
DA:65,0
DA:78,0
DA:80,0
DA:92,0
DA:94,0
DA:96,0
DA:99,0
DA:100,0
DA:106,0
DA:108,0
DA:111,0
DA:126,0
DA:128,0
DA:142,0
DA:146,0
DA:148,0
DA:150,0
DA:162,0
DA:166,0
DA:168,0
DA:178,0
DA:182,0
DA:184,0
DA:189,0
LF:36
LH:0
BRDA:23,0,0,0
BRDA:32,1,0,0
BRDA:52,2,0,0
BRDA:52,3,0,0
BRDA:55,4,0,0
BRDA:55,4,1,0
BRDA:72,5,0,0
BRDA:72,5,1,0
BRDA:91,6,0,0
BRDA:91,7,0,0
BRDA:94,8,0,0
BRDA:94,8,1,0
BRDA:99,9,0,0
BRDA:99,9,1,0
BRDA:120,10,0,0
BRDA:120,10,1,0
BRDA:141,11,0,0
BRDA:161,12,0,0
BRDA:177,13,0,0
BRF:19
BRH:0
end_of_record
TN:
SF:src\lib\adapters\task-manager-adapter.js
FN:21,(anonymous_0)
FN:30,(anonymous_1)
FN:44,(anonymous_2)
FN:57,(anonymous_3)
FN:77,(anonymous_4)
FN:116,(anonymous_5)
FN:157,(anonymous_6)
FN:222,(anonymous_7)
FN:267,(anonymous_8)
FNF:9
FNH:0
FNDA:0,(anonymous_0)
FNDA:0,(anonymous_1)
FNDA:0,(anonymous_2)
FNDA:0,(anonymous_3)
FNDA:0,(anonymous_4)
FNDA:0,(anonymous_5)
FNDA:0,(anonymous_6)
FNDA:0,(anonymous_7)
FNDA:0,(anonymous_8)
DA:7,0
DA:8,0
DA:22,0
DA:31,0
DA:32,0
DA:34,0
DA:36,0
DA:45,0
DA:46,0
DA:48,0
DA:58,0
DA:59,0
DA:61,0
DA:62,0
DA:65,0
DA:67,0
DA:78,0
DA:81,0
DA:83,0
DA:85,0
DA:86,0
DA:89,0
DA:92,0
DA:104,0
DA:106,0
DA:117,0
DA:120,0
DA:122,0
DA:124,0
DA:125,0
DA:128,0
DA:131,0
DA:142,0
DA:144,0
DA:158,0
DA:161,0
DA:168,0
DA:174,0
DA:175,0
DA:178,0
DA:179,0
DA:184,0
DA:192,0
DA:205,0
DA:207,0
DA:223,0
DA:226,0
DA:232,0
DA:234,0
DA:235,0
DA:238,0
DA:241,0
DA:252,0
DA:254,0
DA:268,0
DA:271,0
DA:276,0
DA:278,0
DA:281,0
DA:292,0
DA:294,0
DA:301,0
LF:62
LH:0
BRDA:21,0,0,0
BRDA:61,1,0,0
BRDA:61,1,1,0
BRDA:77,2,0,0
BRDA:81,3,0,0
BRDA:81,3,1,0
BRDA:85,4,0,0
BRDA:85,4,1,0
BRDA:116,5,0,0
BRDA:120,6,0,0
BRDA:120,6,1,0
BRDA:124,7,0,0
BRDA:124,7,1,0
BRDA:157,8,0,0
BRDA:161,9,0,0
BRDA:161,9,1,0
BRDA:174,10,0,0
BRDA:174,10,1,0
BRDA:178,11,0,0
BRDA:178,11,1,0
BRDA:178,12,0,0
BRDA:178,12,1,0
BRDA:178,12,2,0
BRDA:222,13,0,0
BRDA:226,14,0,0
BRDA:226,14,1,0
BRDA:234,15,0,0
BRDA:234,15,1,0
BRDA:267,16,0,0
BRDA:271,17,0,0
BRDA:271,17,1,0
BRDA:286,18,0,0
BRDA:286,18,1,0
BRF:33
BRH:0
end_of_record
TN:
SF:src\lib\core\constants.js
FNF:0
FNH:0
DA:6,0
DA:27,0
DA:39,0
DA:47,0
DA:55,0
LF:5
LH:0
BRF:0
BRH:0
end_of_record
TN:
SF:src\lib\core\error-framework.js
FN:22,(anonymous_0)
FN:37,(anonymous_1)
FN:57,(anonymous_2)
FN:72,(anonymous_3)
FN:92,(anonymous_4)
FN:112,(anonymous_5)
FN:132,(anonymous_6)
FN:153,(anonymous_7)
FN:173,(anonymous_8)
FN:193,(anonymous_9)
FN:213,(anonymous_10)
FN:233,(anonymous_11)
FN:253,(anonymous_12)
FN:273,(anonymous_13)
FN:293,(anonymous_14)
FN:313,(anonymous_15)
FN:333,(anonymous_16)
FN:346,(anonymous_17)
FN:408,(anonymous_18)
FN:411,(anonymous_19)
FN:464,(anonymous_20)
FNF:21
FNH:11
FNDA:52,(anonymous_0)
FNDA:0,(anonymous_1)
FNDA:0,(anonymous_2)
FNDA:1,(anonymous_3)
FNDA:1,(anonymous_4)
FNDA:1,(anonymous_5)
FNDA:16,(anonymous_6)
FNDA:0,(anonymous_7)
FNDA:1,(anonymous_8)
FNDA:3,(anonymous_9)
FNDA:1,(anonymous_10)
FNDA:1,(anonymous_11)
FNDA:1,(anonymous_12)
FNDA:1,(anonymous_13)
FNDA:0,(anonymous_14)
FNDA:0,(anonymous_15)
FNDA:0,(anonymous_16)
FNDA:0,(anonymous_17)
FNDA:0,(anonymous_18)
FNDA:0,(anonymous_19)
FNDA:0,(anonymous_20)
DA:23,52
DA:24,52
DA:25,52
DA:26,52
DA:27,52
DA:28,52
DA:30,52
DA:38,0
DA:58,0
DA:73,1
DA:93,1
DA:113,1
DA:133,16
DA:139,16
DA:154,0
DA:174,1
DA:194,3
DA:214,1
DA:234,1
DA:254,1
DA:274,1
DA:294,0
DA:314,0
DA:334,0
DA:335,0
DA:336,0
DA:348,0
DA:349,0
DA:356,0
DA:365,0
DA:367,0
DA:368,0
DA:378,0
DA:388,0
DA:389,0
DA:390,0
DA:396,0
DA:400,0
DA:409,0
DA:412,0
DA:414,0
DA:415,0
DA:425,0
DA:430,0
DA:431,0
DA:440,0
DA:443,0
DA:444,0
DA:453,0
DA:454,0
DA:465,0
DA:469,5
LF:52
LH:19
BRDA:22,0,0,1
BRDA:25,1,0,52
BRDA:25,1,1,1
BRDA:26,2,0,52
BRDA:26,2,1,11
BRDA:29,3,0,27
BRDA:29,3,1,25
BRDA:43,4,0,0
BRDA:43,4,1,0
BRDA:44,5,0,0
BRDA:44,5,1,0
BRDA:72,6,0,1
BRDA:75,7,0,1
BRDA:75,7,1,1
BRDA:77,8,0,0
BRDA:77,8,1,1
BRDA:92,9,0,1
BRDA:95,10,0,1
BRDA:95,10,1,1
BRDA:97,11,0,0
BRDA:97,11,1,1
BRDA:112,12,0,1
BRDA:115,13,0,1
BRDA:115,13,1,1
BRDA:117,14,0,0
BRDA:117,14,1,1
BRDA:132,15,0,1
BRDA:135,16,0,16
BRDA:135,16,1,16
BRDA:137,17,0,0
BRDA:137,17,1,16
BRDA:153,18,0,0
BRDA:156,19,0,0
BRDA:156,19,1,0
BRDA:158,20,0,0
BRDA:158,20,1,0
BRDA:173,21,0,1
BRDA:176,22,0,1
BRDA:176,22,1,1
BRDA:178,23,0,0
BRDA:178,23,1,1
BRDA:193,24,0,1
BRDA:196,25,0,3
BRDA:196,25,1,1
BRDA:198,26,0,0
BRDA:198,26,1,3
BRDA:213,27,0,1
BRDA:216,28,0,1
BRDA:216,28,1,1
BRDA:218,29,0,0
BRDA:218,29,1,1
BRDA:233,30,0,1
BRDA:236,31,0,1
BRDA:236,31,1,1
BRDA:238,32,0,0
BRDA:238,32,1,1
BRDA:253,33,0,1
BRDA:256,34,0,1
BRDA:256,34,1,1
BRDA:258,35,0,0
BRDA:258,35,1,1
BRDA:273,36,0,1
BRDA:276,37,0,1
BRDA:276,37,1,1
BRDA:278,38,0,0
BRDA:278,38,1,1
BRDA:293,39,0,0
BRDA:296,40,0,0
BRDA:296,40,1,0
BRDA:298,41,0,0
BRDA:298,41,1,0
BRDA:313,42,0,0
BRDA:316,43,0,0
BRDA:316,43,1,0
BRDA:318,44,0,0
BRDA:318,44,1,0
BRDA:334,45,0,0
BRDA:334,45,1,0
BRDA:348,46,0,0
BRDA:348,46,1,0
BRDA:365,47,0,0
BRDA:365,47,1,0
BRDA:367,48,0,0
BRDA:367,48,1,0
BRDA:388,49,0,0
BRDA:388,49,1,0
BRDA:388,50,0,0
BRDA:388,50,1,0
BRDA:414,51,0,0
BRDA:414,51,1,0
BRDA:430,52,0,0
BRDA:430,52,1,0
BRDA:443,53,0,0
BRDA:443,53,1,0
BRF:94
BRH:47
end_of_record
TN:
SF:src\lib\core\error-handler.js
FN:32,(anonymous_0)
FN:69,(anonymous_1)
FN:168,(anonymous_2)
FN:200,(anonymous_3)
FN:227,(anonymous_4)
FN:330,(anonymous_5)
FN:338,(anonymous_6)
FN:346,(anonymous_7)
FN:377,(anonymous_8)
FN:390,(anonymous_9)
FN:403,(anonymous_10)
FN:460,(anonymous_11)
FN:511,(anonymous_12)
FN:541,(anonymous_13)
FN:571,(anonymous_14)
FN:580,(anonymous_15)
FN:592,(anonymous_16)
FN:605,(anonymous_17)
FN:613,(anonymous_18)
FN:617,(anonymous_19)
FN:640,(anonymous_20)
FN:665,(anonymous_21)
FN:669,(anonymous_22)
FN:670,(anonymous_23)
FN:679,(anonymous_24)
FN:680,(anonymous_25)
FN:691,(anonymous_26)
FN:695,(anonymous_27)
FN:706,(anonymous_28)
FN:718,(anonymous_29)
FN:761,(anonymous_30)
FN:766,(anonymous_31)
FNF:32
FNH:0
FNDA:0,(anonymous_0)
FNDA:0,(anonymous_1)
FNDA:0,(anonymous_2)
FNDA:0,(anonymous_3)
FNDA:0,(anonymous_4)
FNDA:0,(anonymous_5)
FNDA:0,(anonymous_6)
FNDA:0,(anonymous_7)
FNDA:0,(anonymous_8)
FNDA:0,(anonymous_9)
FNDA:0,(anonymous_10)
FNDA:0,(anonymous_11)
FNDA:0,(anonymous_12)
FNDA:0,(anonymous_13)
FNDA:0,(anonymous_14)
FNDA:0,(anonymous_15)
FNDA:0,(anonymous_16)
FNDA:0,(anonymous_17)
FNDA:0,(anonymous_18)
FNDA:0,(anonymous_19)
FNDA:0,(anonymous_20)
FNDA:0,(anonymous_21)
FNDA:0,(anonymous_22)
FNDA:0,(anonymous_23)
FNDA:0,(anonymous_24)
FNDA:0,(anonymous_25)
FNDA:0,(anonymous_26)
FNDA:0,(anonymous_27)
FNDA:0,(anonymous_28)
FNDA:0,(anonymous_29)
FNDA:0,(anonymous_30)
FNDA:0,(anonymous_31)
DA:19,0
DA:34,0
DA:35,0
DA:37,0
DA:38,0
DA:41,0
DA:42,0
DA:43,0
DA:44,0
DA:45,0
DA:46,0
DA:49,0
DA:52,0
DA:55,0
DA:70,0
DA:71,0
DA:75,0
DA:76,0
DA:86,0
DA:88,0
DA:89,0
DA:92,0
DA:93,0
DA:101,0
DA:104,0
DA:107,0
DA:110,0
DA:113,0
DA:116,0
DA:117,0
DA:119,0
DA:120,0
DA:131,0
DA:132,0
DA:133,0
DA:143,0
DA:157,0
DA:161,0
DA:169,0
DA:181,0
DA:182,0
DA:186,0
DA:190,0
DA:192,0
DA:201,0
DA:203,0
DA:215,0
DA:216,0
DA:219,0
DA:235,0
DA:237,0
DA:239,0
DA:240,0
DA:250,0
DA:251,0
DA:257,0
DA:262,0
DA:267,0
DA:268,0
DA:279,0
DA:280,0
DA:286,0
DA:291,0
DA:293,0
DA:296,0
DA:297,0
DA:308,0
DA:309,0
DA:315,0
DA:320,0
DA:322,0
DA:331,0
DA:339,0
DA:349,0
DA:350,0
DA:351,0
DA:357,0
DA:358,0
DA:364,0
DA:365,0
DA:366,0
DA:370,0
DA:378,0
DA:379,0
DA:380,0
DA:391,0
DA:392,0
DA:393,0
DA:404,0
DA:405,0
DA:406,0
DA:414,0
DA:415,0
DA:423,0
DA:424,0
DA:430,0
DA:435,0
DA:436,0
DA:442,0
DA:443,0
DA:444,0
DA:446,0
DA:461,0
DA:462,0
DA:463,0
DA:472,0
DA:473,0
DA:482,0
DA:483,0
DA:489,0
DA:494,0
DA:495,0
DA:512,0
DA:515,0
DA:516,0
DA:523,0
DA:524,0
DA:530,0
DA:534,0
DA:542,0
DA:545,0
DA:546,0
DA:551,0
DA:552,0
DA:558,0
DA:562,0
DA:572,0
DA:573,0
DA:581,0
DA:593,0
DA:598,0
DA:606,0
DA:615,0
DA:618,0
DA:629,0
DA:638,0
DA:641,0
DA:652,0
DA:667,0
DA:669,0
DA:677,0
DA:679,0
DA:693,0
DA:696,0
DA:704,0
DA:706,0
DA:719,0
DA:720,0
DA:721,0
DA:722,0
DA:725,0
DA:726,0
DA:727,0
DA:728,0
DA:729,0
DA:730,0
DA:731,0
DA:732,0
DA:733,0
DA:738,0
DA:739,0
DA:740,0
DA:742,0
DA:744,0
DA:762,0
DA:763,0
DA:764,0
DA:765,0
DA:766,0
DA:773,0
DA:784,0
LF:171
LH:0
BRDA:32,0,0,0
BRDA:34,1,0,0
BRDA:34,1,1,0
BRDA:37,2,0,0
BRDA:37,2,1,0
BRDA:69,3,0,0
BRDA:70,4,0,0
BRDA:70,4,1,0
BRDA:71,5,0,0
BRDA:71,5,1,0
BRDA:75,6,0,0
BRDA:75,6,1,0
BRDA:86,7,0,0
BRDA:86,7,1,0
BRDA:92,8,0,0
BRDA:92,8,1,0
BRDA:116,9,0,0
BRDA:116,9,1,0
BRDA:119,10,0,0
BRDA:119,10,1,0
BRDA:132,11,0,0
BRDA:132,11,1,0
BRDA:144,12,0,0
BRDA:144,12,1,0
BRDA:181,13,0,0
BRDA:181,13,1,0
BRDA:181,14,0,0
BRDA:181,14,1,0
BRDA:186,15,0,0
BRDA:186,15,1,0
BRDA:187,16,0,0
BRDA:187,16,1,0
BRDA:201,17,0,0
BRDA:201,17,1,0
BRDA:215,18,0,0
BRDA:215,18,1,0
BRDA:239,19,0,0
BRDA:239,19,1,0
BRDA:250,20,0,0
BRDA:250,20,1,0
BRDA:267,21,0,0
BRDA:267,21,1,0
BRDA:279,22,0,0
BRDA:279,22,1,0
BRDA:291,23,0,0
BRDA:291,23,1,0
BRDA:296,24,0,0
BRDA:296,24,1,0
BRDA:308,25,0,0
BRDA:308,25,1,0
BRDA:320,26,0,0
BRDA:320,26,1,0
BRDA:353,27,0,0
BRDA:353,27,1,0
BRDA:360,28,0,0
BRDA:360,28,1,0
BRDA:364,29,0,0
BRDA:364,29,1,0
BRDA:366,30,0,0
BRDA:366,30,1,0
BRDA:370,31,0,0
BRDA:370,31,1,0
BRDA:379,32,0,0
BRDA:379,32,1,0
BRDA:382,33,0,0
BRDA:382,33,1,0
BRDA:392,34,0,0
BRDA:392,34,1,0
BRDA:395,35,0,0
BRDA:395,35,1,0
BRDA:405,36,0,0
BRDA:405,36,1,0
BRDA:414,37,0,0
BRDA:414,37,1,0
BRDA:423,38,0,0
BRDA:423,38,1,0
BRDA:438,39,0,0
BRDA:438,39,1,0
BRDA:442,40,0,0
BRDA:442,40,1,0
BRDA:462,41,0,0
BRDA:462,41,1,0
BRDA:472,42,0,0
BRDA:472,42,1,0
BRDA:482,43,0,0
BRDA:482,43,1,0
BRDA:497,44,0,0
BRDA:497,44,1,0
BRDA:511,45,0,0
BRDA:515,46,0,0
BRDA:515,46,1,0
BRDA:523,47,0,0
BRDA:523,47,1,0
BRDA:545,48,0,0
BRDA:545,48,1,0
BRDA:545,49,0,0
BRDA:545,49,1,0
BRDA:551,50,0,0
BRDA:551,50,1,0
BRDA:592,51,0,0
BRDA:595,52,0,0
BRDA:595,52,1,0
BRDA:696,53,0,0
BRDA:696,53,1,0
BRDA:726,54,0,0
BRDA:726,54,1,0
BRDA:728,55,0,0
BRDA:728,55,1,0
BRDA:730,56,0,0
BRDA:730,56,1,0
BRDA:732,57,0,0
BRDA:732,57,1,0
BRDA:738,58,0,0
BRDA:738,58,1,0
BRDA:739,59,0,0
BRDA:739,59,1,0
BRDA:742,60,0,0
BRDA:742,60,1,0
BRDA:745,61,0,0
BRDA:745,61,1,0
BRF:120
BRH:0
end_of_record
TN:
SF:src\lib\core\error-migration-helper.js
FN:15,convertError
FN:48,(anonymous_1)
FN:56,(anonymous_2)
FN:64,(anonymous_3)
FN:72,(anonymous_4)
FN:92,migrateFunction
FN:95,(anonymous_6)
FN:121,migrateClassMethods
FNF:8
FNH:0
FNDA:0,convertError
FNDA:0,(anonymous_1)
FNDA:0,(anonymous_2)
FNDA:0,(anonymous_3)
FNDA:0,(anonymous_4)
FNDA:0,migrateFunction
FNDA:0,(anonymous_6)
FNDA:0,migrateClassMethods
DA:7,0
DA:8,0
DA:16,0
DA:17,0
DA:21,0
DA:22,0
DA:26,0
DA:27,0
DA:31,0
DA:32,0
DA:37,0
DA:47,0
DA:50,0
DA:53,0
DA:58,0
DA:61,0
DA:66,0
DA:69,0
DA:74,0
DA:77,0
DA:93,0
DA:95,0
DA:96,0
DA:97,0
DA:100,0
DA:103,0
DA:104,0
DA:108,0
DA:122,0
DA:124,0
DA:126,0
DA:132,0
DA:134,0
DA:143,0
LF:34
LH:0
BRDA:16,0,0,0
BRDA:16,0,1,0
BRDA:21,1,0,0
BRDA:21,1,1,0
BRDA:26,2,0,0
BRDA:26,2,1,0
BRDA:31,3,0,0
BRDA:31,3,1,0
BRDA:92,4,0,0
BRDA:103,5,0,0
BRDA:103,5,1,0
BRDA:121,6,0,0
BRDA:126,7,0,0
BRDA:126,7,1,0
BRDA:127,8,0,0
BRDA:127,8,1,0
BRF:16
BRH:0
end_of_record
TN:
SF:src\lib\core\event-catalog.js
FNF:0
FNH:0
DA:8,0
DA:11,0
DA:14,0
DA:36,0
DA:55,0
DA:70,0
DA:89,0
DA:106,0
DA:124,0
DA:142,0
DA:163,0
DA:181,0
DA:204,0
DA:226,0
DA:252,0
DA:274,0
DA:299,0
DA:316,0
DA:336,0
DA:353,0
DA:374,0
DA:398,0
DA:422,0
DA:442,0
DA:463,0
DA:485,0
DA:508,0
DA:526,0
DA:552,0
DA:581,0
DA:607,0
DA:636,0
DA:662,0
DA:691,0
DA:715,0
DA:744,0
DA:768,0
DA:796,0
DA:823,0
DA:851,0
DA:875,0
DA:901,0
DA:922,0
DA:946,0
DA:972,0
DA:998,0
DA:1019,0
DA:1049,0
DA:1075,0
DA:1096,0
DA:1120,0
DA:1146,0
LF:52
LH:0
BRF:0
BRH:0
end_of_record
TN:
SF:src\lib\core\event-constants.js
FN:96,generateEventMap
FN:99,(anonymous_1)
FN:100,(anonymous_2)
FNF:3
FNH:0
FNDA:0,generateEventMap
FNDA:0,(anonymous_1)
FNDA:0,(anonymous_2)
DA:12,0
DA:97,0
DA:99,0
DA:100,0
DA:101,0
DA:105,0
DA:108,0
DA:110,0
LF:8
LH:0
BRF:0
BRH:0
end_of_record
TN:
SF:src\lib\core\event-migration-helper.js
FN:22,(anonymous_0)
FN:38,(anonymous_1)
FN:60,(anonymous_2)
FN:82,(anonymous_3)
FN:84,(anonymous_4)
FN:85,(anonymous_5)
FN:88,(anonymous_6)
FN:89,(anonymous_7)
FN:115,(anonymous_8)
FN:116,(anonymous_9)
FN:120,(anonymous_10)
FN:121,(anonymous_11)
FN:126,(anonymous_12)
FN:130,(anonymous_13)
FN:165,(anonymous_14)
FN:188,(anonymous_15)
FN:216,(anonymous_16)
FN:261,(anonymous_17)
FN:283,(anonymous_18)
FN:290,(anonymous_19)
FN:305,(anonymous_20)
FN:316,(anonymous_21)
FN:321,(anonymous_22)
FNF:23
FNH:0
FNDA:0,(anonymous_0)
FNDA:0,(anonymous_1)
FNDA:0,(anonymous_2)
FNDA:0,(anonymous_3)
FNDA:0,(anonymous_4)
FNDA:0,(anonymous_5)
FNDA:0,(anonymous_6)
FNDA:0,(anonymous_7)
FNDA:0,(anonymous_8)
FNDA:0,(anonymous_9)
FNDA:0,(anonymous_10)
FNDA:0,(anonymous_11)
FNDA:0,(anonymous_12)
FNDA:0,(anonymous_13)
FNDA:0,(anonymous_14)
FNDA:0,(anonymous_15)
FNDA:0,(anonymous_16)
FNDA:0,(anonymous_17)
FNDA:0,(anonymous_18)
FNDA:0,(anonymous_19)
FNDA:0,(anonymous_20)
FNDA:0,(anonymous_21)
FNDA:0,(anonymous_22)
DA:23,0
DA:24,0
DA:25,0
DA:26,0
DA:27,0
DA:28,0
DA:29,0
DA:39,0
DA:40,0
DA:42,0
DA:43,0
DA:51,0
DA:61,0
DA:66,0
DA:67,0
DA:74,0
DA:83,0
DA:84,0
DA:85,0
DA:87,0
DA:88,0
DA:89,0
DA:92,0
DA:93,0
DA:94,0
DA:95,0
DA:101,0
DA:102,0
DA:103,0
DA:109,0
DA:115,0
DA:116,0
DA:120,0
DA:121,0
DA:125,0
DA:126,0
DA:129,0
DA:130,0
DA:133,0
DA:135,0
DA:137,0
DA:166,0
DA:167,0
DA:170,0
DA:171,0
DA:172,0
DA:173,0
DA:178,0
DA:180,0
DA:186,0
DA:188,0
DA:190,0
DA:193,0
DA:197,0
DA:205,0
DA:207,0
DA:210,0
DA:212,0
DA:213,0
DA:215,0
DA:216,0
DA:217,0
DA:219,0
DA:221,0
DA:223,0
DA:230,0
DA:231,0
DA:235,0
DA:236,0
DA:243,0
DA:246,0
DA:251,0
DA:263,0
DA:276,0
DA:277,0
DA:278,0
DA:283,0
DA:291,0
DA:293,0
DA:294,0
DA:295,0
DA:296,0
DA:297,0
DA:298,0
DA:299,0
DA:301,0
DA:302,0
DA:303,0
DA:305,0
DA:307,0
DA:310,0
DA:313,0
DA:314,0
DA:315,0
DA:316,0
DA:317,0
DA:320,0
DA:321,0
DA:322,0
DA:323,0
DA:326,0
DA:329,0
DA:330,0
DA:331,0
DA:332,0
DA:333,0
DA:335,0
DA:336,0
DA:337,0
DA:338,0
DA:339,0
DA:340,0
DA:341,0
DA:342,0
DA:343,0
DA:344,0
DA:345,0
DA:346,0
DA:347,0
DA:348,0
DA:349,0
DA:350,0
DA:351,0
DA:352,0
DA:353,0
DA:354,0
DA:355,0
DA:356,0
DA:357,0
DA:358,0
DA:359,0
DA:360,0
DA:361,0
DA:362,0
DA:363,0
DA:364,0
DA:365,0
DA:366,0
DA:367,0
DA:368,0
DA:369,0
DA:370,0
DA:371,0
DA:372,0
DA:373,0
DA:374,0
DA:375,0
DA:376,0
DA:378,0
DA:382,0
LF:150
LH:0
BRDA:22,0,0,0
BRDA:27,1,0,0
BRDA:27,1,1,0
BRDA:28,2,0,0
BRDA:28,2,1,0
BRDA:40,3,0,0
BRDA:40,3,1,0
BRDA:42,4,0,0
BRDA:42,4,1,0
BRDA:63,5,0,0
BRDA:63,5,1,0
BRDA:66,6,0,0
BRDA:66,6,1,0
BRDA:102,7,0,0
BRDA:102,7,1,0
BRDA:135,8,0,0
BRDA:135,8,1,0
BRDA:172,9,0,0
BRDA:172,9,1,0
BRDA:180,10,0,0
BRDA:180,10,1,0
BRDA:181,11,0,0
BRDA:181,11,1,0
BRDA:197,12,0,0
BRDA:197,12,1,0
BRDA:198,13,0,0
BRDA:198,13,1,0
BRDA:210,14,0,0
BRDA:210,14,1,0
BRDA:210,15,0,0
BRDA:210,15,1,0
BRDA:213,16,0,0
BRDA:213,16,1,0
BRDA:217,17,0,0
BRDA:217,17,1,0
BRDA:221,18,0,0
BRDA:221,18,1,0
BRDA:221,19,0,0
BRDA:221,19,1,0
BRDA:230,20,0,0
BRDA:230,20,1,0
BRDA:230,21,0,0
BRDA:230,21,1,0
BRDA:277,22,0,0
BRDA:277,22,1,0
BRDA:277,23,0,0
BRDA:277,23,1,0
BRDA:307,24,0,0
BRDA:307,24,1,0
BRDA:314,25,0,0
BRDA:314,25,1,0
BRF:51
BRH:0
end_of_record
TN:
SF:src\lib\core\event-system.js
FN:24,(anonymous_0)
FN:46,(anonymous_1)
FN:96,(anonymous_2)
FN:114,(anonymous_3)
FN:129,(anonymous_4)
FN:139,(anonymous_5)
FN:140,(anonymous_6)
FN:153,(anonymous_7)
FN:160,(anonymous_8)
FN:185,(anonymous_9)
FN:203,(anonymous_10)
FN:294,(anonymous_11)
FN:320,(anonymous_12)
FN:361,(anonymous_13)
FN:406,(anonymous_14)
FN:426,(anonymous_15)
FN:441,(anonymous_16)
FN:484,(anonymous_17)
FN:524,(anonymous_18)
FN:532,(anonymous_19)
FN:533,(anonymous_20)
FN:541,(anonymous_21)
FN:561,(anonymous_22)
FN:576,(anonymous_23)
FN:588,(anonymous_24)
FN:601,(anonymous_25)
FN:615,(anonymous_26)
FN:644,(anonymous_27)
FN:679,(anonymous_28)
FN:734,(anonymous_29)
FN:751,(anonymous_30)
FN:760,(anonymous_31)
FN:770,(anonymous_32)
FN:802,(anonymous_33)
FN:813,(anonymous_34)
FN:849,(anonymous_35)
FN:858,(anonymous_36)
FN:863,(anonymous_37)
FN:873,(anonymous_38)
FN:874,(anonymous_39)
FN:884,(anonymous_40)
FNF:41
FNH:4
FNDA:0,(anonymous_0)
FNDA:16,(anonymous_1)
FNDA:1,(anonymous_2)
FNDA:0,(anonymous_3)
FNDA:0,(anonymous_4)
FNDA:0,(anonymous_5)
FNDA:0,(anonymous_6)
FNDA:1,(anonymous_7)
FNDA:0,(anonymous_8)
FNDA:0,(anonymous_9)
FNDA:4,(anonymous_10)
FNDA:0,(anonymous_11)
FNDA:0,(anonymous_12)
FNDA:0,(anonymous_13)
FNDA:0,(anonymous_14)
FNDA:0,(anonymous_15)
FNDA:0,(anonymous_16)
FNDA:0,(anonymous_17)
FNDA:0,(anonymous_18)
FNDA:0,(anonymous_19)
FNDA:0,(anonymous_20)
FNDA:0,(anonymous_21)
FNDA:0,(anonymous_22)
FNDA:0,(anonymous_23)
FNDA:0,(anonymous_24)
FNDA:0,(anonymous_25)
FNDA:0,(anonymous_26)
FNDA:0,(anonymous_27)
FNDA:0,(anonymous_28)
FNDA:0,(anonymous_29)
FNDA:0,(anonymous_30)
FNDA:0,(anonymous_31)
FNDA:0,(anonymous_32)
FNDA:0,(anonymous_33)
FNDA:0,(anonymous_34)
FNDA:0,(anonymous_35)
FNDA:0,(anonymous_36)
FNDA:0,(anonymous_37)
FNDA:0,(anonymous_38)
FNDA:0,(anonymous_39)
FNDA:0,(anonymous_40)
DA:12,1
DA:13,1
DA:25,0
DA:47,16
DA:48,16
DA:54,16
DA:60,0
DA:61,0
DA:64,16
DA:65,16
DA:68,16
DA:71,16
DA:83,16
DA:84,16
DA:87,16
DA:97,1
DA:100,0
DA:102,0
DA:105,0
DA:106,0
DA:108,0
DA:109,0
DA:114,0
DA:117,1
DA:118,1
DA:121,1
DA:123,1
DA:124,1
DA:129,1
DA:140,0
DA:141,0
DA:142,0
DA:145,0
DA:154,1
DA:155,1
DA:158,0
DA:159,0
DA:160,0
DA:163,0
DA:164,0
DA:166,0
DA:167,0
DA:170,0
DA:172,0
DA:173,0
DA:186,0
DA:187,0
DA:188,0
DA:190,0
DA:191,0
DA:205,4
DA:206,0
DA:213,0
DA:214,0
DA:218,4
DA:219,4
DA:223,4
DA:224,0
DA:225,0
DA:226,0
DA:229,0
DA:230,0
DA:236,0
DA:243,0
DA:244,0
DA:260,4
DA:261,0
DA:262,0
DA:263,0
DA:265,0
DA:271,0
DA:272,0
DA:296,0
DA:297,0
DA:305,0
DA:306,0
DA:310,0
DA:311,0
DA:314,0
DA:317,0
DA:318,0
DA:319,0
DA:321,0
DA:322,0
DA:325,0
DA:326,0
DA:332,0
DA:339,0
DA:340,0
DA:358,0
DA:359,0
DA:360,0
DA:362,0
DA:363,0
DA:366,0
DA:367,0
DA:373,0
DA:380,0
DA:381,0
DA:398,0
DA:408,0
DA:409,0
DA:416,0
DA:417,0
DA:428,0
DA:429,0
DA:430,0
DA:443,0
DA:446,0
DA:447,0
DA:448,0
DA:449,0
DA:453,0
DA:454,0
DA:462,0
DA:465,0
DA:470,0
DA:471,0
DA:486,0
DA:489,0
DA:495,0
DA:498,0
DA:499,0
DA:507,0
DA:510,0
DA:515,0
DA:516,0
DA:525,0
DA:533,0
DA:542,0
DA:547,0
DA:548,0
DA:549,0
DA:553,0
DA:562,0
DA:563,0
DA:564,0
DA:566,0
DA:569,0
DA:577,0
DA:578,0
DA:579,0
DA:589,0
DA:590,0
DA:591,0
DA:602,0
DA:617,0
DA:618,0
DA:619,0
DA:623,0
DA:627,0
DA:633,0
DA:652,0
DA:653,0
DA:654,0
DA:658,0
DA:662,0
DA:668,0
DA:681,0
DA:684,0
DA:685,0
DA:686,0
DA:689,0
DA:690,0
DA:698,0
DA:699,0
DA:703,0
DA:717,0
DA:720,0
DA:721,0
DA:725,0
DA:735,0
DA:736,0
DA:738,0
DA:743,0
DA:752,0
DA:761,0
DA:771,0
DA:773,0
DA:778,0
DA:779,0
DA:781,0
DA:787,0
DA:788,0
DA:790,0
DA:803,0
DA:804,0
DA:814,0
DA:816,0
DA:817,0
DA:819,0
DA:822,0
DA:824,0
DA:832,0
DA:834,0
DA:836,0
DA:837,0
DA:840,0
DA:841,0
DA:850,0
DA:859,0
DA:860,0
DA:863,0
DA:874,0
DA:885,0
DA:889,1
LF:206
LH:27
BRDA:24,0,0,0
BRDA:27,1,0,0
BRDA:27,1,1,0
BRDA:29,2,0,0
BRDA:29,2,1,0
BRDA:46,3,0,0
BRDA:54,4,0,0
BRDA:54,4,1,16
BRDA:55,5,0,16
BRDA:55,5,1,16
BRDA:55,5,2,16
BRDA:68,6,0,16
BRDA:68,6,1,1
BRDA:71,7,0,16
BRDA:71,7,1,0
BRDA:83,8,0,1
BRDA:83,8,1,15
BRDA:84,9,0,16
BRDA:84,9,1,0
BRDA:97,10,0,0
BRDA:97,10,1,1
BRDA:108,11,0,0
BRDA:108,11,1,0
BRDA:117,12,0,1
BRDA:117,12,1,0
BRDA:123,13,0,1
BRDA:123,13,1,0
BRDA:154,14,0,1
BRDA:154,14,1,0
BRDA:163,15,0,0
BRDA:163,15,1,0
BRDA:166,16,0,0
BRDA:166,16,1,0
BRDA:172,17,0,0
BRDA:172,17,1,0
BRDA:187,18,0,0
BRDA:187,18,1,0
BRDA:190,19,0,0
BRDA:190,19,1,0
BRDA:205,20,0,0
BRDA:205,20,1,4
BRDA:213,21,0,0
BRDA:213,21,1,0
BRDA:218,22,0,4
BRDA:218,22,1,0
BRDA:223,23,0,0
BRDA:223,23,1,4
BRDA:229,24,0,0
BRDA:229,24,1,0
BRDA:229,25,0,0
BRDA:229,25,1,0
BRDA:243,26,0,0
BRDA:243,26,1,0
BRDA:261,27,0,0
BRDA:261,27,1,0
BRDA:271,28,0,0
BRDA:271,28,1,0
BRDA:296,29,0,0
BRDA:296,29,1,0
BRDA:305,30,0,0
BRDA:305,30,1,0
BRDA:310,31,0,0
BRDA:310,31,1,0
BRDA:317,32,0,0
BRDA:317,32,1,0
BRDA:325,33,0,0
BRDA:325,33,1,0
BRDA:325,34,0,0
BRDA:325,34,1,0
BRDA:339,35,0,0
BRDA:339,35,1,0
BRDA:359,36,0,0
BRDA:359,36,1,0
BRDA:366,37,0,0
BRDA:366,37,1,0
BRDA:366,38,0,0
BRDA:366,38,1,0
BRDA:380,39,0,0
BRDA:380,39,1,0
BRDA:408,40,0,0
BRDA:408,40,1,0
BRDA:408,41,0,0
BRDA:408,41,1,0
BRDA:441,42,0,0
BRDA:441,43,0,0
BRDA:446,44,0,0
BRDA:446,44,1,0
BRDA:448,45,0,0
BRDA:448,45,1,0
BRDA:448,46,0,0
BRDA:448,46,1,0
BRDA:448,46,2,0
BRDA:470,47,0,0
BRDA:470,47,1,0
BRDA:484,48,0,0
BRDA:484,49,0,0
BRDA:489,50,0,0
BRDA:489,50,1,0
BRDA:490,51,0,0
BRDA:490,51,1,0
BRDA:490,51,2,0
BRDA:490,51,3,0
BRDA:515,52,0,0
BRDA:515,52,1,0
BRDA:542,53,0,0
BRDA:542,53,1,0
BRDA:548,54,0,0
BRDA:548,54,1,0
BRDA:561,55,0,0
BRDA:562,56,0,0
BRDA:562,56,1,0
BRDA:563,57,0,0
BRDA:563,57,1,0
BRDA:563,58,0,0
BRDA:563,58,1,0
BRDA:578,59,0,0
BRDA:578,59,1,0
BRDA:578,60,0,0
BRDA:578,60,1,0
BRDA:580,61,0,0
BRDA:580,61,1,0
BRDA:590,62,0,0
BRDA:590,62,1,0
BRDA:590,63,0,0
BRDA:590,63,1,0
BRDA:601,64,0,0
BRDA:601,65,0,0
BRDA:617,66,0,0
BRDA:617,66,1,0
BRDA:617,67,0,0
BRDA:617,67,1,0
BRDA:618,68,0,0
BRDA:618,68,1,0
BRDA:629,69,0,0
BRDA:629,69,1,0
BRDA:647,70,0,0
BRDA:649,71,0,0
BRDA:652,72,0,0
BRDA:652,72,1,0
BRDA:652,73,0,0
BRDA:652,73,1,0
BRDA:653,74,0,0
BRDA:653,74,1,0
BRDA:664,75,0,0
BRDA:664,75,1,0
BRDA:679,76,0,0
BRDA:684,77,0,0
BRDA:684,77,1,0
BRDA:684,78,0,0
BRDA:684,78,1,0
BRDA:689,79,0,0
BRDA:689,79,1,0
BRDA:689,80,0,0
BRDA:689,80,1,0
BRDA:698,81,0,0
BRDA:698,81,1,0
BRDA:698,82,0,0
BRDA:698,82,1,0
BRDA:707,83,0,0
BRDA:707,83,1,0
BRDA:708,84,0,0
BRDA:708,84,1,0
BRDA:710,85,0,0
BRDA:710,85,1,0
BRDA:711,86,0,0
BRDA:711,86,1,0
BRDA:713,87,0,0
BRDA:713,87,1,0
BRDA:713,88,0,0
BRDA:713,88,1,0
BRDA:720,89,0,0
BRDA:720,89,1,0
BRDA:738,90,0,0
BRDA:738,90,1,0
BRDA:739,91,0,0
BRDA:739,91,1,0
BRDA:739,91,2,0
BRDA:761,92,0,0
BRDA:761,92,1,0
BRDA:770,93,0,0
BRDA:771,94,0,0
BRDA:771,94,1,0
BRDA:779,95,0,0
BRDA:779,95,1,0
BRDA:814,96,0,0
BRDA:814,96,1,0
BRDA:816,97,0,0
BRDA:816,97,1,0
BRDA:816,98,0,0
BRDA:816,98,1,0
BRDA:826,99,0,0
BRDA:826,99,1,0
BRDA:827,100,0,0
BRDA:827,100,1,0
BRDA:827,100,2,0
BRDA:828,101,0,0
BRDA:828,101,1,0
BRDA:829,102,0,0
BRDA:829,102,1,0
BRDA:836,103,0,0
BRDA:836,103,1,0
BRDA:850,104,0,0
BRDA:850,104,1,0
BRDA:859,105,0,0
BRDA:859,105,1,0
BRF:205
BRH:17
end_of_record
TN:
SF:src\lib\core\operation-context.js
FN:15,(anonymous_0)
FN:34,(anonymous_1)
FN:63,(anonymous_2)
FN:71,(anonymous_3)
FN:87,(anonymous_4)
FNF:5
FNH:0
FNDA:0,(anonymous_0)
FNDA:0,(anonymous_1)
FNDA:0,(anonymous_2)
FNDA:0,(anonymous_3)
FNDA:0,(anonymous_4)
DA:16,0
DA:19,0
DA:20,0
DA:21,0
DA:22,0
DA:23,0
DA:24,0
DA:35,0
DA:36,0
DA:46,0
DA:47,0
DA:51,0
DA:55,0
DA:64,0
DA:72,0
DA:88,0
DA:99,1
LF:17
LH:1
BRDA:15,0,0,0
BRDA:17,1,0,0
BRDA:17,1,1,0
BRDA:22,2,0,0
BRDA:22,2,1,0
BRDA:23,3,0,0
BRDA:23,3,1,0
BRDA:24,4,0,0
BRDA:24,4,1,0
BRDA:34,5,0,0
BRDA:38,6,0,0
BRDA:38,6,1,0
BRDA:46,7,0,0
BRDA:46,7,1,0
BRDA:46,8,0,0
BRDA:46,8,1,0
BRDA:51,9,0,0
BRDA:51,9,1,0
BRDA:52,10,0,0
BRDA:52,10,1,0
BRDA:87,11,0,0
BRF:21
BRH:0
end_of_record
TN:
SF:src\lib\core\service-container.js
FN:15,(anonymous_0)
FN:27,(anonymous_1)
FN:38,(anonymous_2)
FN:49,(anonymous_3)
FN:90,(anonymous_4)
FN:99,(anonymous_5)
FN:108,(anonymous_6)
FN:118,(anonymous_7)
FNF:8
FNH:0
FNDA:0,(anonymous_0)
FNDA:0,(anonymous_1)
FNDA:0,(anonymous_2)
FNDA:0,(anonymous_3)
FNDA:0,(anonymous_4)
FNDA:0,(anonymous_5)
FNDA:0,(anonymous_6)
FNDA:0,(anonymous_7)
DA:16,0
DA:17,0
DA:18,0
DA:28,0
DA:29,0
DA:39,0
DA:40,0
DA:51,0
DA:52,0
DA:56,0
DA:58,0
DA:59,0
DA:65,0
DA:67,0
DA:69,0
DA:70,0
DA:73,0
DA:75,0
DA:78,0
DA:82,0
DA:91,0
DA:100,0
DA:101,0
DA:102,0
DA:109,0
DA:110,0
DA:111,0
DA:119,0
DA:128,0
LF:29
LH:0
BRDA:51,0,0,0
BRDA:51,0,1,0
BRDA:56,1,0,0
BRDA:56,1,1,0
BRDA:58,2,0,0
BRDA:58,2,1,0
BRDA:91,3,0,0
BRDA:91,3,1,0
BRDA:102,4,0,0
BRDA:102,4,1,0
BRF:10
BRH:0
end_of_record
TN:
SF:src\lib\core\service-definitions.js
FN:58,registerServices
FN:68,(anonymous_1)
FN:73,(anonymous_2)
FN:84,(anonymous_3)
FN:92,(anonymous_4)
FN:97,(anonymous_5)
FN:106,(anonymous_6)
FN:114,(anonymous_7)
FN:124,(anonymous_8)
FN:134,(anonymous_9)
FN:143,(anonymous_10)
FN:152,(anonymous_11)
FN:157,(anonymous_12)
FN:165,(anonymous_13)
FN:171,(anonymous_14)
FN:174,(anonymous_15)
FN:178,(anonymous_16)
FN:185,(anonymous_17)
FN:201,(anonymous_18)
FN:218,(anonymous_19)
FN:228,(anonymous_20)
FN:238,(anonymous_21)
FN:249,(anonymous_22)
FN:268,(anonymous_23)
FN:276,(anonymous_24)
FN:284,(anonymous_25)
FN:293,(anonymous_26)
FN:320,(anonymous_27)
FN:329,(anonymous_28)
FNF:29
FNH:0
FNDA:0,registerServices
FNDA:0,(anonymous_1)
FNDA:0,(anonymous_2)
FNDA:0,(anonymous_3)
FNDA:0,(anonymous_4)
FNDA:0,(anonymous_5)
FNDA:0,(anonymous_6)
FNDA:0,(anonymous_7)
FNDA:0,(anonymous_8)
FNDA:0,(anonymous_9)
FNDA:0,(anonymous_10)
FNDA:0,(anonymous_11)
FNDA:0,(anonymous_12)
FNDA:0,(anonymous_13)
FNDA:0,(anonymous_14)
FNDA:0,(anonymous_15)
FNDA:0,(anonymous_16)
FNDA:0,(anonymous_17)
FNDA:0,(anonymous_18)
FNDA:0,(anonymous_19)
FNDA:0,(anonymous_20)
FNDA:0,(anonymous_21)
FNDA:0,(anonymous_22)
FNDA:0,(anonymous_23)
FNDA:0,(anonymous_24)
FNDA:0,(anonymous_25)
FNDA:0,(anonymous_26)
FNDA:0,(anonymous_27)
FNDA:0,(anonymous_28)
DA:8,0
DA:9,0
DA:10,0
DA:11,0
DA:14,0
DA:15,0
DA:16,0
DA:19,0
DA:20,0
DA:21,0
DA:22,0
DA:23,0
DA:24,0
DA:25,0
DA:26,0
DA:27,0
DA:30,0
DA:31,0
DA:32,0
DA:33,0
DA:34,0
DA:35,0
DA:39,0
DA:40,0
DA:42,0
DA:43,0
DA:47,0
DA:48,0
DA:49,0
DA:50,0
DA:51,0
DA:60,0
DA:61,0
DA:62,0
DA:63,0
DA:64,0
DA:68,0
DA:69,0
DA:70,0
DA:73,0
DA:74,0
DA:75,0
DA:84,0
DA:85,0
DA:86,0
DA:92,0
DA:94,0
DA:97,0
DA:98,0
DA:99,0
DA:106,0
DA:107,0
DA:114,0
DA:115,0
DA:116,0
DA:124,0
DA:125,0
DA:126,0
DA:134,0
DA:135,0
DA:143,0
DA:144,0
DA:145,0
DA:152,0
DA:153,0
DA:154,0
DA:157,0
DA:158,0
DA:165,0
DA:167,0
DA:171,0
DA:172,0
DA:174,0
DA:176,0
DA:178,0
DA:180,0
DA:185,0
DA:186,0
DA:187,0
DA:201,0
DA:202,0
DA:203,0
DA:218,0
DA:219,0
DA:228,0
DA:229,0
DA:238,0
DA:239,0
DA:249,0
DA:250,0
DA:251,0
DA:268,0
DA:269,0
DA:276,0
DA:277,0
DA:284,0
DA:285,0
DA:293,0
DA:294,0
DA:296,0
DA:298,0
DA:320,0
DA:321,0
DA:329,0
DA:330,0
DA:338,0
LF:106
LH:0
BRDA:58,0,0,0
BRDA:69,1,0,0
BRDA:69,1,1,0
BRDA:74,2,0,0
BRDA:74,2,1,0
BRDA:77,3,0,0
BRDA:77,3,1,0
BRDA:78,4,0,0
BRDA:78,4,1,0
BRDA:79,5,0,0
BRDA:79,5,1,0
BRDA:85,6,0,0
BRDA:85,6,1,0
BRDA:98,7,0,0
BRDA:98,7,1,0
BRDA:115,8,0,0
BRDA:115,8,1,0
BRDA:117,9,0,0
BRDA:117,9,1,0
BRDA:125,10,0,0
BRDA:125,10,1,0
BRDA:127,11,0,0
BRDA:127,11,1,0
BRDA:139,12,0,0
BRDA:139,12,1,0
BRDA:144,13,0,0
BRDA:144,13,1,0
BRDA:153,14,0,0
BRDA:153,14,1,0
BRDA:186,15,0,0
BRDA:186,15,1,0
BRDA:202,16,0,0
BRDA:202,16,1,0
BRDA:250,17,0,0
BRDA:250,17,1,0
BRDA:294,18,0,0
BRDA:294,18,1,0
BRDA:312,19,0,0
BRDA:312,19,1,0
BRF:39
BRH:0
end_of_record
TN:
SF:src\lib\data\feedback-repository.js
FN:32,(anonymous_0)
FN:69,(anonymous_1)
FN:102,(anonymous_2)
FN:120,(anonymous_3)
FN:181,(anonymous_4)
FN:207,(anonymous_5)
FN:259,(anonymous_6)
FN:290,(anonymous_7)
FN:321,(anonymous_8)
FN:329,(anonymous_9)
FN:432,(anonymous_10)
FN:463,(anonymous_11)
FN:483,(anonymous_12)
FN:516,(anonymous_13)
FN:521,(anonymous_14)
FN:527,(anonymous_15)
FN:570,(anonymous_16)
FN:605,(anonymous_17)
FNF:18
FNH:0
FNDA:0,(anonymous_0)
FNDA:0,(anonymous_1)
FNDA:0,(anonymous_2)
FNDA:0,(anonymous_3)
FNDA:0,(anonymous_4)
FNDA:0,(anonymous_5)
FNDA:0,(anonymous_6)
FNDA:0,(anonymous_7)
FNDA:0,(anonymous_8)
FNDA:0,(anonymous_9)
FNDA:0,(anonymous_10)
FNDA:0,(anonymous_11)
FNDA:0,(anonymous_12)
FNDA:0,(anonymous_13)
FNDA:0,(anonymous_14)
FNDA:0,(anonymous_15)
FNDA:0,(anonymous_16)
FNDA:0,(anonymous_17)
DA:8,0
DA:12,0
DA:34,0
DA:35,0
DA:37,0
DA:38,0
DA:42,0
DA:43,0
DA:47,0
DA:60,0
DA:70,0
DA:71,0
DA:72,0
DA:73,0
DA:77,0
DA:79,0
DA:81,0
DA:83,0
DA:92,0
DA:93,0
DA:103,0
DA:104,0
DA:105,0
DA:107,0
DA:108,0
DA:109,0
DA:116,0
DA:119,0
DA:120,0
DA:124,0
DA:127,0
DA:128,0
DA:131,0
DA:132,0
DA:136,0
DA:143,0
DA:144,0
DA:145,0
DA:150,0
DA:152,0
DA:154,0
DA:160,0
DA:161,0
DA:166,0
DA:168,0
DA:172,0
DA:182,0
DA:183,0
DA:185,0
DA:186,0
DA:187,0
DA:193,0
DA:194,0
DA:195,0
DA:198,0
DA:205,0
DA:206,0
DA:208,0
DA:213,0
DA:220,0
DA:221,0
DA:228,0
DA:230,0
DA:232,0
DA:238,0
DA:239,0
DA:244,0
DA:246,0
DA:250,0
DA:260,0
DA:261,0
DA:262,0
DA:263,0
DA:264,0
DA:265,0
DA:270,0
DA:274,0
DA:277,0
DA:278,0
DA:279,0
DA:280,0
DA:281,0
DA:283,0
DA:290,0
DA:292,0
DA:293,0
DA:294,0
DA:297,0
DA:300,0
DA:301,0
DA:307,0
DA:308,0
DA:322,0
DA:323,0
DA:325,0
DA:328,0
DA:329,0
DA:331,0
DA:332,0
DA:336,0
DA:337,0
DA:340,0
DA:345,0
DA:349,0
DA:350,0
DA:357,0
DA:365,0
DA:372,0
DA:373,0
DA:374,0
DA:378,0
DA:381,0
DA:388,0
DA:389,0
DA:398,0
DA:400,0
DA:402,0
DA:409,0
DA:410,0
DA:416,0
DA:418,0
DA:423,0
DA:433,0
DA:434,0
DA:436,0
DA:440,0
DA:444,0
DA:445,0
DA:446,0
DA:447,0
DA:449,0
DA:452,0
DA:453,0
DA:454,0
DA:455,0
DA:456,0
DA:457,0
DA:458,0
DA:460,0
DA:461,0
DA:462,0
DA:463,0
DA:465,0
DA:466,0
DA:468,0
DA:473,0
DA:484,0
DA:485,0
DA:487,0
DA:490,0
DA:491,0
DA:492,0
DA:493,0
DA:495,0
DA:501,0
DA:502,0
DA:503,0
DA:504,0
DA:505,0
DA:507,0
DA:515,0
DA:516,0
DA:517,0
DA:518,0
DA:520,0
DA:521,0
DA:522,0
DA:523,0
DA:526,0
DA:527,0
DA:528,0
DA:529,0
DA:533,0
DA:543,0
DA:544,0
DA:560,0
DA:561,0
DA:571,0
DA:572,0
DA:574,0
DA:577,0
DA:578,0
DA:579,0
DA:580,0
DA:582,0
DA:588,0
DA:589,0
DA:590,0
DA:591,0
DA:592,0
DA:594,0
DA:602,0
DA:605,0
DA:607,0
DA:608,0
DA:609,0
DA:610,0
DA:611,0
DA:612,0
DA:613,0
DA:614,0
DA:615,0
DA:616,0
DA:617,0
DA:619,0
DA:620,0
DA:621,0
DA:622,0
DA:624,0
DA:628,0
DA:629,0
DA:635,0
DA:636,0
DA:641,0
LF:214
LH:0
BRDA:32,0,0,0
BRDA:34,1,0,0
BRDA:34,1,1,0
BRDA:37,2,0,0
BRDA:37,2,1,0
BRDA:42,3,0,0
BRDA:42,3,1,0
BRDA:54,4,0,0
BRDA:54,4,1,0
BRDA:55,5,0,0
BRDA:55,5,1,0
BRDA:56,6,0,0
BRDA:56,6,1,0
BRDA:72,7,0,0
BRDA:72,7,1,0
BRDA:77,8,0,0
BRDA:77,8,1,0
BRDA:81,9,0,0
BRDA:81,9,1,0
BRDA:84,10,0,0
BRDA:84,10,1,0
BRDA:108,11,0,0
BRDA:108,11,1,0
BRDA:124,12,0,0
BRDA:124,12,1,0
BRDA:143,13,0,0
BRDA:143,13,1,0
BRDA:144,14,0,0
BRDA:144,14,1,0
BRDA:152,15,0,0
BRDA:152,15,1,0
BRDA:155,16,0,0
BRDA:155,16,1,0
BRDA:160,17,0,0
BRDA:160,17,1,0
BRDA:186,18,0,0
BRDA:186,18,1,0
BRDA:208,19,0,0
BRDA:208,19,1,0
BRDA:208,19,2,0
BRDA:220,20,0,0
BRDA:220,20,1,0
BRDA:230,21,0,0
BRDA:230,21,1,0
BRDA:233,22,0,0
BRDA:233,22,1,0
BRDA:238,23,0,0
BRDA:238,23,1,0
BRDA:281,24,0,0
BRDA:281,24,1,0
BRDA:292,25,0,0
BRDA:292,25,1,0
BRDA:292,25,2,0
BRDA:293,26,0,0
BRDA:293,26,1,0
BRDA:293,26,2,0
BRDA:300,27,0,0
BRDA:300,27,1,0
BRDA:302,28,0,0
BRDA:302,28,1,0
BRDA:321,29,0,0
BRDA:331,30,0,0
BRDA:331,30,1,0
BRDA:340,31,0,0
BRDA:340,31,1,0
BRDA:341,32,0,0
BRDA:341,32,1,0
BRDA:349,33,0,0
BRDA:349,33,1,0
BRDA:351,34,0,0
BRDA:351,34,1,0
BRDA:357,35,0,0
BRDA:357,35,1,0
BRDA:358,36,0,0
BRDA:358,36,1,0
BRDA:358,36,2,0
BRDA:388,37,0,0
BRDA:388,37,1,0
BRDA:400,38,0,0
BRDA:400,38,1,0
BRDA:409,39,0,0
BRDA:409,39,1,0
BRDA:409,40,0,0
BRDA:409,40,1,0
BRDA:436,41,0,0
BRDA:436,41,1,0
BRDA:437,42,0,0
BRDA:437,42,1,0
BRDA:444,43,0,0
BRDA:444,43,1,0
BRDA:444,44,0,0
BRDA:444,44,1,0
BRDA:449,45,0,0
BRDA:449,45,1,0
BRDA:449,46,0,0
BRDA:449,46,1,0
BRDA:454,47,0,0
BRDA:454,47,1,0
BRDA:455,48,0,0
BRDA:455,48,1,0
BRDA:457,49,0,0
BRDA:457,49,1,0
BRDA:460,50,0,0
BRDA:460,50,1,0
BRDA:505,51,0,0
BRDA:505,51,1,0
BRDA:517,52,0,0
BRDA:517,52,1,0
BRDA:522,53,0,0
BRDA:522,53,1,0
BRDA:524,54,0,0
BRDA:524,54,1,0
BRDA:528,55,0,0
BRDA:528,55,1,0
BRDA:530,56,0,0
BRDA:530,56,1,0
BRDA:543,57,0,0
BRDA:543,57,1,0
BRDA:545,58,0,0
BRDA:545,58,1,0
BRDA:570,59,0,0
BRDA:592,60,0,0
BRDA:592,60,1,0
BRDA:608,61,0,0
BRDA:608,61,1,0
BRDA:609,62,0,0
BRDA:609,62,1,0
BRDA:609,63,0,0
BRDA:609,63,1,0
BRDA:610,64,0,0
BRDA:610,64,1,0
BRDA:610,65,0,0
BRDA:610,65,1,0
BRDA:611,66,0,0
BRDA:611,66,1,0
BRDA:611,67,0,0
BRDA:611,67,1,0
BRDA:612,68,0,0
BRDA:612,68,1,0
BRDA:612,69,0,0
BRDA:612,69,1,0
BRDA:613,70,0,0
BRDA:613,70,1,0
BRDA:614,71,0,0
BRDA:614,71,1,0
BRDA:614,72,0,0
BRDA:614,72,1,0
BRDA:616,73,0,0
BRDA:616,73,1,0
BRDA:616,74,0,0
BRDA:616,74,1,0
BRDA:619,75,0,0
BRDA:619,75,1,0
BRDA:622,76,0,0
BRDA:622,76,1,0
BRDA:628,77,0,0
BRDA:628,77,1,0
BRDA:630,78,0,0
BRDA:630,78,1,0
BRF:159
BRH:0
end_of_record
TN:
SF:src\lib\data\repository.js
FN:31,(anonymous_0)
FN:67,(anonymous_1)
FN:91,(anonymous_2)
FN:100,(anonymous_3)
FN:122,(anonymous_4)
FN:134,(anonymous_5)
FN:187,(anonymous_6)
FN:194,(anonymous_7)
FN:200,(anonymous_8)
FN:261,(anonymous_9)
FN:268,(anonymous_10)
FN:324,(anonymous_11)
FN:375,(anonymous_12)
FN:397,(anonymous_13)
FN:419,(anonymous_14)
FN:453,(anonymous_15)
FN:508,(anonymous_16)
FNF:17
FNH:0
FNDA:0,(anonymous_0)
FNDA:0,(anonymous_1)
FNDA:0,(anonymous_2)
FNDA:0,(anonymous_3)
FNDA:0,(anonymous_4)
FNDA:0,(anonymous_5)
FNDA:0,(anonymous_6)
FNDA:0,(anonymous_7)
FNDA:0,(anonymous_8)
FNDA:0,(anonymous_9)
FNDA:0,(anonymous_10)
FNDA:0,(anonymous_11)
FNDA:0,(anonymous_12)
FNDA:0,(anonymous_13)
FNDA:0,(anonymous_14)
FNDA:0,(anonymous_15)
FNDA:0,(anonymous_16)
DA:13,0
DA:32,0
DA:33,0
DA:35,0
DA:36,0
DA:38,0
DA:39,0
DA:42,0
DA:43,0
DA:44,0
DA:45,0
DA:46,0
DA:49,0
DA:50,0
DA:52,0
DA:57,0
DA:58,0
DA:68,0
DA:69,0
DA:70,0
DA:72,0
DA:74,0
DA:75,0
DA:79,0
DA:80,0
DA:92,0
DA:93,0
DA:94,0
DA:96,0
DA:97,0
DA:100,0
DA:102,0
DA:103,0
DA:108,0
DA:111,0
DA:123,0
DA:125,0
DA:126,0
DA:129,0
DA:132,0
DA:134,0
DA:136,0
DA:142,0
DA:143,0
DA:146,0
DA:149,0
DA:150,0
DA:155,0
DA:157,0
DA:162,0
DA:163,0
DA:168,0
DA:170,0
DA:171,0
DA:176,0
DA:177,0
DA:188,0
DA:190,0
DA:191,0
DA:194,0
DA:195,0
DA:196,0
DA:200,0
DA:201,0
DA:203,0
DA:205,0
DA:208,0
DA:211,0
DA:212,0
DA:215,0
DA:218,0
DA:220,0
DA:226,0
DA:228,0
DA:230,0
DA:231,0
DA:237,0
DA:239,0
DA:240,0
DA:246,0
DA:250,0
DA:262,0
DA:264,0
DA:265,0
DA:268,0
DA:269,0
DA:270,0
DA:274,0
DA:277,0
DA:278,0
DA:281,0
DA:284,0
DA:289,0
DA:292,0
DA:294,0
DA:296,0
DA:297,0
DA:302,0
DA:304,0
DA:305,0
DA:310,0
DA:313,0
DA:325,0
DA:327,0
DA:328,0
DA:329,0
DA:333,0
DA:334,0
DA:337,0
DA:343,0
DA:345,0
DA:347,0
DA:348,0
DA:353,0
DA:355,0
DA:356,0
DA:361,0
DA:364,0
DA:376,0
DA:377,0
DA:378,0
DA:380,0
DA:382,0
DA:383,0
DA:387,0
DA:388,0
DA:398,0
DA:399,0
DA:400,0
DA:402,0
DA:404,0
DA:405,0
DA:409,0
DA:410,0
DA:420,0
DA:421,0
DA:422,0
DA:425,0
DA:427,0
DA:428,0
DA:429,0
DA:432,0
DA:434,0
DA:436,0
DA:441,0
DA:442,0
DA:454,0
DA:455,0
DA:456,0
DA:460,0
DA:461,0
DA:462,0
DA:466,0
DA:468,0
DA:469,0
DA:470,0
DA:473,0
DA:476,0
DA:480,0
DA:482,0
DA:487,0
DA:489,0
DA:491,0
DA:496,0
DA:497,0
DA:509,0
DA:510,0
DA:511,0
DA:514,0
DA:516,0
DA:517,0
DA:518,0
DA:519,0
DA:521,0
DA:524,0
DA:525,0
DA:530,0
DA:533,0
DA:537,0
DA:540,0
DA:545,0
DA:548,0
DA:549,0
DA:550,0
DA:555,0
DA:557,0
DA:559,0
DA:564,0
DA:565,0
DA:572,0
LF:190
LH:0
BRDA:31,0,0,0
BRDA:32,1,0,0
BRDA:32,1,1,0
BRDA:35,2,0,0
BRDA:35,2,1,0
BRDA:38,3,0,0
BRDA:38,3,1,0
BRDA:49,4,0,0
BRDA:49,4,1,0
BRDA:51,5,0,0
BRDA:51,5,1,0
BRDA:53,6,0,0
BRDA:53,6,1,0
BRDA:69,7,0,0
BRDA:69,7,1,0
BRDA:74,8,0,0
BRDA:74,8,1,0
BRDA:96,9,0,0
BRDA:96,9,1,0
BRDA:100,10,0,0
BRDA:100,10,1,0
BRDA:102,11,0,0
BRDA:102,11,1,0
BRDA:126,12,0,0
BRDA:126,12,1,0
BRDA:132,13,0,0
BRDA:132,13,1,0
BRDA:133,14,0,0
BRDA:133,14,1,0
BRDA:149,15,0,0
BRDA:149,15,1,0
BRDA:157,16,0,0
BRDA:157,16,1,0
BRDA:158,17,0,0
BRDA:158,17,1,0
BRDA:162,18,0,0
BRDA:162,18,1,0
BRDA:170,19,0,0
BRDA:170,19,1,0
BRDA:191,20,0,0
BRDA:191,20,1,0
BRDA:195,21,0,0
BRDA:195,21,1,0
BRDA:201,22,0,0
BRDA:201,22,1,0
BRDA:201,23,0,0
BRDA:201,23,1,0
BRDA:218,24,0,0
BRDA:218,24,1,0
BRDA:228,25,0,0
BRDA:228,25,1,0
BRDA:228,26,0,0
BRDA:228,26,1,0
BRDA:230,27,0,0
BRDA:230,27,1,0
BRDA:239,28,0,0
BRDA:239,28,1,0
BRDA:265,29,0,0
BRDA:265,29,1,0
BRDA:269,30,0,0
BRDA:269,30,1,0
BRDA:284,31,0,0
BRDA:284,31,1,0
BRDA:294,32,0,0
BRDA:294,32,1,0
BRDA:296,33,0,0
BRDA:296,33,1,0
BRDA:304,34,0,0
BRDA:304,34,1,0
BRDA:328,35,0,0
BRDA:328,35,1,0
BRDA:345,36,0,0
BRDA:345,36,1,0
BRDA:347,37,0,0
BRDA:347,37,1,0
BRDA:355,38,0,0
BRDA:355,38,1,0
BRDA:378,39,0,0
BRDA:378,39,1,0
BRDA:382,40,0,0
BRDA:382,40,1,0
BRDA:400,41,0,0
BRDA:400,41,1,0
BRDA:402,42,0,0
BRDA:402,42,1,0
BRDA:404,43,0,0
BRDA:404,43,1,0
BRDA:421,44,0,0
BRDA:421,44,1,0
BRDA:434,45,0,0
BRDA:434,45,1,0
BRDA:455,46,0,0
BRDA:455,46,1,0
BRDA:461,47,0,0
BRDA:461,47,1,0
BRDA:476,48,0,0
BRDA:476,48,1,0
BRDA:477,49,0,0
BRDA:477,49,1,0
BRDA:480,50,0,0
BRDA:480,50,1,0
BRDA:489,51,0,0
BRDA:489,51,1,0
BRDA:510,52,0,0
BRDA:510,52,1,0
BRDA:521,53,0,0
BRDA:521,53,1,0
BRDA:548,54,0,0
BRDA:548,54,1,0
BRDA:549,55,0,0
BRDA:549,55,1,0
BRDA:557,56,0,0
BRDA:557,56,1,0
BRF:113
BRH:0
end_of_record
TN:
SF:src\lib\data\session-repository.js
FN:27,(anonymous_0)
FN:64,(anonymous_1)
FN:89,(anonymous_2)
FN:142,(anonymous_3)
FN:214,(anonymous_4)
FN:263,(anonymous_5)
FN:331,(anonymous_6)
FN:424,(anonymous_7)
FN:452,(anonymous_8)
FN:483,(anonymous_9)
FN:560,(anonymous_10)
FN:636,(anonymous_11)
FN:679,(anonymous_12)
FN:694,(anonymous_13)
FNF:14
FNH:0
FNDA:0,(anonymous_0)
FNDA:0,(anonymous_1)
FNDA:0,(anonymous_2)
FNDA:0,(anonymous_3)
FNDA:0,(anonymous_4)
FNDA:0,(anonymous_5)
FNDA:0,(anonymous_6)
FNDA:0,(anonymous_7)
FNDA:0,(anonymous_8)
FNDA:0,(anonymous_9)
FNDA:0,(anonymous_10)
FNDA:0,(anonymous_11)
FNDA:0,(anonymous_12)
FNDA:0,(anonymous_13)
DA:8,0
DA:29,0
DA:30,0
DA:32,0
DA:33,0
DA:35,0
DA:36,0
DA:38,0
DA:39,0
DA:43,0
DA:56,0
DA:57,0
DA:65,0
DA:66,0
DA:67,0
DA:68,0
DA:70,0
DA:72,0
DA:74,0
DA:79,0
DA:80,0
DA:90,0
DA:91,0
DA:92,0
DA:94,0
DA:95,0
DA:99,0
DA:103,0
DA:110,0
DA:112,0
DA:113,0
DA:119,0
DA:122,0
DA:124,0
DA:130,0
DA:131,0
DA:143,0
DA:144,0
DA:145,0
DA:148,0
DA:149,0
DA:151,0
DA:152,0
DA:153,0
DA:158,0
DA:159,0
DA:162,0
DA:198,0
DA:200,0
DA:201,0
DA:211,0
DA:212,0
DA:215,0
DA:218,0
DA:219,0
DA:223,0
DA:228,0
DA:229,0
DA:230,0
DA:236,0
DA:238,0
DA:240,0
DA:244,0
DA:245,0
DA:250,0
DA:252,0
DA:253,0
DA:264,0
DA:265,0
DA:267,0
DA:268,0
DA:269,0
DA:275,0
DA:278,0
DA:285,0
DA:286,0
DA:290,0
DA:291,0
DA:297,0
DA:299,0
DA:301,0
DA:308,0
DA:309,0
DA:314,0
DA:316,0
DA:321,0
DA:332,0
DA:333,0
DA:335,0
DA:336,0
DA:340,0
DA:342,0
DA:345,0
DA:348,0
DA:349,0
DA:351,0
DA:353,0
DA:355,0
DA:363,0
DA:364,0
DA:367,0
DA:369,0
DA:371,0
DA:374,0
DA:375,0
DA:378,0
DA:379,0
DA:380,0
DA:386,0
DA:388,0
DA:390,0
DA:396,0
DA:397,0
DA:403,0
DA:405,0
DA:411,0
DA:425,0
DA:426,0
DA:427,0
DA:429,0
DA:431,0
DA:438,0
DA:439,0
DA:453,0
DA:454,0
DA:455,0
DA:457,0
DA:459,0
DA:466,0
DA:471,0
DA:484,0
DA:485,0
DA:492,0
DA:493,0
DA:495,0
DA:496,0
DA:497,0
DA:498,0
DA:499,0
DA:500,0
DA:501,0
DA:502,0
DA:505,0
DA:506,0
DA:509,0
DA:510,0
DA:511,0
DA:519,0
DA:522,0
DA:530,0
DA:534,0
DA:539,0
DA:546,0
DA:550,0
DA:561,0
DA:562,0
DA:563,0
DA:564,0
DA:566,0
DA:567,0
DA:568,0
DA:571,0
DA:572,0
DA:573,0
DA:574,0
DA:585,0
DA:586,0
DA:587,0
DA:595,0
DA:598,0
DA:606,0
DA:610,0
DA:615,0
DA:622,0
DA:626,0
DA:637,0
DA:638,0
DA:643,0
DA:645,0
DA:646,0
DA:648,0
DA:649,0
DA:655,0
DA:659,0
DA:663,0
DA:664,0
DA:674,0
DA:675,0
DA:678,0
DA:679,0
DA:681,0
DA:687,0
DA:693,0
DA:694,0
DA:696,0
DA:697,0
DA:699,0
DA:700,0
DA:701,0
DA:702,0
DA:703,0
DA:704,0
DA:705,0
DA:706,0
DA:707,0
DA:708,0
DA:709,0
DA:711,0
DA:712,0
DA:713,0
DA:714,0
DA:715,0
DA:716,0
DA:717,0
DA:718,0
DA:719,0
DA:720,0
DA:727,0
DA:729,0
DA:730,0
DA:737,0
DA:738,0
DA:743,0
DA:745,0
DA:750,0
DA:755,0
LF:226
LH:0
BRDA:27,0,0,0
BRDA:29,1,0,0
BRDA:29,1,1,0
BRDA:32,2,0,0
BRDA:32,2,1,0
BRDA:35,3,0,0
BRDA:35,3,1,0
BRDA:38,4,0,0
BRDA:38,4,1,0
BRDA:50,5,0,0
BRDA:50,5,1,0
BRDA:51,6,0,0
BRDA:51,6,1,0
BRDA:52,7,0,0
BRDA:52,7,1,0
BRDA:67,8,0,0
BRDA:67,8,1,0
BRDA:72,9,0,0
BRDA:72,9,1,0
BRDA:75,10,0,0
BRDA:75,10,1,0
BRDA:95,11,0,0
BRDA:95,11,1,0
BRDA:96,12,0,0
BRDA:96,12,1,0
BRDA:112,13,0,0
BRDA:112,13,1,0
BRDA:122,14,0,0
BRDA:122,14,1,0
BRDA:125,15,0,0
BRDA:125,15,1,0
BRDA:148,16,0,0
BRDA:148,16,1,0
BRDA:152,17,0,0
BRDA:152,17,1,0
BRDA:165,18,0,0
BRDA:165,18,1,0
BRDA:169,19,0,0
BRDA:169,19,1,0
BRDA:198,20,0,0
BRDA:198,20,1,0
BRDA:208,21,0,0
BRDA:208,21,1,0
BRDA:211,22,0,0
BRDA:211,22,1,0
BRDA:215,23,0,0
BRDA:215,23,1,0
BRDA:215,23,2,0
BRDA:218,24,0,0
BRDA:218,24,1,0
BRDA:229,25,0,0
BRDA:229,25,1,0
BRDA:238,26,0,0
BRDA:238,26,1,0
BRDA:244,27,0,0
BRDA:244,27,1,0
BRDA:263,28,0,0
BRDA:268,29,0,0
BRDA:268,29,1,0
BRDA:285,30,0,0
BRDA:285,30,1,0
BRDA:290,31,0,0
BRDA:290,31,1,0
BRDA:299,32,0,0
BRDA:299,32,1,0
BRDA:302,33,0,0
BRDA:302,33,1,0
BRDA:308,34,0,0
BRDA:308,34,1,0
BRDA:331,35,0,0
BRDA:337,36,0,0
BRDA:337,36,1,0
BRDA:340,37,0,0
BRDA:340,37,1,0
BRDA:348,38,0,0
BRDA:348,38,1,0
BRDA:353,39,0,0
BRDA:353,39,1,0
BRDA:367,40,0,0
BRDA:367,40,1,0
BRDA:379,41,0,0
BRDA:379,41,1,0
BRDA:388,42,0,0
BRDA:388,42,1,0
BRDA:396,43,0,0
BRDA:396,43,1,0
BRDA:429,44,0,0
BRDA:429,44,1,0
BRDA:457,45,0,0
BRDA:457,45,1,0
BRDA:460,46,0,0
BRDA:460,46,1,0
BRDA:498,47,0,0
BRDA:498,47,1,0
BRDA:500,48,0,0
BRDA:500,48,1,0
BRDA:501,49,0,0
BRDA:501,49,1,0
BRDA:502,50,0,0
BRDA:502,50,1,0
BRDA:505,51,0,0
BRDA:505,51,1,0
BRDA:506,52,0,0
BRDA:506,52,1,0
BRDA:509,53,0,0
BRDA:509,53,1,0
BRDA:534,54,0,0
BRDA:534,54,1,0
BRDA:535,55,0,0
BRDA:535,55,1,0
BRDA:536,56,0,0
BRDA:536,56,1,0
BRDA:540,57,0,0
BRDA:540,57,1,0
BRDA:572,58,0,0
BRDA:572,58,1,0
BRDA:579,59,0,0
BRDA:579,59,1,0
BRDA:585,60,0,0
BRDA:585,60,1,0
BRDA:610,61,0,0
BRDA:610,61,1,0
BRDA:611,62,0,0
BRDA:611,62,1,0
BRDA:612,63,0,0
BRDA:612,63,1,0
BRDA:616,64,0,0
BRDA:616,64,1,0
BRDA:648,65,0,0
BRDA:648,65,1,0
BRDA:648,66,0,0
BRDA:648,66,1,0
BRDA:655,67,0,0
BRDA:655,67,1,0
BRDA:656,68,0,0
BRDA:656,68,1,0
BRDA:663,69,0,0
BRDA:663,69,1,0
BRDA:685,70,0,0
BRDA:685,70,1,0
BRDA:691,71,0,0
BRDA:691,71,1,0
BRDA:701,72,0,0
BRDA:701,72,1,0
BRDA:702,73,0,0
BRDA:702,73,1,0
BRDA:704,74,0,0
BRDA:704,74,1,0
BRDA:706,75,0,0
BRDA:706,75,1,0
BRDA:708,76,0,0
BRDA:708,76,1,0
BRDA:711,77,0,0
BRDA:711,77,1,0
BRDA:713,78,0,0
BRDA:713,78,1,0
BRDA:715,79,0,0
BRDA:715,79,1,0
BRDA:717,80,0,0
BRDA:717,80,1,0
BRDA:719,81,0,0
BRDA:719,81,1,0
BRDA:729,82,0,0
BRDA:729,82,1,0
BRDA:731,83,0,0
BRDA:731,83,1,0
BRDA:737,84,0,0
BRDA:737,84,1,0
BRF:168
BRH:0
end_of_record
TN:
SF:src\lib\data\task-repository.js
FN:32,(anonymous_0)
FN:67,(anonymous_1)
FN:110,(anonymous_2)
FN:162,(anonymous_3)
FN:169,(anonymous_4)
FN:190,(anonymous_5)
FN:198,(anonymous_6)
FN:200,(anonymous_7)
FN:220,(anonymous_8)
FN:227,(anonymous_9)
FN:246,(anonymous_10)
FN:254,(anonymous_11)
FN:276,(anonymous_12)
FN:379,(anonymous_13)
FN:432,(anonymous_14)
FN:444,(anonymous_15)
FN:454,(anonymous_16)
FN:465,(anonymous_17)
FN:485,(anonymous_18)
FN:489,(anonymous_19)
FN:525,(anonymous_20)
FN:545,(anonymous_21)
FN:601,(anonymous_22)
FN:620,(anonymous_23)
FNF:24
FNH:0
FNDA:0,(anonymous_0)
FNDA:0,(anonymous_1)
FNDA:0,(anonymous_2)
FNDA:0,(anonymous_3)
FNDA:0,(anonymous_4)
FNDA:0,(anonymous_5)
FNDA:0,(anonymous_6)
FNDA:0,(anonymous_7)
FNDA:0,(anonymous_8)
FNDA:0,(anonymous_9)
FNDA:0,(anonymous_10)
FNDA:0,(anonymous_11)
FNDA:0,(anonymous_12)
FNDA:0,(anonymous_13)
FNDA:0,(anonymous_14)
FNDA:0,(anonymous_15)
FNDA:0,(anonymous_16)
FNDA:0,(anonymous_17)
FNDA:0,(anonymous_18)
FNDA:0,(anonymous_19)
FNDA:0,(anonymous_20)
FNDA:0,(anonymous_21)
FNDA:0,(anonymous_22)
FNDA:0,(anonymous_23)
DA:13,0
DA:14,0
DA:34,0
DA:35,0
DA:37,0
DA:38,0
DA:40,0
DA:41,0
DA:45,0
DA:57,0
DA:68,0
DA:69,0
DA:71,0
DA:72,0
DA:73,0
DA:76,0
DA:78,0
DA:79,0
DA:84,0
DA:88,0
DA:92,0
DA:94,0
DA:98,0
DA:111,0
DA:112,0
DA:115,0
DA:116,0
DA:117,0
DA:121,0
DA:122,0
DA:123,0
DA:124,0
DA:130,0
DA:132,0
DA:133,0
DA:139,0
DA:140,0
DA:145,0
DA:147,0
DA:151,0
DA:163,0
DA:164,0
DA:165,0
DA:166,0
DA:167,0
DA:169,0
DA:171,0
DA:173,0
DA:177,0
DA:179,0
DA:191,0
DA:192,0
DA:193,0
DA:194,0
DA:195,0
DA:197,0
DA:199,0
DA:200,0
DA:203,0
DA:204,0
DA:208,0
DA:209,0
DA:221,0
DA:222,0
DA:223,0
DA:224,0
DA:225,0
DA:227,0
DA:229,0
DA:230,0
DA:234,0
DA:235,0
DA:247,0
DA:248,0
DA:249,0
DA:250,0
DA:251,0
DA:253,0
DA:254,0
DA:257,0
DA:258,0
DA:262,0
DA:263,0
DA:277,0
DA:278,0
DA:280,0
DA:281,0
DA:282,0
DA:286,0
DA:287,0
DA:289,0
DA:297,0
DA:298,0
DA:302,0
DA:303,0
DA:311,0
DA:317,0
DA:320,0
DA:323,0
DA:324,0
DA:329,0
DA:331,0
DA:333,0
DA:338,0
DA:339,0
DA:340,0
DA:341,0
DA:343,0
DA:348,0
DA:350,0
DA:351,0
DA:358,0
DA:359,0
DA:365,0
DA:368,0
DA:369,0
DA:380,0
DA:382,0
DA:383,0
DA:384,0
DA:385,0
DA:389,0
DA:390,0
DA:391,0
DA:395,0
DA:396,0
DA:399,0
DA:401,0
DA:403,0
DA:404,0
DA:409,0
DA:410,0
DA:415,0
DA:417,0
DA:423,0
DA:433,0
DA:434,0
DA:435,0
DA:436,0
DA:437,0
DA:440,0
DA:441,0
DA:444,0
DA:445,0
DA:446,0
DA:447,0
DA:449,0
DA:451,0
DA:452,0
DA:454,0
DA:456,0
DA:457,0
DA:458,0
DA:459,0
DA:462,0
DA:463,0
DA:465,0
DA:466,0
DA:467,0
DA:471,0
DA:473,0
DA:477,0
DA:478,0
DA:482,0
DA:485,0
DA:486,0
DA:487,0
DA:488,0
DA:489,0
DA:490,0
DA:492,0
DA:495,0
DA:496,0
DA:504,0
DA:510,0
DA:512,0
DA:516,0
DA:517,0
DA:526,0
DA:527,0
DA:528,0
DA:530,0
DA:532,0
DA:533,0
DA:535,0
DA:536,0
DA:546,0
DA:547,0
DA:549,0
DA:553,0
DA:554,0
DA:555,0
DA:561,0
DA:566,0
DA:569,0
DA:572,0
DA:578,0
DA:580,0
DA:581,0
DA:585,0
DA:586,0
DA:590,0
DA:592,0
DA:593,0
DA:602,0
DA:603,0
DA:604,0
DA:605,0
DA:607,0
DA:608,0
DA:610,0
DA:611,0
DA:621,0
DA:622,0
DA:624,0
DA:625,0
DA:626,0
DA:629,0
DA:632,0
DA:635,0
DA:641,0
DA:643,0
DA:644,0
DA:648,0
DA:649,0
DA:653,0
DA:655,0
DA:656,0
DA:661,0
LF:229
LH:0
BRDA:32,0,0,0
BRDA:34,1,0,0
BRDA:34,1,1,0
BRDA:37,2,0,0
BRDA:37,2,1,0
BRDA:40,3,0,0
BRDA:40,3,1,0
BRDA:52,4,0,0
BRDA:52,4,1,0
BRDA:53,5,0,0
BRDA:53,5,1,0
BRDA:54,6,0,0
BRDA:54,6,1,0
BRDA:72,7,0,0
BRDA:72,7,1,0
BRDA:78,8,0,0
BRDA:78,8,1,0
BRDA:84,9,0,0
BRDA:84,9,1,0
BRDA:85,10,0,0
BRDA:85,10,1,0
BRDA:116,11,0,0
BRDA:116,11,1,0
BRDA:123,12,0,0
BRDA:123,12,1,0
BRDA:132,13,0,0
BRDA:132,13,1,0
BRDA:139,14,0,0
BRDA:139,14,1,0
BRDA:139,15,0,0
BRDA:139,15,1,0
BRDA:166,16,0,0
BRDA:166,16,1,0
BRDA:166,17,0,0
BRDA:166,17,1,0
BRDA:171,18,0,0
BRDA:171,18,1,0
BRDA:194,19,0,0
BRDA:194,19,1,0
BRDA:194,20,0,0
BRDA:194,20,1,0
BRDA:199,21,0,0
BRDA:199,21,1,0
BRDA:203,22,0,0
BRDA:203,22,1,0
BRDA:224,23,0,0
BRDA:224,23,1,0
BRDA:224,24,0,0
BRDA:224,24,1,0
BRDA:229,25,0,0
BRDA:229,25,1,0
BRDA:250,26,0,0
BRDA:250,26,1,0
BRDA:250,27,0,0
BRDA:250,27,1,0
BRDA:257,28,0,0
BRDA:257,28,1,0
BRDA:281,29,0,0
BRDA:281,29,1,0
BRDA:287,30,0,0
BRDA:287,30,1,0
BRDA:297,31,0,0
BRDA:297,31,1,0
BRDA:302,32,0,0
BRDA:302,32,1,0
BRDA:303,33,0,0
BRDA:303,33,1,0
BRDA:304,34,0,0
BRDA:304,34,1,0
BRDA:304,34,2,0
BRDA:323,35,0,0
BRDA:323,35,1,0
BRDA:324,36,0,0
BRDA:324,36,1,0
BRDA:325,37,0,0
BRDA:325,37,1,0
BRDA:325,37,2,0
BRDA:338,38,0,0
BRDA:338,38,1,0
BRDA:340,39,0,0
BRDA:340,39,1,0
BRDA:350,40,0,0
[...]
BRDA:61,3,1,0
BRDA:63,4,0,0
BRDA:63,4,1,0
BRDA:65,5,0,0
BRDA:65,5,1,0
BRDA:67,6,0,0
BRDA:67,6,1,0
BRDA:80,7,0,0
BRDA:80,7,1,0
BRDA:99,8,0,0
BRDA:99,8,1,0
BRDA:99,9,0,0
BRDA:99,9,1,0
BRDA:116,10,0,0
BRDA:116,10,1,0
BRDA:116,11,0,0
BRDA:116,11,1,0
BRDA:150,12,0,0
BRDA:150,12,1,0
BRDA:203,13,0,0
BRDA:203,13,1,0
BRF:27
BRH:0
end_of_record
TN:
SF:src\lib\utils\cache-manager.js
FN:24,(anonymous_0)
FN:44,(anonymous_1)
FN:47,(anonymous_2)
FN:63,(anonymous_3)
FN:103,(anonymous_4)
FN:125,(anonymous_5)
FN:179,(anonymous_6)
FN:193,(anonymous_7)
FN:210,(anonymous_8)
FN:235,(anonymous_9)
FNF:10
FNH:10
FNDA:31,(anonymous_0)
FNDA:68,(anonymous_1)
FNDA:68,(anonymous_2)
FNDA:5,(anonymous_3)
FNDA:28,(anonymous_4)
FNDA:8,(anonymous_5)
FNDA:2,(anonymous_6)
FNDA:2,(anonymous_7)
FNDA:4,(anonymous_8)
FNDA:68,(anonymous_9)
DA:26,31
DA:27,2
DA:31,29
DA:32,29
DA:35,29
DA:36,29
DA:37,29
DA:38,29
DA:39,29
DA:42,29
DA:44,68
DA:45,29
DA:47,68
DA:52,29
DA:64,5
DA:65,5
DA:66,2
DA:69,2
DA:71,2
DA:75,3
DA:76,1
DA:77,1
DA:80,1
DA:86,1
DA:89,2
DA:92,2
DA:94,2
DA:106,28
DA:107,2
DA:110,28
DA:117,28
DA:127,8
DA:128,4
DA:132,4
DA:135,4
DA:136,4
DA:138,4
DA:143,3
DA:145,7
DA:146,4
DA:147,4
DA:152,1
DA:156,1
DA:159,3
DA:163,2
DA:166,2
DA:173,3
DA:180,2
DA:181,2
DA:183,2
DA:185,1
DA:194,2
DA:195,2
DA:197,2
DA:211,4
DA:212,4
DA:214,4
DA:215,6
DA:216,3
DA:217,3
DA:221,4
DA:222,3
DA:225,3
DA:237,68
DA:241,0
DA:244,68
DA:246,68
DA:247,68
DA:249,68
DA:257,68
DA:262,68
DA:268,0
DA:276,1
LF:73
LH:71
BRDA:24,0,0,0
BRDA:26,1,0,2
BRDA:26,1,1,29
BRDA:26,2,0,31
BRDA:26,2,1,30
BRDA:36,3,0,29
BRDA:36,3,1,1
BRDA:37,4,0,29
BRDA:37,4,1,1
BRDA:43,5,0,29
BRDA:43,5,1,29
BRDA:46,6,0,29
BRDA:46,6,1,29
BRDA:65,7,0,2
BRDA:65,7,1,3
BRDA:75,8,0,1
BRDA:75,8,1,2
BRDA:103,9,0,26
BRDA:106,10,0,2
BRDA:106,10,1,26
BRDA:106,11,0,28
BRDA:106,11,1,28
BRDA:127,12,0,4
BRDA:127,12,1,4
BRDA:127,13,0,8
BRDA:127,13,1,5
BRDA:138,14,0,1
BRDA:138,14,1,3
BRDA:145,15,0,4
BRDA:145,15,1,3
BRDA:145,16,0,7
BRDA:145,16,1,7
BRDA:159,17,0,2
BRDA:159,17,1,1
BRDA:163,18,0,2
BRDA:163,18,1,0
BRDA:163,19,0,2
BRDA:163,19,1,1
BRDA:183,20,0,1
BRDA:183,20,1,1
BRDA:195,21,0,1
BRDA:195,21,1,1
BRDA:215,22,0,3
BRDA:215,22,1,3
BRDA:221,23,0,3
BRDA:221,23,1,1
BRDA:237,24,0,0
BRDA:237,24,1,68
BRDA:238,25,0,68
BRDA:238,25,1,68
BRF:50
BRH:47
end_of_record
TN:
SF:src\lib\utils\error-helpers.js
FN:16,emitErrorEvent
FNF:1
FNH:1
FNDA:13,emitErrorEvent
DA:26,13
DA:27,11
DA:31,13
DA:33,5
DA:37,13
DA:38,2
DA:40,1
DA:44,2
DA:48,11
DA:58,11
DA:60,11
DA:63,2
DA:64,1
DA:71,1
DA:81,1
LF:15
LH:15
BRDA:22,0,0,5
BRDA:23,1,0,9
BRDA:26,2,0,11
BRDA:26,2,1,2
BRDA:26,3,0,13
BRDA:26,3,1,11
BRDA:31,4,0,5
BRDA:31,4,1,8
BRDA:31,5,0,13
BRDA:31,5,1,6
BRDA:37,6,0,2
BRDA:37,6,1,11
BRDA:37,7,0,13
BRDA:37,7,1,12
BRDA:38,8,0,1
BRDA:38,8,1,1
BRDA:38,9,0,2
BRDA:38,9,1,1
BRDA:52,10,0,11
BRDA:52,10,1,10
BRDA:55,11,0,5
BRDA:55,11,1,6
BRDA:55,12,0,11
BRDA:55,12,1,6
BRDA:63,13,0,1
BRDA:63,13,1,1
BRDA:63,14,0,2
BRDA:63,14,1,1
BRF:28
BRH:28
end_of_record
TN:
SF:src\lib\utils\errors.js
FN:33,(anonymous_0)
FN:50,(anonymous_1)
FNF:2
FNH:2
FNDA:21,(anonymous_0)
FNDA:3,(anonymous_1)
DA:20,4
DA:34,21
DA:35,21
DA:52,3
DA:54,3
DA:55,3
DA:56,3
DA:57,3
DA:61,4
LF:9
LH:9
BRDA:33,0,0,1
BRDA:50,1,0,1
BRDA:52,2,0,3
BRDA:52,2,1,2
BRF:4
BRH:4
end_of_record
TN:
SF:src\lib\utils\event-emitter.js
FN:25,(anonymous_0)
FN:35,(anonymous_1)
FN:38,(anonymous_2)
FN:61,(anonymous_3)
FN:92,(anonymous_4)
FNF:5
FNH:5
FNDA:17,(anonymous_0)
FNDA:6,(anonymous_1)
FNDA:6,(anonymous_2)
FNDA:3,(anonymous_3)
FNDA:3,(anonymous_4)
DA:8,1
DA:28,17
DA:30,1
DA:34,16
DA:35,6
DA:37,16
DA:38,6
DA:41,16
DA:47,16
DA:48,16
DA:62,3
DA:63,3
DA:65,3
DA:66,3
DA:67,3
DA:77,3
DA:80,2
DA:82,2
DA:93,3
DA:94,3
DA:96,3
DA:97,3
DA:98,3
DA:108,3
DA:111,2
DA:116,2
DA:120,1
LF:27
LH:27
BRDA:25,0,0,1
BRDA:28,1,0,1
BRDA:28,1,1,16
BRDA:34,2,0,16
BRDA:34,2,1,16
BRDA:37,3,0,16
BRDA:37,3,1,16
BRDA:42,4,0,16
BRDA:42,4,1,1
BRDA:43,5,0,16
BRDA:43,5,1,15
BRDA:44,6,0,16
BRDA:44,6,1,15
BRDA:61,7,0,1
BRDA:92,8,0,1
BRF:15
BRH:15
end_of_record
TN:
SF:src\lib\utils\event-helpers.js
FN:13,createStandardizedEventData
FN:43,emitStandardizedEvent
FNF:2
FNH:2
FNDA:11,createStandardizedEventData
FNDA:7,emitStandardizedEvent
DA:16,11
DA:20,11
DA:24,11
DA:44,7
DA:46,2
DA:47,1
DA:52,1
DA:56,2
DA:59,5
DA:61,5
DA:64,5
DA:67,5
DA:75,5
DA:77,3
DA:78,2
DA:86,3
DA:88,2
DA:89,1
DA:96,1
DA:101,2
DA:105,1
LF:21
LH:21
BRDA:13,0,0,1
BRDA:16,1,0,11
BRDA:16,1,1,10
BRDA:16,1,2,9
BRDA:20,2,0,11
BRDA:20,2,1,10
BRDA:20,2,2,9
BRDA:26,3,0,11
BRDA:26,3,1,10
BRDA:43,4,0,1
BRDA:44,5,0,2
BRDA:44,5,1,5
BRDA:44,6,0,7
BRDA:44,6,1,6
BRDA:46,7,0,1
BRDA:46,7,1,1
BRDA:46,8,0,2
BRDA:46,8,1,1
BRDA:77,9,0,2
BRDA:77,9,1,1
BRDA:77,10,0,3
BRDA:77,10,1,2
BRDA:88,11,0,1
BRDA:88,11,1,1
BRF:24
BRH:24
end_of_record
TN:
SF:src\lib\utils\git.js
FN:27,(anonymous_0)
FN:44,(anonymous_1)
FN:47,(anonymous_2)
FN:56,(anonymous_3)
FN:82,(anonymous_4)
FN:94,(anonymous_5)
FN:111,(anonymous_6)
FN:129,(anonymous_7)
FN:165,(anonymous_8)
FN:192,(anonymous_9)
FN:193,(anonymous_10)
FN:247,(anonymous_11)
FN:268,(anonymous_12)
FN:269,(anonymous_13)
FN:309,(anonymous_14)
FN:336,(anonymous_15)
FN:364,(anonymous_16)
FN:377,(anonymous_17)
FN:412,(anonymous_18)
FN:426,(anonymous_19)
FN:463,(anonymous_20)
FN:503,(anonymous_21)
FN:531,(anonymous_22)
FN:625,(anonymous_23)
FN:652,(anonymous_24)
FNF:25
FNH:25
FNDA:52,(anonymous_0)
FNDA:66,(anonymous_1)
FNDA:66,(anonymous_2)
FNDA:4,(anonymous_3)
FNDA:9,(anonymous_4)
FNDA:3,(anonymous_5)
FNDA:3,(anonymous_6)
FNDA:2,(anonymous_7)
FNDA:4,(anonymous_8)
FNDA:6,(anonymous_9)
FNDA:6,(anonymous_10)
FNDA:3,(anonymous_11)
FNDA:4,(anonymous_12)
FNDA:4,(anonymous_13)
FNDA:3,(anonymous_14)
FNDA:2,(anonymous_15)
FNDA:4,(anonymous_16)
FNDA:2,(anonymous_17)
FNDA:3,(anonymous_18)
FNDA:1,(anonymous_19)
FNDA:70,(anonymous_20)
FNDA:16,(anonymous_21)
FNDA:4,(anonymous_22)
FNDA:2,(anonymous_23)
FNDA:4,(anonymous_24)
DA:9,1
DA:10,1
DA:29,52
DA:30,1
DA:32,51
DA:33,51
DA:34,51
DA:35,51
DA:36,51
DA:39,51
DA:42,51
DA:44,66
DA:45,51
DA:47,66
DA:57,4
DA:58,4
DA:59,4
DA:61,4
DA:62,3
DA:63,3
DA:65,1
DA:69,1
DA:83,9
DA:87,9
DA:89,9
DA:90,2
DA:93,7
DA:94,6
DA:95,6
DA:97,1
DA:112,3
DA:117,3
DA:118,3
DA:122,3
DA:129,2
DA:137,2
DA:144,2
DA:146,1
DA:152,1
DA:166,4
DA:170,4
DA:171,4
DA:175,4
DA:181,3
DA:182,1
DA:187,1
DA:190,2
DA:192,6
DA:194,6
DA:195,6
DA:196,6
DA:199,6
DA:201,1
DA:202,1
DA:204,1
DA:205,1
DA:207,1
DA:208,1
DA:210,1
DA:211,1
DA:213,1
DA:214,1
DA:216,1
DA:218,6
DA:221,2
DA:227,2
DA:229,1
DA:234,1
DA:248,3
DA:249,3
DA:250,3
DA:253,3
DA:256,3
DA:262,2
DA:263,2
DA:265,2
DA:266,2
DA:268,4
DA:270,4
DA:271,4
DA:272,3
DA:273,3
DA:278,2
DA:284,2
DA:290,2
DA:292,1
DA:297,1
DA:310,3
DA:311,3
DA:312,3
DA:314,3
DA:315,2
DA:317,2
DA:318,2
DA:320,1
DA:324,1
DA:337,2
DA:338,2
DA:339,2
DA:341,2
DA:342,1
DA:344,1
DA:345,1
DA:347,1
DA:351,1
DA:365,4
DA:366,4
DA:367,4
DA:369,4
DA:371,4
DA:377,3
DA:385,3
DA:391,3
DA:393,1
DA:398,1
DA:413,3
DA:414,3
DA:415,3
DA:417,3
DA:419,3
DA:426,2
DA:434,2
DA:441,2
DA:443,1
DA:449,1
DA:464,70
DA:468,2
DA:470,68
DA:472,68
DA:473,66
DA:475,66
DA:482,66
DA:488,2
DA:504,16
DA:506,16
DA:507,16
DA:515,0
DA:523,0
DA:532,4
DA:533,4
DA:534,4
DA:539,4
DA:550,4
DA:552,3
DA:553,1
DA:560,1
DA:566,2
DA:569,2
DA:572,1
DA:574,1
DA:597,1
DA:603,1
DA:605,3
DA:610,3
DA:626,2
DA:627,2
DA:628,2
DA:630,2
DA:631,1
DA:632,1
DA:634,1
DA:639,1
DA:653,4
DA:654,4
DA:655,4
DA:656,2
DA:661,2
DA:666,2
DA:669,2
DA:671,2
DA:672,1
DA:674,1
DA:675,1
DA:678,3
DA:687,1
LF:175
LH:173
BRDA:27,0,0,0
BRDA:29,1,0,1
BRDA:29,1,1,51
BRDA:32,2,0,51
BRDA:32,2,1,2
BRDA:43,3,0,51
BRDA:43,3,1,50
BRDA:46,4,0,51
BRDA:46,4,1,50
BRDA:89,5,0,2
BRDA:89,5,1,7
BRDA:93,6,0,7
BRDA:93,6,1,4
BRDA:181,7,0,1
BRDA:181,7,1,2
BRDA:199,8,0,1
BRDA:199,8,1,1
BRDA:199,8,2,1
BRDA:199,8,3,1
BRDA:199,8,4,1
BRDA:199,8,5,1
BRDA:265,9,0,2
BRDA:265,9,1,0
BRDA:271,10,0,3
BRDA:271,10,1,1
BRDA:271,11,0,4
BRDA:271,11,1,3
BRDA:272,12,0,3
BRDA:272,12,1,0
BRDA:273,13,0,3
BRDA:273,13,1,0
BRDA:364,14,0,1
BRDA:369,15,0,3
BRDA:369,15,1,1
BRDA:369,16,0,4
BRDA:369,16,1,4
BRDA:412,17,0,2
BRDA:417,18,0,3
BRDA:417,18,1,0
BRDA:417,19,0,3
BRDA:417,19,1,3
BRDA:464,20,0,2
BRDA:464,20,1,68
BRDA:465,21,0,70
BRDA:465,21,1,68
BRDA:503,22,0,0
BRDA:506,23,0,16
BRDA:506,23,1,0
BRDA:506,24,0,16
BRDA:506,24,1,16
BRDA:552,25,0,1
BRDA:552,25,1,2
BRDA:552,26,0,3
BRDA:552,26,1,3
BRDA:587,27,0,1
BRDA:587,27,1,0
BRDA:655,28,0,2
BRDA:655,28,1,2
BRDA:655,29,0,4
BRDA:655,29,1,3
BRF:60
BRH:52
end_of_record
TN:
SF:src\lib\utils\lock-manager.js
FN:21,(anonymous_0)
FN:40,(anonymous_1)
FN:85,(anonymous_2)
FN:123,(anonymous_3)
FN:158,(anonymous_4)
FN:159,(anonymous_5)
FN:166,(anonymous_6)
FNF:7
FNH:7
FNDA:19,(anonymous_0)
FNDA:4,(anonymous_1)
FNDA:3,(anonymous_2)
FNDA:5,(anonymous_3)
FNDA:54,(anonymous_4)
FNDA:54,(anonymous_5)
FNDA:2,(anonymous_6)
DA:7,1
DA:23,19
DA:24,1
DA:26,18
DA:27,18
DA:28,18
DA:29,18
DA:30,18
DA:41,4
DA:42,4
DA:44,4
DA:45,57
DA:46,57
DA:47,2
DA:50,2
DA:53,55
DA:54,55
DA:57,55
DA:61,2
DA:73,2
DA:76,2
DA:86,3
DA:88,3
DA:89,1
DA:92,1
DA:95,2
DA:97,1
DA:100,1
DA:106,1
DA:109,1
DA:110,1
DA:113,1
DA:124,5
DA:125,5
DA:128,5
DA:129,3
DA:130,1
DA:134,3
DA:138,3
DA:142,2
DA:144,1
DA:145,1
DA:149,1
DA:159,54
DA:167,2
DA:168,2
DA:170,2
DA:171,2
DA:179,2
DA:183,1
LF:50
LH:50
BRDA:21,0,0,1
BRDA:23,1,0,1
BRDA:23,1,1,18
BRDA:28,2,0,18
BRDA:28,2,1,17
BRDA:29,3,0,18
BRDA:29,3,1,17
BRDA:30,4,0,18
BRDA:30,4,1,17
BRDA:40,5,0,2
BRDA:44,6,0,59
BRDA:44,6,1,59
BRDA:46,7,0,2
BRDA:46,7,1,55
BRDA:88,8,0,1
BRDA:88,8,1,2
BRDA:95,9,0,1
BRDA:95,9,1,1
BRDA:128,10,0,3
BRDA:128,10,1,2
BRDA:128,11,0,5
BRDA:128,11,1,3
BRDA:129,12,0,1
BRDA:129,12,1,2
BRDA:129,13,0,3
BRDA:129,13,1,1
BRDA:142,14,0,1
BRDA:142,14,1,1
BRF:28
BRH:28
end_of_record
TN:
SF:src\lib\utils\logger.js
FN:24,(anonymous_0)
FN:39,(anonymous_1)
FN:52,(anonymous_2)
FN:55,(anonymous_3)
FN:64,(anonymous_4)
FN:148,(anonymous_5)
FN:157,(anonymous_6)
FN:166,(anonymous_7)
FN:175,(anonymous_8)
FN:184,(anonymous_9)
FN:193,(anonymous_10)
FN:214,(anonymous_11)
FN:247,(anonymous_12)
FNF:13
FNH:13
FNDA:48,(anonymous_0)
FNDA:1,(anonymous_1)
FNDA:1,(anonymous_2)
FNDA:1,(anonymous_3)
FNDA:34,(anonymous_4)
FNDA:1,(anonymous_5)
FNDA:1,(anonymous_6)
FNDA:3,(anonymous_7)
FNDA:5,(anonymous_8)
FNDA:1,(anonymous_9)
FNDA:16,(anonymous_10)
FNDA:5,(anonymous_11)
FNDA:9,(anonymous_12)
DA:25,48
DA:26,48
DA:34,48
DA:39,1
DA:44,48
DA:47,48
DA:50,48
DA:52,1
DA:53,48
DA:55,1
DA:66,34
DA:71,4
DA:75,30
DA:78,30
DA:80,30
DA:82,30
DA:97,30
DA:99,3
DA:100,3
DA:102,3
DA:104,1
DA:110,30
DA:111,30
DA:112,30
DA:116,1
DA:124,30
DA:128,29
DA:138,30
DA:139,12
DA:149,1
DA:158,1
DA:167,3
DA:176,5
DA:185,1
DA:196,16
DA:201,15
DA:215,5
DA:216,2
DA:219,2
DA:221,3
DA:223,3
DA:228,2
DA:229,2
DA:230,2
DA:233,2
DA:248,9
DA:249,2
DA:253,2
DA:256,7
DA:257,2
DA:258,2
DA:259,0
DA:263,2
DA:267,5
DA:269,5
DA:274,4
DA:275,4
DA:276,4
DA:279,4
DA:289,1
LF:60
LH:59
BRDA:24,0,0,2
BRDA:25,1,0,48
BRDA:25,1,1,3
BRDA:34,2,0,48
BRDA:34,2,1,2
BRDA:44,3,0,48
BRDA:44,3,1,47
BRDA:51,4,0,48
BRDA:51,4,1,3
BRDA:54,5,0,48
BRDA:54,5,1,3
BRDA:64,6,0,19
BRDA:66,7,0,4
BRDA:66,7,1,30
BRDA:67,8,0,34
BRDA:67,8,1,34
BRDA:78,9,0,30
BRDA:78,9,1,29
BRDA:78,9,2,28
BRDA:80,10,0,30
BRDA:80,10,1,29
BRDA:80,10,2,28
BRDA:99,11,0,3
BRDA:99,11,1,0
BRDA:99,12,0,3
BRDA:99,12,1,3
BRDA:124,13,0,29
BRDA:124,13,1,1
BRDA:125,14,0,30
BRDA:125,14,1,29
BRDA:138,15,0,12
BRDA:138,15,1,18
BRDA:138,16,0,30
BRDA:138,16,1,22
BRDA:196,17,0,15
BRDA:196,17,1,1
BRDA:197,18,0,16
BRDA:197,18,1,15
BRDA:204,19,0,15
BRDA:204,19,1,2
BRDA:205,20,0,15
BRDA:205,20,1,2
BRDA:215,21,0,2
BRDA:215,21,1,3
BRDA:215,22,0,5
BRDA:215,22,1,4
BRDA:223,23,0,2
BRDA:223,23,1,1
BRDA:224,24,0,3
BRDA:224,24,1,2
BRDA:234,25,0,2
BRDA:234,25,1,1
BRDA:248,26,0,2
BRDA:248,26,1,7
BRDA:248,27,0,9
BRDA:248,27,1,8
BRDA:256,28,0,2
BRDA:256,28,1,5
BRDA:256,29,0,7
BRDA:256,29,1,6
BRDA:258,30,0,0
BRDA:258,30,1,2
BRDA:269,31,0,4
BRDA:269,31,1,1
BRDA:270,32,0,5
BRDA:270,32,1,4
BRF:66
BRH:64
end_of_record
TN:
SF:src\lib\utils\plugin-manager.js
FN:20,(anonymous_0)
FN:32,(anonymous_1)
FN:35,(anonymous_2)
FN:44,(anonymous_3)
FN:121,(anonymous_4)
FN:213,(anonymous_5)
FN:222,(anonymous_6)
FN:283,(anonymous_7)
FN:294,(anonymous_8)
FNF:9
FNH:9
FNDA:41,(anonymous_0)
FNDA:1,(anonymous_1)
FNDA:1,(anonymous_2)
FNDA:5,(anonymous_3)
FNDA:6,(anonymous_4)
FNDA:2,(anonymous_5)
FNDA:4,(anonymous_6)
FNDA:2,(anonymous_7)
FNDA:16,(anonymous_8)
DA:22,41
DA:23,1
DA:25,40
DA:26,40
DA:27,40
DA:30,40
DA:32,1
DA:33,40
DA:35,1
DA:45,5
DA:46,1
DA:48,1
DA:52,1
DA:53,1
DA:54,1
DA:62,1
DA:65,4
DA:66,4
DA:69,4
DA:70,2
DA:71,2
DA:73,1
DA:78,1
DA:82,1
DA:83,1
DA:84,1
DA:95,4
DA:99,3
DA:100,3
DA:101,3
DA:111,4
DA:122,6
DA:123,6
DA:124,6
DA:127,6
DA:133,3
DA:137,3
DA:146,3
DA:149,3
DA:152,3
DA:153,3
DA:157,3
DA:167,3
DA:169,2
DA:173,2
DA:183,2
DA:185,1
DA:190,1
DA:194,1
DA:204,1
DA:214,2
DA:223,4
DA:225,4
DA:226,1
DA:230,3
DA:231,2
DA:232,2
DA:234,1
DA:239,1
DA:243,1
DA:244,1
DA:245,1
DA:257,3
DA:258,3
DA:259,3
DA:261,3
DA:265,3
DA:266,3
DA:267,3
DA:276,3
DA:284,2
DA:295,16
DA:296,2
DA:300,2
DA:304,14
DA:309,3
DA:313,3
DA:317,11
DA:319,2
DA:320,1
DA:323,1
DA:325,1
DA:327,2
DA:328,1
DA:331,1
DA:333,1
DA:335,2
DA:336,1
DA:339,1
DA:341,1
DA:343,3
DA:347,2
DA:350,2
DA:352,1
DA:355,2
DA:356,1
DA:359,1
DA:361,1
DA:363,5
DA:367,1
LF:100
LH:100
BRDA:20,0,0,0
BRDA:22,1,0,1
BRDA:22,1,1,40
BRDA:31,2,0,40
BRDA:31,2,1,2
BRDA:34,3,0,40
BRDA:34,3,1,2
BRDA:45,4,0,1
BRDA:45,4,1,4
BRDA:48,5,0,1
BRDA:48,5,1,0
BRDA:49,6,0,1
BRDA:49,6,1,1
BRDA:69,7,0,2
BRDA:69,7,1,2
BRDA:78,8,0,1
BRDA:78,8,1,0
BRDA:79,9,0,1
BRDA:79,9,1,1
BRDA:95,10,0,3
BRDA:95,10,1,1
BRDA:96,11,0,4
BRDA:96,11,1,3
BRDA:127,12,0,3
BRDA:127,12,1,3
BRDA:128,13,0,6
BRDA:128,13,1,5
BRDA:128,13,2,4
BRDA:133,14,0,3
BRDA:133,14,1,0
BRDA:134,15,0,3
BRDA:134,15,1,3
BRDA:153,16,0,3
BRDA:153,16,1,0
BRDA:154,17,0,3
BRDA:154,17,1,3
BRDA:169,18,0,2
BRDA:169,18,1,0
BRDA:170,19,0,2
BRDA:170,19,1,2
BRDA:190,20,0,1
BRDA:190,20,1,0
BRDA:191,21,0,1
BRDA:191,21,1,1
BRDA:225,22,0,1
BRDA:225,22,1,3
BRDA:230,23,0,2
BRDA:230,23,1,1
BRDA:239,24,0,1
BRDA:239,24,1,0
BRDA:240,25,0,1
BRDA:240,25,1,1
BRDA:258,26,0,3
BRDA:258,26,1,0
BRDA:261,27,0,3
BRDA:261,27,1,0
BRDA:262,28,0,3
BRDA:262,28,1,3
BRDA:295,29,0,2
BRDA:295,29,1,14
BRDA:295,30,0,16
BRDA:295,30,1,15
BRDA:304,31,0,3
BRDA:304,31,1,11
BRDA:305,32,0,14
BRDA:305,32,1,13
BRDA:305,32,2,12
BRDA:317,33,0,2
BRDA:317,33,1,2
BRDA:317,33,2,2
BRDA:317,33,3,3
BRDA:317,33,4,2
BRDA:319,34,0,1
BRDA:319,34,1,1
BRDA:327,35,0,1
BRDA:327,35,1,1
BRDA:335,36,0,1
BRDA:335,36,1,1
BRDA:343,37,0,2
BRDA:343,37,1,1
BRDA:344,38,0,3
BRDA:344,38,1,2
BRDA:355,39,0,1
BRDA:355,39,1,1
BRF:84
BRH:74
end_of_record
TN:
SF:src\lib\utils\storage.js
FN:29,(anonymous_0)
FN:42,(anonymous_1)
FN:45,(anonymous_2)
FN:54,(anonymous_3)
FN:88,(anonymous_4)
FN:100,(anonymous_5)
FN:153,(anonymous_6)
FN:203,(anonymous_7)
FN:256,(anonymous_8)
FN:307,(anonymous_9)
FN:360,(anonymous_10)
FN:429,(anonymous_11)
FN:435,(anonymous_12)
FN:458,(anonymous_13)
FN:492,(anonymous_14)
FN:514,(anonymous_15)
FN:575,(anonymous_16)
FN:598,(anonymous_17)
FN:632,(anonymous_18)
FN:678,(anonymous_19)
FN:736,(anonymous_20)
FN:799,(anonymous_21)
FN:849,(anonymous_22)
FN:884,(anonymous_23)
FN:908,(anonymous_24)
FNF:25
FNH:21
FNDA:53,(anonymous_0)
FNDA:1,(anonymous_1)
FNDA:1,(anonymous_2)
FNDA:26,(anonymous_3)
FNDA:2,(anonymous_4)
FNDA:4,(anonymous_5)
FNDA:2,(anonymous_6)
FNDA:3,(anonymous_7)
FNDA:2,(anonymous_8)
FNDA:2,(anonymous_9)
FNDA:4,(anonymous_10)
FNDA:0,(anonymous_11)
FNDA:0,(anonymous_12)
FNDA:0,(anonymous_13)
FNDA:0,(anonymous_14)
FNDA:9,(anonymous_15)
FNDA:4,(anonymous_16)
FNDA:3,(anonymous_17)
FNDA:3,(anonymous_18)
FNDA:4,(anonymous_19)
FNDA:3,(anonymous_20)
FNDA:74,(anonymous_21)
FNDA:14,(anonymous_22)
FNDA:1,(anonymous_23)
FNDA:3,(anonymous_24)
DA:8,1
DA:9,1
DA:10,1
DA:31,53
DA:32,1
DA:34,52
DA:35,52
DA:36,52
DA:37,52
DA:40,52
DA:42,1
DA:43,52
DA:45,1
DA:56,26
DA:57,26
DA:61,26
DA:62,13
DA:65,13
DA:67,12
DA:70,1
DA:78,25
DA:89,2
DA:91,2
DA:101,4
DA:102,4
DA:103,4
DA:104,4
DA:106,4
DA:112,4
DA:113,1
DA:117,1
DA:121,3
DA:122,2
DA:124,1
DA:130,1
DA:132,2
DA:138,2
DA:154,2
DA:159,2
DA:160,2
DA:161,2
DA:163,2
DA:171,2
DA:173,1
DA:179,1
DA:181,1
DA:188,1
DA:193,1
DA:204,3
DA:205,3
DA:206,3
DA:207,3
DA:209,3
DA:215,3
DA:216,1
DA:220,1
DA:224,2
DA:226,1
DA:232,1
DA:234,1
DA:241,1
DA:257,2
DA:262,2
DA:263,2
DA:264,2
DA:266,2
DA:274,2
DA:276,1
DA:282,1
DA:284,1
DA:291,1
DA:296,1
DA:308,2
DA:313,2
DA:314,2
DA:315,2
DA:317,2
DA:322,2
DA:323,1
DA:326,1
DA:331,1
DA:333,1
DA:337,1
DA:344,1
DA:349,1
DA:361,4
DA:366,4
DA:367,4
DA:368,4
DA:370,4
DA:375,4
DA:376,4
DA:379,4
DA:380,3
DA:382,3
DA:383,3
DA:386,4
DA:391,3
DA:397,2
DA:403,2
DA:405,2
DA:413,2
DA:418,2
DA:430,0
DA:431,0
DA:432,0
DA:433,0
DA:435,0
DA:436,0
DA:437,0
DA:439,0
DA:440,0
DA:445,0
DA:448,0
DA:452,0
DA:457,0
DA:459,0
DA:461,0
DA:467,0
DA:471,0
DA:477,0
DA:486,0
DA:487,0
DA:488,0
DA:492,0
DA:493,0
DA:495,0
DA:498,0
DA:502,0
DA:505,0
DA:515,9
DA:516,9
DA:517,9
DA:518,9
DA:520,2
DA:521,2
DA:522,2
DA:523,1
DA:527,1
DA:530,1
DA:531,7
DA:533,5
DA:534,5
DA:535,5
DA:536,2
DA:539,2
DA:541,3
DA:543,2
DA:546,2
DA:550,3
DA:554,1
DA:560,1
DA:565,1
DA:576,4
DA:577,4
DA:578,4
DA:579,4
DA:581,4
DA:587,4
DA:588,1
DA:589,1
DA:593,3
DA:595,2
DA:597,1
DA:598,3
DA:601,2
DA:608,2
DA:610,1
DA:618,1
DA:633,3
DA:634,3
DA:635,3
DA:636,3
DA:638,3
DA:641,3
DA:642,1
DA:643,1
DA:647,2
DA:649,1
DA:654,1
DA:656,1
DA:663,1
DA:668,1
DA:679,4
DA:684,4
DA:685,4
DA:686,4
DA:688,4
DA:694,4
DA:695,1
DA:696,1
DA:701,3
DA:703,2
DA:709,2
DA:711,1
DA:719,1
DA:724,1
DA:737,3
DA:744,3
DA:745,3
DA:746,3
DA:747,3
DA:748,3
DA:750,3
DA:756,3
DA:757,1
DA:760,1
DA:765,2
DA:767,1
DA:773,1
DA:775,1
DA:784,1
DA:789,1
DA:800,74
DA:804,0
DA:807,74
DA:809,74
DA:810,74
DA:812,74
DA:823,74
DA:828,74
DA:834,0
DA:850,14
DA:852,14
DA:853,14
DA:860,0
DA:865,0
DA:870,0
DA:871,0
DA:872,0
DA:874,0
DA:887,1
DA:888,0
DA:890,0
DA:891,0
DA:893,0
DA:898,0
DA:909,3
DA:910,3
DA:911,3
DA:912,2
DA:916,1
DA:923,1
LF:243
LH:203
BRDA:29,0,0,0
BRDA:31,1,0,1
BRDA:31,1,1,52
BRDA:34,2,0,52
BRDA:34,2,1,1
BRDA:41,3,0,52
BRDA:41,3,1,2
BRDA:44,4,0,52
BRDA:44,4,1,2
BRDA:61,5,0,13
BRDA:61,5,1,12
BRDA:112,6,0,1
BRDA:112,6,1,3
BRDA:183,7,0,1
BRDA:183,7,1,0
BRDA:189,8,0,1
BRDA:189,8,1,0
BRDA:215,9,0,1
BRDA:215,9,1,2
BRDA:235,10,0,1
BRDA:235,10,1,0
BRDA:242,11,0,1
BRDA:242,11,1,0
BRDA:286,12,0,1
BRDA:286,12,1,0
BRDA:292,13,0,1
BRDA:292,13,1,0
BRDA:339,14,0,1
BRDA:339,14,1,0
BRDA:345,15,0,1
BRDA:345,15,1,0
BRDA:379,16,0,3
BRDA:379,16,1,1
BRDA:403,17,0,1
BRDA:403,17,1,1
BRDA:407,18,0,2
BRDA:407,18,1,0
BRDA:414,19,0,2
BRDA:414,19,1,0
BRDA:429,20,0,0
BRDA:435,21,0,0
BRDA:436,22,0,0
BRDA:436,22,1,0
BRDA:439,23,0,0
BRDA:439,23,1,0
BRDA:461,24,0,0
BRDA:461,24,1,0
BRDA:486,25,0,0
BRDA:486,25,1,0
BRDA:487,26,0,0
BRDA:487,26,1,0
BRDA:487,27,0,0
BRDA:487,27,1,0
BRDA:518,28,0,2
BRDA:518,28,1,7
BRDA:522,29,0,1
BRDA:522,29,1,1
BRDA:531,30,0,5
BRDA:531,30,1,2
BRDA:535,31,0,2
BRDA:535,31,1,3
BRDA:535,32,0,5
BRDA:535,32,1,4
BRDA:554,33,0,1
BRDA:554,33,1,1
BRDA:555,34,0,0
BRDA:555,34,1,1
BRDA:557,35,0,1
BRDA:557,35,1,0
BRDA:575,36,0,3
BRDA:587,37,0,1
BRDA:587,37,1,3
BRDA:595,38,0,1
BRDA:595,38,1,1
BRDA:612,39,0,1
BRDA:612,39,1,0
BRDA:619,40,0,1
BRDA:619,40,1,0
BRDA:641,41,0,1
BRDA:641,41,1,2
BRDA:658,42,0,1
BRDA:658,42,1,0
BRDA:664,43,0,1
BRDA:664,43,1,0
BRDA:678,44,0,2
BRDA:694,45,0,1
BRDA:694,45,1,3
BRDA:713,46,0,1
BRDA:713,46,1,0
BRDA:720,47,0,1
BRDA:720,47,1,0
BRDA:756,48,0,1
BRDA:756,48,1,2
BRDA:778,49,0,1
BRDA:778,49,1,0
BRDA:779,50,0,1
BRDA:779,50,1,0
BRDA:785,51,0,1
BRDA:785,51,1,0
BRDA:785,52,0,1
BRDA:785,52,1,0
BRDA:800,53,0,0
BRDA:800,53,1,74
BRDA:801,54,0,74
BRDA:801,54,1,74
BRDA:849,55,0,0
BRDA:852,56,0,14
BRDA:852,56,1,0
BRDA:852,57,0,14
BRDA:852,57,1,14
BRDA:865,58,0,0
BRDA:865,58,1,0
BRDA:866,59,0,0
BRDA:866,59,1,0
BRDA:866,59,2,0
BRDA:871,60,0,0
BRDA:871,60,1,0
BRDA:887,61,0,0
BRDA:887,61,1,1
BRF:119
BRH:71
end_of_record
TN:
SF:src\lib\utils\validator.js
FN:17,(anonymous_0)
FN:29,(anonymous_1)
FNF:2
FNH:2
FNDA:7,(anonymous_0)
FNDA:9,(anonymous_1)
DA:30,9
DA:31,4
DA:35,5
DA:43,1
LF:4
LH:4
BRDA:17,0,0,7
BRDA:30,1,0,4
BRDA:30,1,1,5
BRF:3
BRH:3
end_of_record
